[0.067s] DEBUG:colcon:Command line arguments: ['/usr/bin/colcon', 'build', '--packages-select', 'cubemars_v1_cpp']
[0.067s] DEBUG:colcon:Parsed command line arguments: Namespace(log_base=None, log_level=None, verb_name='build', build_base='build', install_base='install', merge_install=False, symlink_install=False, test_result_base=None, continue_on_error=False, executor='parallel', parallel_workers=20, event_handlers=None, ignore_user_meta=False, metas=['./colcon.meta'], base_paths=['.'], packages_ignore=None, packages_ignore_regex=None, paths=None, packages_up_to=None, packages_up_to_regex=None, packages_above=None, packages_above_and_dependencies=None, packages_above_depth=None, packages_select_by_dep=None, packages_skip_by_dep=None, packages_skip_up_to=None, packages_select_build_failed=False, packages_skip_build_finished=False, packages_select_test_failures=False, packages_skip_test_passed=False, packages_select=['cubemars_v1_cpp'], packages_skip=None, packages_select_regex=None, packages_skip_regex=None, packages_start=None, packages_end=None, allow_overriding=[], cmake_args=None, cmake_target=None, cmake_target_skip_unavailable=False, cmake_clean_cache=False, cmake_clean_first=False, cmake_force_configure=False, ament_cmake_args=None, catkin_cmake_args=None, catkin_skip_building_tests=False, verb_parser=<colcon_defaults.argument_parser.defaults.DefaultArgumentsDecorator object at 0x7afce1c83eb0>, verb_extension=<colcon_core.verb.build.BuildVerb object at 0x7afce1dad840>, main=<bound method BuildVerb.main of <colcon_core.verb.build.BuildVerb object at 0x7afce1dad840>>)
[0.093s] Level 1:colcon.colcon_core.package_discovery:discover_packages(colcon_meta) check parameters
[0.093s] Level 1:colcon.colcon_core.package_discovery:discover_packages(recursive) check parameters
[0.093s] Level 1:colcon.colcon_core.package_discovery:discover_packages(ignore) check parameters
[0.093s] Level 1:colcon.colcon_core.package_discovery:discover_packages(path) check parameters
[0.093s] Level 1:colcon.colcon_core.package_discovery:discover_packages(colcon_meta) discover
[0.093s] Level 1:colcon.colcon_core.package_discovery:discover_packages(recursive) discover
[0.093s] INFO:colcon.colcon_core.package_discovery:Crawling recursively for packages in '/home/rhitam/exoskeleton-v1'
[0.093s] Level 1:colcon.colcon_core.package_identification:_identify(.) by extensions ['ignore', 'ignore_ament_install']
[0.093s] Level 1:colcon.colcon_core.package_identification:_identify(.) by extension 'ignore'
[0.093s] Level 1:colcon.colcon_core.package_identification:_identify(.) by extension 'ignore_ament_install'
[0.093s] Level 1:colcon.colcon_core.package_identification:_identify(.) by extensions ['colcon_pkg']
[0.093s] Level 1:colcon.colcon_core.package_identification:_identify(.) by extension 'colcon_pkg'
[0.093s] Level 1:colcon.colcon_core.package_identification:_identify(.) by extensions ['colcon_meta']
[0.093s] Level 1:colcon.colcon_core.package_identification:_identify(.) by extension 'colcon_meta'
[0.093s] Level 1:colcon.colcon_core.package_identification:_identify(.) by extensions ['ros']
[0.093s] Level 1:colcon.colcon_core.package_identification:_identify(.) by extension 'ros'
[0.103s] Level 1:colcon.colcon_core.package_identification:_identify(.) by extensions ['cmake', 'python']
[0.103s] Level 1:colcon.colcon_core.package_identification:_identify(.) by extension 'cmake'
[0.103s] Level 1:colcon.colcon_core.package_identification:_identify(.) by extension 'python'
[0.103s] Level 1:colcon.colcon_core.package_identification:_identify(.) by extensions ['python_setup_py']
[0.103s] Level 1:colcon.colcon_core.package_identification:_identify(.) by extension 'python_setup_py'
[0.103s] Level 1:colcon.colcon_core.package_identification:_identify(build) by extensions ['ignore', 'ignore_ament_install']
[0.103s] Level 1:colcon.colcon_core.package_identification:_identify(build) by extension 'ignore'
[0.103s] Level 1:colcon.colcon_core.package_identification:_identify(build) ignored
[0.103s] Level 1:colcon.colcon_core.package_identification:_identify(install) by extensions ['ignore', 'ignore_ament_install']
[0.103s] Level 1:colcon.colcon_core.package_identification:_identify(install) by extension 'ignore'
[0.103s] Level 1:colcon.colcon_core.package_identification:_identify(install) ignored
[0.103s] Level 1:colcon.colcon_core.package_identification:_identify(log) by extensions ['ignore', 'ignore_ament_install']
[0.103s] Level 1:colcon.colcon_core.package_identification:_identify(log) by extension 'ignore'
[0.103s] Level 1:colcon.colcon_core.package_identification:_identify(log) ignored
[0.103s] Level 1:colcon.colcon_core.package_identification:_identify(logs) by extensions ['ignore', 'ignore_ament_install']
[0.103s] Level 1:colcon.colcon_core.package_identification:_identify(logs) by extension 'ignore'
[0.103s] Level 1:colcon.colcon_core.package_identification:_identify(logs) by extension 'ignore_ament_install'
[0.103s] Level 1:colcon.colcon_core.package_identification:_identify(logs) by extensions ['colcon_pkg']
[0.103s] Level 1:colcon.colcon_core.package_identification:_identify(logs) by extension 'colcon_pkg'
[0.103s] Level 1:colcon.colcon_core.package_identification:_identify(logs) by extensions ['colcon_meta']
[0.103s] Level 1:colcon.colcon_core.package_identification:_identify(logs) by extension 'colcon_meta'
[0.103s] Level 1:colcon.colcon_core.package_identification:_identify(logs) by extensions ['ros']
[0.103s] Level 1:colcon.colcon_core.package_identification:_identify(logs) by extension 'ros'
[0.103s] Level 1:colcon.colcon_core.package_identification:_identify(logs) by extensions ['cmake', 'python']
[0.103s] Level 1:colcon.colcon_core.package_identification:_identify(logs) by extension 'cmake'
[0.103s] Level 1:colcon.colcon_core.package_identification:_identify(logs) by extension 'python'
[0.103s] Level 1:colcon.colcon_core.package_identification:_identify(logs) by extensions ['python_setup_py']
[0.103s] Level 1:colcon.colcon_core.package_identification:_identify(logs) by extension 'python_setup_py'
[0.103s] Level 1:colcon.colcon_core.package_identification:_identify(logs/hip) by extensions ['ignore', 'ignore_ament_install']
[0.104s] Level 1:colcon.colcon_core.package_identification:_identify(logs/hip) by extension 'ignore'
[0.104s] Level 1:colcon.colcon_core.package_identification:_identify(logs/hip) by extension 'ignore_ament_install'
[0.104s] Level 1:colcon.colcon_core.package_identification:_identify(logs/hip) by extensions ['colcon_pkg']
[0.104s] Level 1:colcon.colcon_core.package_identification:_identify(logs/hip) by extension 'colcon_pkg'
[0.104s] Level 1:colcon.colcon_core.package_identification:_identify(logs/hip) by extensions ['colcon_meta']
[0.104s] Level 1:colcon.colcon_core.package_identification:_identify(logs/hip) by extension 'colcon_meta'
[0.104s] Level 1:colcon.colcon_core.package_identification:_identify(logs/hip) by extensions ['ros']
[0.104s] Level 1:colcon.colcon_core.package_identification:_identify(logs/hip) by extension 'ros'
[0.104s] Level 1:colcon.colcon_core.package_identification:_identify(logs/hip) by extensions ['cmake', 'python']
[0.104s] Level 1:colcon.colcon_core.package_identification:_identify(logs/hip) by extension 'cmake'
[0.104s] Level 1:colcon.colcon_core.package_identification:_identify(logs/hip) by extension 'python'
[0.104s] Level 1:colcon.colcon_core.package_identification:_identify(logs/hip) by extensions ['python_setup_py']
[0.104s] Level 1:colcon.colcon_core.package_identification:_identify(logs/hip) by extension 'python_setup_py'
[0.104s] Level 1:colcon.colcon_core.package_identification:_identify(logs/hip/hip_run_20260406_142600) by extensions ['ignore', 'ignore_ament_install']
[0.104s] Level 1:colcon.colcon_core.package_identification:_identify(logs/hip/hip_run_20260406_142600) by extension 'ignore'
[0.104s] Level 1:colcon.colcon_core.package_identification:_identify(logs/hip/hip_run_20260406_142600) by extension 'ignore_ament_install'
[0.104s] Level 1:colcon.colcon_core.package_identification:_identify(logs/hip/hip_run_20260406_142600) by extensions ['colcon_pkg']
[0.104s] Level 1:colcon.colcon_core.package_identification:_identify(logs/hip/hip_run_20260406_142600) by extension 'colcon_pkg'
[0.104s] Level 1:colcon.colcon_core.package_identification:_identify(logs/hip/hip_run_20260406_142600) by extensions ['colcon_meta']
[0.104s] Level 1:colcon.colcon_core.package_identification:_identify(logs/hip/hip_run_20260406_142600) by extension 'colcon_meta'
[0.104s] Level 1:colcon.colcon_core.package_identification:_identify(logs/hip/hip_run_20260406_142600) by extensions ['ros']
[0.104s] Level 1:colcon.colcon_core.package_identification:_identify(logs/hip/hip_run_20260406_142600) by extension 'ros'
[0.104s] Level 1:colcon.colcon_core.package_identification:_identify(logs/hip/hip_run_20260406_142600) by extensions ['cmake', 'python']
[0.104s] Level 1:colcon.colcon_core.package_identification:_identify(logs/hip/hip_run_20260406_142600) by extension 'cmake'
[0.104s] Level 1:colcon.colcon_core.package_identification:_identify(logs/hip/hip_run_20260406_142600) by extension 'python'
[0.104s] Level 1:colcon.colcon_core.package_identification:_identify(logs/hip/hip_run_20260406_142600) by extensions ['python_setup_py']
[0.104s] Level 1:colcon.colcon_core.package_identification:_identify(logs/hip/hip_run_20260406_142600) by extension 'python_setup_py'
[0.104s] Level 1:colcon.colcon_core.package_identification:_identify(src) by extensions ['ignore', 'ignore_ament_install']
[0.104s] Level 1:colcon.colcon_core.package_identification:_identify(src) by extension 'ignore'
[0.104s] Level 1:colcon.colcon_core.package_identification:_identify(src) by extension 'ignore_ament_install'
[0.104s] Level 1:colcon.colcon_core.package_identification:_identify(src) by extensions ['colcon_pkg']
[0.104s] Level 1:colcon.colcon_core.package_identification:_identify(src) by extension 'colcon_pkg'
[0.104s] Level 1:colcon.colcon_core.package_identification:_identify(src) by extensions ['colcon_meta']
[0.104s] Level 1:colcon.colcon_core.package_identification:_identify(src) by extension 'colcon_meta'
[0.104s] Level 1:colcon.colcon_core.package_identification:_identify(src) by extensions ['ros']
[0.104s] Level 1:colcon.colcon_core.package_identification:_identify(src) by extension 'ros'
[0.104s] Level 1:colcon.colcon_core.package_identification:_identify(src) by extensions ['cmake', 'python']
[0.104s] Level 1:colcon.colcon_core.package_identification:_identify(src) by extension 'cmake'
[0.104s] Level 1:colcon.colcon_core.package_identification:_identify(src) by extension 'python'
[0.104s] Level 1:colcon.colcon_core.package_identification:_identify(src) by extensions ['python_setup_py']
[0.104s] Level 1:colcon.colcon_core.package_identification:_identify(src) by extension 'python_setup_py'
[0.104s] Level 1:colcon.colcon_core.package_identification:_identify(src/cubemars_v1) by extensions ['ignore', 'ignore_ament_install']
[0.104s] Level 1:colcon.colcon_core.package_identification:_identify(src/cubemars_v1) by extension 'ignore'
[0.104s] Level 1:colcon.colcon_core.package_identification:_identify(src/cubemars_v1) by extension 'ignore_ament_install'
[0.104s] Level 1:colcon.colcon_core.package_identification:_identify(src/cubemars_v1) by extensions ['colcon_pkg']
[0.104s] Level 1:colcon.colcon_core.package_identification:_identify(src/cubemars_v1) by extension 'colcon_pkg'
[0.105s] Level 1:colcon.colcon_core.package_identification:_identify(src/cubemars_v1) by extensions ['colcon_meta']
[0.105s] Level 1:colcon.colcon_core.package_identification:_identify(src/cubemars_v1) by extension 'colcon_meta'
[0.105s] Level 1:colcon.colcon_core.package_identification:_identify(src/cubemars_v1) by extensions ['ros']
[0.105s] Level 1:colcon.colcon_core.package_identification:_identify(src/cubemars_v1) by extension 'ros'
[0.106s] DEBUG:colcon.colcon_core.package_identification:Package 'src/cubemars_v1' with type 'ros.ament_python' and name 'cubemars_v1'
[0.106s] Level 1:colcon.colcon_core.package_identification:_identify(src/cubemars_v1_cpp) by extensions ['ignore', 'ignore_ament_install']
[0.106s] Level 1:colcon.colcon_core.package_identification:_identify(src/cubemars_v1_cpp) by extension 'ignore'
[0.106s] Level 1:colcon.colcon_core.package_identification:_identify(src/cubemars_v1_cpp) by extension 'ignore_ament_install'
[0.106s] Level 1:colcon.colcon_core.package_identification:_identify(src/cubemars_v1_cpp) by extensions ['colcon_pkg']
[0.106s] Level 1:colcon.colcon_core.package_identification:_identify(src/cubemars_v1_cpp) by extension 'colcon_pkg'
[0.106s] Level 1:colcon.colcon_core.package_identification:_identify(src/cubemars_v1_cpp) by extensions ['colcon_meta']
[0.106s] Level 1:colcon.colcon_core.package_identification:_identify(src/cubemars_v1_cpp) by extension 'colcon_meta'
[0.106s] Level 1:colcon.colcon_core.package_identification:_identify(src/cubemars_v1_cpp) by extensions ['ros']
[0.106s] Level 1:colcon.colcon_core.package_identification:_identify(src/cubemars_v1_cpp) by extension 'ros'
[0.107s] DEBUG:colcon.colcon_core.package_identification:Package 'src/cubemars_v1_cpp' with type 'ros.ament_cmake' and name 'cubemars_v1_cpp'
[0.107s] Level 1:colcon.colcon_core.package_identification:_identify(src/nmotion_transport) by extensions ['ignore', 'ignore_ament_install']
[0.107s] Level 1:colcon.colcon_core.package_identification:_identify(src/nmotion_transport) by extension 'ignore'
[0.107s] Level 1:colcon.colcon_core.package_identification:_identify(src/nmotion_transport) by extension 'ignore_ament_install'
[0.107s] Level 1:colcon.colcon_core.package_identification:_identify(src/nmotion_transport) by extensions ['colcon_pkg']
[0.107s] Level 1:colcon.colcon_core.package_identification:_identify(src/nmotion_transport) by extension 'colcon_pkg'
[0.107s] Level 1:colcon.colcon_core.package_identification:_identify(src/nmotion_transport) by extensions ['colcon_meta']
[0.107s] Level 1:colcon.colcon_core.package_identification:_identify(src/nmotion_transport) by extension 'colcon_meta'
[0.107s] Level 1:colcon.colcon_core.package_identification:_identify(src/nmotion_transport) by extensions ['ros']
[0.107s] Level 1:colcon.colcon_core.package_identification:_identify(src/nmotion_transport) by extension 'ros'
[0.107s] DEBUG:colcon.colcon_core.package_identification:Package 'src/nmotion_transport' with type 'ros.ament_python' and name 'nmotion_transport'
[0.108s] Level 1:colcon.colcon_core.package_identification:_identify(src/nmotion_transport_cpp) by extensions ['ignore', 'ignore_ament_install']
[0.108s] Level 1:colcon.colcon_core.package_identification:_identify(src/nmotion_transport_cpp) by extension 'ignore'
[0.108s] Level 1:colcon.colcon_core.package_identification:_identify(src/nmotion_transport_cpp) by extension 'ignore_ament_install'
[0.108s] Level 1:colcon.colcon_core.package_identification:_identify(src/nmotion_transport_cpp) by extensions ['colcon_pkg']
[0.108s] Level 1:colcon.colcon_core.package_identification:_identify(src/nmotion_transport_cpp) by extension 'colcon_pkg'
[0.108s] Level 1:colcon.colcon_core.package_identification:_identify(src/nmotion_transport_cpp) by extensions ['colcon_meta']
[0.108s] Level 1:colcon.colcon_core.package_identification:_identify(src/nmotion_transport_cpp) by extension 'colcon_meta'
[0.108s] Level 1:colcon.colcon_core.package_identification:_identify(src/nmotion_transport_cpp) by extensions ['ros']
[0.108s] Level 1:colcon.colcon_core.package_identification:_identify(src/nmotion_transport_cpp) by extension 'ros'
[0.108s] DEBUG:colcon.colcon_core.package_identification:Package 'src/nmotion_transport_cpp' with type 'ros.ament_cmake' and name 'nmotion_transport_cpp'
[0.108s] Level 1:colcon.colcon_core.package_discovery:discover_packages(recursive) using defaults
[0.108s] Level 1:colcon.colcon_core.package_discovery:discover_packages(ignore) discover
[0.108s] Level 1:colcon.colcon_core.package_discovery:discover_packages(ignore) using defaults
[0.108s] Level 1:colcon.colcon_core.package_discovery:discover_packages(path) discover
[0.108s] Level 1:colcon.colcon_core.package_discovery:discover_packages(path) using defaults
[0.123s] INFO:colcon.colcon_core.package_selection:Skipping not selected package 'cubemars_v1' in 'src/cubemars_v1'
[0.123s] INFO:colcon.colcon_core.package_selection:Skipping not selected package 'nmotion_transport' in 'src/nmotion_transport'
[0.123s] INFO:colcon.colcon_core.package_selection:Skipping not selected package 'nmotion_transport_cpp' in 'src/nmotion_transport_cpp'
[0.123s] Level 1:colcon.colcon_core.package_discovery:discover_packages(prefix_path) check parameters
[0.123s] Level 1:colcon.colcon_core.package_discovery:discover_packages(prefix_path) discover
[0.125s] DEBUG:colcon.colcon_installed_package_information.package_discovery:Found 4 installed packages in /home/rhitam/exoskeleton-v1/install
[0.126s] DEBUG:colcon.colcon_installed_package_information.package_discovery:Found 50 installed packages in /home/rhitam/ros2_ws/install
[0.127s] DEBUG:colcon.colcon_installed_package_information.package_discovery:Found 487 installed packages in /opt/ros/humble
[0.129s] Level 1:colcon.colcon_core.package_discovery:discover_packages(prefix_path) using defaults
[0.166s] Level 5:colcon.colcon_core.verb:set package 'cubemars_v1_cpp' build argument 'cmake_args' from command line to 'None'
[0.167s] Level 5:colcon.colcon_core.verb:set package 'cubemars_v1_cpp' build argument 'cmake_target' from command line to 'None'
[0.167s] Level 5:colcon.colcon_core.verb:set package 'cubemars_v1_cpp' build argument 'cmake_target_skip_unavailable' from command line to 'False'
[0.167s] Level 5:colcon.colcon_core.verb:set package 'cubemars_v1_cpp' build argument 'cmake_clean_cache' from command line to 'False'
[0.167s] Level 5:colcon.colcon_core.verb:set package 'cubemars_v1_cpp' build argument 'cmake_clean_first' from command line to 'False'
[0.167s] Level 5:colcon.colcon_core.verb:set package 'cubemars_v1_cpp' build argument 'cmake_force_configure' from command line to 'False'
[0.167s] Level 5:colcon.colcon_core.verb:set package 'cubemars_v1_cpp' build argument 'ament_cmake_args' from command line to 'None'
[0.167s] Level 5:colcon.colcon_core.verb:set package 'cubemars_v1_cpp' build argument 'catkin_cmake_args' from command line to 'None'
[0.167s] Level 5:colcon.colcon_core.verb:set package 'cubemars_v1_cpp' build argument 'catkin_skip_building_tests' from command line to 'False'
[0.167s] DEBUG:colcon.colcon_core.verb:Building package 'cubemars_v1_cpp' with the following arguments: {'ament_cmake_args': None, 'build_base': '/home/rhitam/exoskeleton-v1/build/cubemars_v1_cpp', 'catkin_cmake_args': None, 'catkin_skip_building_tests': False, 'cmake_args': None, 'cmake_clean_cache': False, 'cmake_clean_first': False, 'cmake_force_configure': False, 'cmake_target': None, 'cmake_target_skip_unavailable': False, 'install_base': '/home/rhitam/exoskeleton-v1/install/cubemars_v1_cpp', 'merge_install': False, 'path': '/home/rhitam/exoskeleton-v1/src/cubemars_v1_cpp', 'symlink_install': False, 'test_result_base': None}
[0.167s] INFO:colcon.colcon_core.executor:Executing jobs using 'parallel' executor
[0.167s] DEBUG:colcon.colcon_parallel_executor.executor.parallel:run_until_complete
[0.167s] INFO:colcon.colcon_ros.task.ament_cmake.build:Building ROS package in '/home/rhitam/exoskeleton-v1/src/cubemars_v1_cpp' with build type 'ament_cmake'
[0.168s] INFO:colcon.colcon_cmake.task.cmake.build:Building CMake package in '/home/rhitam/exoskeleton-v1/src/cubemars_v1_cpp'
[0.169s] INFO:colcon.colcon_core.plugin_system:Skipping extension 'colcon_core.shell.bat': Not used on non-Windows systems
[0.169s] INFO:colcon.colcon_core.shell:Skip shell extension 'powershell' for command environment: Not usable outside of PowerShell
[0.169s] DEBUG:colcon.colcon_core.shell:Skip shell extension 'dsv' for command environment
[0.181s] DEBUG:colcon.colcon_core.event_handler.log_command:Invoking command in '/home/rhitam/exoskeleton-v1/build/cubemars_v1_cpp': AMENT_PREFIX_PATH=/home/rhitam/exoskeleton-v1/install/nmotion_transport_cpp:${AMENT_PREFIX_PATH} CMAKE_PREFIX_PATH=/home/rhitam/exoskeleton-v1/install/nmotion_transport_cpp:/home/rhitam/ros2_ws/install/zed_ros2:/home/rhitam/ros2_ws/install/zed_robot_integration:/home/rhitam/ros2_ws/install/zed_ipc:/home/rhitam/ros2_ws/install/zed_multi_camera:/home/rhitam/ros2_ws/install/zed_display_rviz2:/home/rhitam/ros2_ws/install/zed_depth_to_laserscan:/home/rhitam/ros2_ws/install/zed_wrapper:/home/rhitam/ros2_ws/install/zed_tutorial_video:/home/rhitam/ros2_ws/install/zed_tutorial_pos_tracking:/home/rhitam/ros2_ws/install/zed_tutorial_depth:/home/rhitam/ros2_ws/install/zed_topic_benchmark:/home/rhitam/ros2_ws/install/zed_topic_benchmark_component:/home/rhitam/ros2_ws/install/zed_topic_benchmark_interfaces:/home/rhitam/ros2_ws/install/zed_rgb_convert:/home/rhitam/ros2_ws/install/zed_aruco_localization:/home/rhitam/ros2_ws/install/zed_components:/home/rhitam/ros2_ws/install/xacro:/home/rhitam/ros2_ws/install/tortoisebot_slam:/home/rhitam/ros2_ws/install/tortoisebot_navigation:/home/rhitam/ros2_ws/install/tortoisebot_gazebo:/home/rhitam/ros2_ws/install/tortoisebot_description:/home/rhitam/ros2_ws/install/tortoisebot_bringup:/home/rhitam/ros2_ws/install/diagnostics:/home/rhitam/ros2_ws/install/self_test:/home/rhitam/ros2_ws/install/rviz_plugin_zed_od:/home/rhitam/ros2_ws/install/rplidar_ros:/home/rhitam/ros2_ws/install/rosbridge_test_msgs:/home/rhitam/ros2_ws/install/rosbridge_suite:/home/rhitam/ros2_ws/install/rosbridge_server:/home/rhitam/ros2_ws/install/rosbridge_msgs:/home/rhitam/ros2_ws/install/rosapi:/home/rhitam/ros2_ws/install/rosbridge_library:/home/rhitam/ros2_ws/install/rosapi_msgs:/home/rhitam/ros2_ws/install/robot_localization:/home/rhitam/ros2_ws/install/nmea_msgs:/home/rhitam/ros2_ws/install/my_robot_navigation:/home/rhitam/exoskeleton-v1/install/nmotion_transport:/home/rhitam/exoskeleton-v1/install/cubemars_v1:/home/rhitam/ros2_ws/install/wit_ros2_imu:/home/rhitam/ros2_ws/install/my_robot:/home/rhitam/ros2_ws/install/my_package:/home/rhitam/ros2_ws/install/jsl:/home/rhitam/ros2_ws/install/encoder:/opt/ros/humble:/home/rhitam/ros2_ws/install/my_robot_description:/home/rhitam/ros2_ws/install/geographic_info:/home/rhitam/ros2_ws/install/geodesy:/home/rhitam/ros2_ws/install/geographic_msgs:/home/rhitam/ros2_ws/install/diagnostic_common_diagnostics:/home/rhitam/ros2_ws/install/diagnostic_updater:/home/rhitam/ros2_ws/install/diagnostic_remote_logging:/home/rhitam/ros2_ws/install/diagnostic_aggregator:/home/rhitam/ros2_ws/install/angles LD_LIBRARY_PATH=/home/rhitam/exoskeleton-v1/install/nmotion_transport_cpp/lib:${LD_LIBRARY_PATH} /usr/bin/cmake --build /home/rhitam/exoskeleton-v1/build/cubemars_v1_cpp -- -j20 -l20
[4.107s] DEBUG:colcon.colcon_core.event_handler.log_command:Invoked command in '/home/rhitam/exoskeleton-v1/build/cubemars_v1_cpp' returned '0': AMENT_PREFIX_PATH=/home/rhitam/exoskeleton-v1/install/nmotion_transport_cpp:${AMENT_PREFIX_PATH} CMAKE_PREFIX_PATH=/home/rhitam/exoskeleton-v1/install/nmotion_transport_cpp:/home/rhitam/ros2_ws/install/zed_ros2:/home/rhitam/ros2_ws/install/zed_robot_integration:/home/rhitam/ros2_ws/install/zed_ipc:/home/rhitam/ros2_ws/install/zed_multi_camera:/home/rhitam/ros2_ws/install/zed_display_rviz2:/home/rhitam/ros2_ws/install/zed_depth_to_laserscan:/home/rhitam/ros2_ws/install/zed_wrapper:/home/rhitam/ros2_ws/install/zed_tutorial_video:/home/rhitam/ros2_ws/install/zed_tutorial_pos_tracking:/home/rhitam/ros2_ws/install/zed_tutorial_depth:/home/rhitam/ros2_ws/install/zed_topic_benchmark:/home/rhitam/ros2_ws/install/zed_topic_benchmark_component:/home/rhitam/ros2_ws/install/zed_topic_benchmark_interfaces:/home/rhitam/ros2_ws/install/zed_rgb_convert:/home/rhitam/ros2_ws/install/zed_aruco_localization:/home/rhitam/ros2_ws/install/zed_components:/home/rhitam/ros2_ws/install/xacro:/home/rhitam/ros2_ws/install/tortoisebot_slam:/home/rhitam/ros2_ws/install/tortoisebot_navigation:/home/rhitam/ros2_ws/install/tortoisebot_gazebo:/home/rhitam/ros2_ws/install/tortoisebot_description:/home/rhitam/ros2_ws/install/tortoisebot_bringup:/home/rhitam/ros2_ws/install/diagnostics:/home/rhitam/ros2_ws/install/self_test:/home/rhitam/ros2_ws/install/rviz_plugin_zed_od:/home/rhitam/ros2_ws/install/rplidar_ros:/home/rhitam/ros2_ws/install/rosbridge_test_msgs:/home/rhitam/ros2_ws/install/rosbridge_suite:/home/rhitam/ros2_ws/install/rosbridge_server:/home/rhitam/ros2_ws/install/rosbridge_msgs:/home/rhitam/ros2_ws/install/rosapi:/home/rhitam/ros2_ws/install/rosbridge_library:/home/rhitam/ros2_ws/install/rosapi_msgs:/home/rhitam/ros2_ws/install/robot_localization:/home/rhitam/ros2_ws/install/nmea_msgs:/home/rhitam/ros2_ws/install/my_robot_navigation:/home/rhitam/exoskeleton-v1/install/nmotion_transport:/home/rhitam/exoskeleton-v1/install/cubemars_v1:/home/rhitam/ros2_ws/install/wit_ros2_imu:/home/rhitam/ros2_ws/install/my_robot:/home/rhitam/ros2_ws/install/my_package:/home/rhitam/ros2_ws/install/jsl:/home/rhitam/ros2_ws/install/encoder:/opt/ros/humble:/home/rhitam/ros2_ws/install/my_robot_description:/home/rhitam/ros2_ws/install/geographic_info:/home/rhitam/ros2_ws/install/geodesy:/home/rhitam/ros2_ws/install/geographic_msgs:/home/rhitam/ros2_ws/install/diagnostic_common_diagnostics:/home/rhitam/ros2_ws/install/diagnostic_updater:/home/rhitam/ros2_ws/install/diagnostic_remote_logging:/home/rhitam/ros2_ws/install/diagnostic_aggregator:/home/rhitam/ros2_ws/install/angles LD_LIBRARY_PATH=/home/rhitam/exoskeleton-v1/install/nmotion_transport_cpp/lib:${LD_LIBRARY_PATH} /usr/bin/cmake --build /home/rhitam/exoskeleton-v1/build/cubemars_v1_cpp -- -j20 -l20
[4.114s] DEBUG:colcon.colcon_core.event_handler.log_command:Invoking command in '/home/rhitam/exoskeleton-v1/build/cubemars_v1_cpp': AMENT_PREFIX_PATH=/home/rhitam/exoskeleton-v1/install/nmotion_transport_cpp:${AMENT_PREFIX_PATH} CMAKE_PREFIX_PATH=/home/rhitam/exoskeleton-v1/install/nmotion_transport_cpp:/home/rhitam/ros2_ws/install/zed_ros2:/home/rhitam/ros2_ws/install/zed_robot_integration:/home/rhitam/ros2_ws/install/zed_ipc:/home/rhitam/ros2_ws/install/zed_multi_camera:/home/rhitam/ros2_ws/install/zed_display_rviz2:/home/rhitam/ros2_ws/install/zed_depth_to_laserscan:/home/rhitam/ros2_ws/install/zed_wrapper:/home/rhitam/ros2_ws/install/zed_tutorial_video:/home/rhitam/ros2_ws/install/zed_tutorial_pos_tracking:/home/rhitam/ros2_ws/install/zed_tutorial_depth:/home/rhitam/ros2_ws/install/zed_topic_benchmark:/home/rhitam/ros2_ws/install/zed_topic_benchmark_component:/home/rhitam/ros2_ws/install/zed_topic_benchmark_interfaces:/home/rhitam/ros2_ws/install/zed_rgb_convert:/home/rhitam/ros2_ws/install/zed_aruco_localization:/home/rhitam/ros2_ws/install/zed_components:/home/rhitam/ros2_ws/install/xacro:/home/rhitam/ros2_ws/install/tortoisebot_slam:/home/rhitam/ros2_ws/install/tortoisebot_navigation:/home/rhitam/ros2_ws/install/tortoisebot_gazebo:/home/rhitam/ros2_ws/install/tortoisebot_description:/home/rhitam/ros2_ws/install/tortoisebot_bringup:/home/rhitam/ros2_ws/install/diagnostics:/home/rhitam/ros2_ws/install/self_test:/home/rhitam/ros2_ws/install/rviz_plugin_zed_od:/home/rhitam/ros2_ws/install/rplidar_ros:/home/rhitam/ros2_ws/install/rosbridge_test_msgs:/home/rhitam/ros2_ws/install/rosbridge_suite:/home/rhitam/ros2_ws/install/rosbridge_server:/home/rhitam/ros2_ws/install/rosbridge_msgs:/home/rhitam/ros2_ws/install/rosapi:/home/rhitam/ros2_ws/install/rosbridge_library:/home/rhitam/ros2_ws/install/rosapi_msgs:/home/rhitam/ros2_ws/install/robot_localization:/home/rhitam/ros2_ws/install/nmea_msgs:/home/rhitam/ros2_ws/install/my_robot_navigation:/home/rhitam/exoskeleton-v1/install/nmotion_transport:/home/rhitam/exoskeleton-v1/install/cubemars_v1:/home/rhitam/ros2_ws/install/wit_ros2_imu:/home/rhitam/ros2_ws/install/my_robot:/home/rhitam/ros2_ws/install/my_package:/home/rhitam/ros2_ws/install/jsl:/home/rhitam/ros2_ws/install/encoder:/opt/ros/humble:/home/rhitam/ros2_ws/install/my_robot_description:/home/rhitam/ros2_ws/install/geographic_info:/home/rhitam/ros2_ws/install/geodesy:/home/rhitam/ros2_ws/install/geographic_msgs:/home/rhitam/ros2_ws/install/diagnostic_common_diagnostics:/home/rhitam/ros2_ws/install/diagnostic_updater:/home/rhitam/ros2_ws/install/diagnostic_remote_logging:/home/rhitam/ros2_ws/install/diagnostic_aggregator:/home/rhitam/ros2_ws/install/angles LD_LIBRARY_PATH=/home/rhitam/exoskeleton-v1/install/nmotion_transport_cpp/lib:${LD_LIBRARY_PATH} /usr/bin/cmake --install /home/rhitam/exoskeleton-v1/build/cubemars_v1_cpp
[4.125s] Level 1:colcon.colcon_core.environment:create_environment_scripts_only(cubemars_v1_cpp)
[4.125s] DEBUG:colcon.colcon_core.event_handler.log_command:Invoked command in '/home/rhitam/exoskeleton-v1/build/cubemars_v1_cpp' returned '0': AMENT_PREFIX_PATH=/home/rhitam/exoskeleton-v1/install/nmotion_transport_cpp:${AMENT_PREFIX_PATH} CMAKE_PREFIX_PATH=/home/rhitam/exoskeleton-v1/install/nmotion_transport_cpp:/home/rhitam/ros2_ws/install/zed_ros2:/home/rhitam/ros2_ws/install/zed_robot_integration:/home/rhitam/ros2_ws/install/zed_ipc:/home/rhitam/ros2_ws/install/zed_multi_camera:/home/rhitam/ros2_ws/install/zed_display_rviz2:/home/rhitam/ros2_ws/install/zed_depth_to_laserscan:/home/rhitam/ros2_ws/install/zed_wrapper:/home/rhitam/ros2_ws/install/zed_tutorial_video:/home/rhitam/ros2_ws/install/zed_tutorial_pos_tracking:/home/rhitam/ros2_ws/install/zed_tutorial_depth:/home/rhitam/ros2_ws/install/zed_topic_benchmark:/home/rhitam/ros2_ws/install/zed_topic_benchmark_component:/home/rhitam/ros2_ws/install/zed_topic_benchmark_interfaces:/home/rhitam/ros2_ws/install/zed_rgb_convert:/home/rhitam/ros2_ws/install/zed_aruco_localization:/home/rhitam/ros2_ws/install/zed_components:/home/rhitam/ros2_ws/install/xacro:/home/rhitam/ros2_ws/install/tortoisebot_slam:/home/rhitam/ros2_ws/install/tortoisebot_navigation:/home/rhitam/ros2_ws/install/tortoisebot_gazebo:/home/rhitam/ros2_ws/install/tortoisebot_description:/home/rhitam/ros2_ws/install/tortoisebot_bringup:/home/rhitam/ros2_ws/install/diagnostics:/home/rhitam/ros2_ws/install/self_test:/home/rhitam/ros2_ws/install/rviz_plugin_zed_od:/home/rhitam/ros2_ws/install/rplidar_ros:/home/rhitam/ros2_ws/install/rosbridge_test_msgs:/home/rhitam/ros2_ws/install/rosbridge_suite:/home/rhitam/ros2_ws/install/rosbridge_server:/home/rhitam/ros2_ws/install/rosbridge_msgs:/home/rhitam/ros2_ws/install/rosapi:/home/rhitam/ros2_ws/install/rosbridge_library:/home/rhitam/ros2_ws/install/rosapi_msgs:/home/rhitam/ros2_ws/install/robot_localization:/home/rhitam/ros2_ws/install/nmea_msgs:/home/rhitam/ros2_ws/install/my_robot_navigation:/home/rhitam/exoskeleton-v1/install/nmotion_transport:/home/rhitam/exoskeleton-v1/install/cubemars_v1:/home/rhitam/ros2_ws/install/wit_ros2_imu:/home/rhitam/ros2_ws/install/my_robot:/home/rhitam/ros2_ws/install/my_package:/home/rhitam/ros2_ws/install/jsl:/home/rhitam/ros2_ws/install/encoder:/opt/ros/humble:/home/rhitam/ros2_ws/install/my_robot_description:/home/rhitam/ros2_ws/install/geographic_info:/home/rhitam/ros2_ws/install/geodesy:/home/rhitam/ros2_ws/install/geographic_msgs:/home/rhitam/ros2_ws/install/diagnostic_common_diagnostics:/home/rhitam/ros2_ws/install/diagnostic_updater:/home/rhitam/ros2_ws/install/diagnostic_remote_logging:/home/rhitam/ros2_ws/install/diagnostic_aggregator:/home/rhitam/ros2_ws/install/angles LD_LIBRARY_PATH=/home/rhitam/exoskeleton-v1/install/nmotion_transport_cpp/lib:${LD_LIBRARY_PATH} /usr/bin/cmake --install /home/rhitam/exoskeleton-v1/build/cubemars_v1_cpp
[4.127s] Level 1:colcon.colcon_core.environment:checking '/home/rhitam/exoskeleton-v1/install/cubemars_v1_cpp' for CMake module files
[4.127s] Level 1:colcon.colcon_core.environment:checking '/home/rhitam/exoskeleton-v1/install/cubemars_v1_cpp' for CMake config files
[4.127s] Level 1:colcon.colcon_core.shell:create_environment_hook('cubemars_v1_cpp', 'cmake_prefix_path')
[4.128s] INFO:colcon.colcon_core.shell:Creating environment hook '/home/rhitam/exoskeleton-v1/install/cubemars_v1_cpp/share/cubemars_v1_cpp/hook/cmake_prefix_path.ps1'
[4.128s] INFO:colcon.colcon_core.shell:Creating environment descriptor '/home/rhitam/exoskeleton-v1/install/cubemars_v1_cpp/share/cubemars_v1_cpp/hook/cmake_prefix_path.dsv'
[4.128s] INFO:colcon.colcon_core.shell:Creating environment hook '/home/rhitam/exoskeleton-v1/install/cubemars_v1_cpp/share/cubemars_v1_cpp/hook/cmake_prefix_path.sh'
[4.129s] Level 1:colcon.colcon_core.environment:checking '/home/rhitam/exoskeleton-v1/install/cubemars_v1_cpp/lib'
[4.129s] Level 1:colcon.colcon_core.environment:checking '/home/rhitam/exoskeleton-v1/install/cubemars_v1_cpp/bin'
[4.129s] Level 1:colcon.colcon_core.environment:checking '/home/rhitam/exoskeleton-v1/install/cubemars_v1_cpp/lib/pkgconfig/cubemars_v1_cpp.pc'
[4.129s] Level 1:colcon.colcon_core.environment:checking '/home/rhitam/exoskeleton-v1/install/cubemars_v1_cpp/lib/python3.10/site-packages'
[4.129s] Level 1:colcon.colcon_core.environment:checking '/home/rhitam/exoskeleton-v1/install/cubemars_v1_cpp/bin'
[4.129s] INFO:colcon.colcon_core.shell:Creating package script '/home/rhitam/exoskeleton-v1/install/cubemars_v1_cpp/share/cubemars_v1_cpp/package.ps1'
[4.130s] INFO:colcon.colcon_core.shell:Creating package descriptor '/home/rhitam/exoskeleton-v1/install/cubemars_v1_cpp/share/cubemars_v1_cpp/package.dsv'
[4.130s] INFO:colcon.colcon_core.shell:Creating package script '/home/rhitam/exoskeleton-v1/install/cubemars_v1_cpp/share/cubemars_v1_cpp/package.sh'
[4.131s] INFO:colcon.colcon_core.shell:Creating package script '/home/rhitam/exoskeleton-v1/install/cubemars_v1_cpp/share/cubemars_v1_cpp/package.bash'
[4.131s] INFO:colcon.colcon_core.shell:Creating package script '/home/rhitam/exoskeleton-v1/install/cubemars_v1_cpp/share/cubemars_v1_cpp/package.zsh'
[4.131s] Level 1:colcon.colcon_core.environment:create_file_with_runtime_dependencies(/home/rhitam/exoskeleton-v1/install/cubemars_v1_cpp/share/colcon-core/packages/cubemars_v1_cpp)
[4.132s] Level 1:colcon.colcon_core.environment:create_environment_scripts_only(cubemars_v1_cpp)
[4.132s] Level 1:colcon.colcon_core.environment:checking '/home/rhitam/exoskeleton-v1/install/cubemars_v1_cpp' for CMake module files
[4.132s] Level 1:colcon.colcon_core.environment:checking '/home/rhitam/exoskeleton-v1/install/cubemars_v1_cpp' for CMake config files
[4.132s] Level 1:colcon.colcon_core.shell:create_environment_hook('cubemars_v1_cpp', 'cmake_prefix_path')
[4.133s] INFO:colcon.colcon_core.shell:Creating environment hook '/home/rhitam/exoskeleton-v1/install/cubemars_v1_cpp/share/cubemars_v1_cpp/hook/cmake_prefix_path.ps1'
[4.133s] INFO:colcon.colcon_core.shell:Creating environment descriptor '/home/rhitam/exoskeleton-v1/install/cubemars_v1_cpp/share/cubemars_v1_cpp/hook/cmake_prefix_path.dsv'
[4.133s] INFO:colcon.colcon_core.shell:Creating environment hook '/home/rhitam/exoskeleton-v1/install/cubemars_v1_cpp/share/cubemars_v1_cpp/hook/cmake_prefix_path.sh'
[4.133s] Level 1:colcon.colcon_core.environment:checking '/home/rhitam/exoskeleton-v1/install/cubemars_v1_cpp/lib'
[4.133s] Level 1:colcon.colcon_core.environment:checking '/home/rhitam/exoskeleton-v1/install/cubemars_v1_cpp/bin'
[4.133s] Level 1:colcon.colcon_core.environment:checking '/home/rhitam/exoskeleton-v1/install/cubemars_v1_cpp/lib/pkgconfig/cubemars_v1_cpp.pc'
[4.134s] Level 1:colcon.colcon_core.environment:checking '/home/rhitam/exoskeleton-v1/install/cubemars_v1_cpp/lib/python3.10/site-packages'
[4.134s] Level 1:colcon.colcon_core.environment:checking '/home/rhitam/exoskeleton-v1/install/cubemars_v1_cpp/bin'
[4.134s] INFO:colcon.colcon_core.shell:Creating package script '/home/rhitam/exoskeleton-v1/install/cubemars_v1_cpp/share/cubemars_v1_cpp/package.ps1'
[4.134s] INFO:colcon.colcon_core.shell:Creating package descriptor '/home/rhitam/exoskeleton-v1/install/cubemars_v1_cpp/share/cubemars_v1_cpp/package.dsv'
[4.135s] INFO:colcon.colcon_core.shell:Creating package script '/home/rhitam/exoskeleton-v1/install/cubemars_v1_cpp/share/cubemars_v1_cpp/package.sh'
[4.135s] INFO:colcon.colcon_core.shell:Creating package script '/home/rhitam/exoskeleton-v1/install/cubemars_v1_cpp/share/cubemars_v1_cpp/package.bash'
[4.135s] INFO:colcon.colcon_core.shell:Creating package script '/home/rhitam/exoskeleton-v1/install/cubemars_v1_cpp/share/cubemars_v1_cpp/package.zsh'
[4.135s] Level 1:colcon.colcon_core.environment:create_file_with_runtime_dependencies(/home/rhitam/exoskeleton-v1/install/cubemars_v1_cpp/share/colcon-core/packages/cubemars_v1_cpp)
[4.135s] DEBUG:colcon.colcon_parallel_executor.executor.parallel:closing loop
[4.136s] DEBUG:colcon.colcon_parallel_executor.executor.parallel:loop closed
[4.136s] DEBUG:colcon.colcon_parallel_executor.executor.parallel:run_until_complete finished with '0'
[4.136s] DEBUG:colcon.colcon_core.event_reactor:joining thread
[4.140s] INFO:colcon.colcon_core.plugin_system:Skipping extension 'colcon_notification.desktop_notification.terminal_notifier': Not used on non-Darwin systems
[4.140s] INFO:colcon.colcon_core.plugin_system:Skipping extension 'colcon_notification.desktop_notification.win32': Not used on non-Windows systems
[4.140s] INFO:colcon.colcon_notification.desktop_notification:Sending desktop notification using 'notify2'
[4.140s] DEBUG:colcon.colcon_notification.desktop_notification.notify2:Failed to initialize notify2: org.freedesktop.DBus.Error.FileNotFound: Failed to connect to socket /run/user/1000/bus: No such file or directory
[4.140s] DEBUG:colcon.colcon_core.event_reactor:joined thread
[4.140s] INFO:colcon.colcon_core.shell:Creating prefix script '/home/rhitam/exoskeleton-v1/install/local_setup.ps1'
[4.141s] INFO:colcon.colcon_core.shell:Creating prefix util module '/home/rhitam/exoskeleton-v1/install/_local_setup_util_ps1.py'
[4.142s] INFO:colcon.colcon_core.shell:Creating prefix chain script '/home/rhitam/exoskeleton-v1/install/setup.ps1'
[4.144s] INFO:colcon.colcon_core.shell:Creating prefix script '/home/rhitam/exoskeleton-v1/install/local_setup.sh'
[4.144s] INFO:colcon.colcon_core.shell:Creating prefix util module '/home/rhitam/exoskeleton-v1/install/_local_setup_util_sh.py'
[4.144s] INFO:colcon.colcon_core.shell:Creating prefix chain script '/home/rhitam/exoskeleton-v1/install/setup.sh'
[4.146s] INFO:colcon.colcon_core.shell:Creating prefix script '/home/rhitam/exoskeleton-v1/install/local_setup.bash'
[4.146s] INFO:colcon.colcon_core.shell:Creating prefix chain script '/home/rhitam/exoskeleton-v1/install/setup.bash'
[4.148s] INFO:colcon.colcon_core.shell:Creating prefix script '/home/rhitam/exoskeleton-v1/install/local_setup.zsh'
[4.148s] INFO:colcon.colcon_core.shell:Creating prefix chain script '/home/rhitam/exoskeleton-v1/install/setup.zsh'
