[0.595s] Invoking command in '/home/rhitam/exoskeleton-v1/src/nmotion_transport': PYTHONPATH=/home/rhitam/exoskeleton-v1/build/nmotion_transport/prefix_override:/usr/lib/python3/dist-packages/colcon_core/task/python/colcon_distutils_commands:/home/rhitam/exoskeleton-v1/install/nmotion_transport/lib/python3.10/site-packages:${PYTHONPATH} /usr/bin/python3 -W ignore:setup.py install is deprecated -W ignore:easy_install command is deprecated setup.py egg_info --egg-base ../../build/nmotion_transport build --build-base /home/rhitam/exoskeleton-v1/build/nmotion_transport/build install --record /home/rhitam/exoskeleton-v1/build/nmotion_transport/install.log --single-version-externally-managed
[0.742s] running egg_info
[0.743s] creating ../../build/nmotion_transport/nmotion_transport.egg-info
[0.743s] writing ../../build/nmotion_transport/nmotion_transport.egg-info/PKG-INFO
[0.743s] writing dependency_links to ../../build/nmotion_transport/nmotion_transport.egg-info/dependency_links.txt
[0.743s] writing requirements to ../../build/nmotion_transport/nmotion_transport.egg-info/requires.txt
[0.743s] writing top-level names to ../../build/nmotion_transport/nmotion_transport.egg-info/top_level.txt
[0.743s] writing manifest file '../../build/nmotion_transport/nmotion_transport.egg-info/SOURCES.txt'
[0.744s] reading manifest file '../../build/nmotion_transport/nmotion_transport.egg-info/SOURCES.txt'
[0.744s] writing manifest file '../../build/nmotion_transport/nmotion_transport.egg-info/SOURCES.txt'
[0.744s] running build
[0.744s] running build_py
[0.745s] creating /home/rhitam/exoskeleton-v1/build/nmotion_transport/build
[0.745s] creating /home/rhitam/exoskeleton-v1/build/nmotion_transport/build/lib
[0.745s] creating /home/rhitam/exoskeleton-v1/build/nmotion_transport/build/lib/nmotion_transport
[0.745s] copying nmotion_transport/__init__.py -> /home/rhitam/exoskeleton-v1/build/nmotion_transport/build/lib/nmotion_transport
[0.745s] creating /home/rhitam/exoskeleton-v1/build/nmotion_transport/build/lib/nmotion_transport/core
[0.745s] copying nmotion_transport/core/Driver.py -> /home/rhitam/exoskeleton-v1/build/nmotion_transport/build/lib/nmotion_transport/core
[0.745s] copying nmotion_transport/core/UsbInterface.py -> /home/rhitam/exoskeleton-v1/build/nmotion_transport/build/lib/nmotion_transport/core
[0.745s] copying nmotion_transport/core/Actuator.py -> /home/rhitam/exoskeleton-v1/build/nmotion_transport/build/lib/nmotion_transport/core
[0.745s] copying nmotion_transport/core/CanInterface.py -> /home/rhitam/exoskeleton-v1/build/nmotion_transport/build/lib/nmotion_transport/core
[0.745s] copying nmotion_transport/core/__init__.py -> /home/rhitam/exoskeleton-v1/build/nmotion_transport/build/lib/nmotion_transport/core
[0.745s] copying nmotion_transport/core/NCoder.py -> /home/rhitam/exoskeleton-v1/build/nmotion_transport/build/lib/nmotion_transport/core
[0.745s] copying nmotion_transport/core/utils.py -> /home/rhitam/exoskeleton-v1/build/nmotion_transport/build/lib/nmotion_transport/core
[0.745s] copying nmotion_transport/core/IMU.py -> /home/rhitam/exoskeleton-v1/build/nmotion_transport/build/lib/nmotion_transport/core
[0.745s] creating /home/rhitam/exoskeleton-v1/build/nmotion_transport/build/lib/nmotion_transport/core/lib
[0.745s] copying nmotion_transport/core/lib/libnmotion_transport_python.cpython-39-x86_64-linux-gnu.so -> /home/rhitam/exoskeleton-v1/build/nmotion_transport/build/lib/nmotion_transport/core/lib
[0.746s] copying nmotion_transport/core/lib/libnmotion_transport_python.cpython-38-x86_64-linux-gnu.so -> /home/rhitam/exoskeleton-v1/build/nmotion_transport/build/lib/nmotion_transport/core/lib
[0.746s] copying nmotion_transport/core/lib/libnmotion_transport_python.cpython-310-x86_64-linux-gnu.so -> /home/rhitam/exoskeleton-v1/build/nmotion_transport/build/lib/nmotion_transport/core/lib
[0.747s] copying nmotion_transport/core/lib/oss_licenses.txt -> /home/rhitam/exoskeleton-v1/build/nmotion_transport/build/lib/nmotion_transport/core/lib
[0.747s] running install
[0.747s] running install_lib
[0.748s] creating /home/rhitam/exoskeleton-v1/install/nmotion_transport/lib/python3.10/site-packages/nmotion_transport
[0.748s] copying /home/rhitam/exoskeleton-v1/build/nmotion_transport/build/lib/nmotion_transport/__init__.py -> /home/rhitam/exoskeleton-v1/install/nmotion_transport/lib/python3.10/site-packages/nmotion_transport
[0.748s] creating /home/rhitam/exoskeleton-v1/install/nmotion_transport/lib/python3.10/site-packages/nmotion_transport/core
[0.748s] creating /home/rhitam/exoskeleton-v1/install/nmotion_transport/lib/python3.10/site-packages/nmotion_transport/core/lib
[0.748s] copying /home/rhitam/exoskeleton-v1/build/nmotion_transport/build/lib/nmotion_transport/core/lib/libnmotion_transport_python.cpython-39-x86_64-linux-gnu.so -> /home/rhitam/exoskeleton-v1/install/nmotion_transport/lib/python3.10/site-packages/nmotion_transport/core/lib
[0.748s] copying /home/rhitam/exoskeleton-v1/build/nmotion_transport/build/lib/nmotion_transport/core/lib/oss_licenses.txt -> /home/rhitam/exoskeleton-v1/install/nmotion_transport/lib/python3.10/site-packages/nmotion_transport/core/lib
[0.748s] copying /home/rhitam/exoskeleton-v1/build/nmotion_transport/build/lib/nmotion_transport/core/lib/libnmotion_transport_python.cpython-38-x86_64-linux-gnu.so -> /home/rhitam/exoskeleton-v1/install/nmotion_transport/lib/python3.10/site-packages/nmotion_transport/core/lib
[0.749s] copying /home/rhitam/exoskeleton-v1/build/nmotion_transport/build/lib/nmotion_transport/core/lib/libnmotion_transport_python.cpython-310-x86_64-linux-gnu.so -> /home/rhitam/exoskeleton-v1/install/nmotion_transport/lib/python3.10/site-packages/nmotion_transport/core/lib
[0.750s] copying /home/rhitam/exoskeleton-v1/build/nmotion_transport/build/lib/nmotion_transport/core/Driver.py -> /home/rhitam/exoskeleton-v1/install/nmotion_transport/lib/python3.10/site-packages/nmotion_transport/core
[0.750s] copying /home/rhitam/exoskeleton-v1/build/nmotion_transport/build/lib/nmotion_transport/core/UsbInterface.py -> /home/rhitam/exoskeleton-v1/install/nmotion_transport/lib/python3.10/site-packages/nmotion_transport/core
[0.750s] copying /home/rhitam/exoskeleton-v1/build/nmotion_transport/build/lib/nmotion_transport/core/Actuator.py -> /home/rhitam/exoskeleton-v1/install/nmotion_transport/lib/python3.10/site-packages/nmotion_transport/core
[0.750s] copying /home/rhitam/exoskeleton-v1/build/nmotion_transport/build/lib/nmotion_transport/core/CanInterface.py -> /home/rhitam/exoskeleton-v1/install/nmotion_transport/lib/python3.10/site-packages/nmotion_transport/core
[0.750s] copying /home/rhitam/exoskeleton-v1/build/nmotion_transport/build/lib/nmotion_transport/core/__init__.py -> /home/rhitam/exoskeleton-v1/install/nmotion_transport/lib/python3.10/site-packages/nmotion_transport/core
[0.750s] copying /home/rhitam/exoskeleton-v1/build/nmotion_transport/build/lib/nmotion_transport/core/NCoder.py -> /home/rhitam/exoskeleton-v1/install/nmotion_transport/lib/python3.10/site-packages/nmotion_transport/core
[0.750s] copying /home/rhitam/exoskeleton-v1/build/nmotion_transport/build/lib/nmotion_transport/core/utils.py -> /home/rhitam/exoskeleton-v1/install/nmotion_transport/lib/python3.10/site-packages/nmotion_transport/core
[0.750s] copying /home/rhitam/exoskeleton-v1/build/nmotion_transport/build/lib/nmotion_transport/core/IMU.py -> /home/rhitam/exoskeleton-v1/install/nmotion_transport/lib/python3.10/site-packages/nmotion_transport/core
[0.750s] byte-compiling /home/rhitam/exoskeleton-v1/install/nmotion_transport/lib/python3.10/site-packages/nmotion_transport/__init__.py to __init__.cpython-310.pyc
[0.750s] byte-compiling /home/rhitam/exoskeleton-v1/install/nmotion_transport/lib/python3.10/site-packages/nmotion_transport/core/Driver.py to Driver.cpython-310.pyc
[0.752s] byte-compiling /home/rhitam/exoskeleton-v1/install/nmotion_transport/lib/python3.10/site-packages/nmotion_transport/core/UsbInterface.py to UsbInterface.cpython-310.pyc
[0.752s] byte-compiling /home/rhitam/exoskeleton-v1/install/nmotion_transport/lib/python3.10/site-packages/nmotion_transport/core/Actuator.py to Actuator.cpython-310.pyc
[0.753s] byte-compiling /home/rhitam/exoskeleton-v1/install/nmotion_transport/lib/python3.10/site-packages/nmotion_transport/core/CanInterface.py to CanInterface.cpython-310.pyc
[0.753s] byte-compiling /home/rhitam/exoskeleton-v1/install/nmotion_transport/lib/python3.10/site-packages/nmotion_transport/core/__init__.py to __init__.cpython-310.pyc
[0.753s] byte-compiling /home/rhitam/exoskeleton-v1/install/nmotion_transport/lib/python3.10/site-packages/nmotion_transport/core/NCoder.py to NCoder.cpython-310.pyc
[0.754s] byte-compiling /home/rhitam/exoskeleton-v1/install/nmotion_transport/lib/python3.10/site-packages/nmotion_transport/core/utils.py to utils.cpython-310.pyc
[0.754s] byte-compiling /home/rhitam/exoskeleton-v1/install/nmotion_transport/lib/python3.10/site-packages/nmotion_transport/core/IMU.py to IMU.cpython-310.pyc
[0.755s] running install_egg_info
[0.756s] Copying ../../build/nmotion_transport/nmotion_transport.egg-info to /home/rhitam/exoskeleton-v1/install/nmotion_transport/lib/python3.10/site-packages/nmotion_transport-0.0.1-py3.10.egg-info
[0.756s] running install_scripts
[0.769s] writing list of installed files to '/home/rhitam/exoskeleton-v1/build/nmotion_transport/install.log'
[0.781s] Invoked command in '/home/rhitam/exoskeleton-v1/src/nmotion_transport' returned '0': PYTHONPATH=/home/rhitam/exoskeleton-v1/build/nmotion_transport/prefix_override:/usr/lib/python3/dist-packages/colcon_core/task/python/colcon_distutils_commands:/home/rhitam/exoskeleton-v1/install/nmotion_transport/lib/python3.10/site-packages:${PYTHONPATH} /usr/bin/python3 -W ignore:setup.py install is deprecated -W ignore:easy_install command is deprecated setup.py egg_info --egg-base ../../build/nmotion_transport build --build-base /home/rhitam/exoskeleton-v1/build/nmotion_transport/build install --record /home/rhitam/exoskeleton-v1/build/nmotion_transport/install.log --single-version-externally-managed
