[0.010s] Invoking command in '/home/rhitam/exoskeleton-v1/build/cubemars_v1_cpp': AMENT_PREFIX_PATH=/home/rhitam/exoskeleton-v1/install/nmotion_transport_cpp:${AMENT_PREFIX_PATH} CMAKE_PREFIX_PATH=/home/rhitam/exoskeleton-v1/install/nmotion_transport_cpp:/home/rhitam/ros2_ws/install/zed_ros2:/home/rhitam/ros2_ws/install/zed_robot_integration:/home/rhitam/ros2_ws/install/zed_ipc:/home/rhitam/ros2_ws/install/zed_multi_camera:/home/rhitam/ros2_ws/install/zed_display_rviz2:/home/rhitam/ros2_ws/install/zed_depth_to_laserscan:/home/rhitam/ros2_ws/install/zed_wrapper:/home/rhitam/ros2_ws/install/zed_tutorial_video:/home/rhitam/ros2_ws/install/zed_tutorial_pos_tracking:/home/rhitam/ros2_ws/install/zed_tutorial_depth:/home/rhitam/ros2_ws/install/zed_topic_benchmark:/home/rhitam/ros2_ws/install/zed_topic_benchmark_component:/home/rhitam/ros2_ws/install/zed_topic_benchmark_interfaces:/home/rhitam/ros2_ws/install/zed_rgb_convert:/home/rhitam/ros2_ws/install/zed_aruco_localization:/home/rhitam/ros2_ws/install/zed_components:/home/rhitam/ros2_ws/install/xacro:/home/rhitam/ros2_ws/install/tortoisebot_slam:/home/rhitam/ros2_ws/install/tortoisebot_navigation:/home/rhitam/ros2_ws/install/tortoisebot_gazebo:/home/rhitam/ros2_ws/install/tortoisebot_description:/home/rhitam/ros2_ws/install/tortoisebot_bringup:/home/rhitam/ros2_ws/install/diagnostics:/home/rhitam/ros2_ws/install/self_test:/home/rhitam/ros2_ws/install/rviz_plugin_zed_od:/home/rhitam/ros2_ws/install/rplidar_ros:/home/rhitam/ros2_ws/install/rosbridge_test_msgs:/home/rhitam/ros2_ws/install/rosbridge_suite:/home/rhitam/ros2_ws/install/rosbridge_server:/home/rhitam/ros2_ws/install/rosbridge_msgs:/home/rhitam/ros2_ws/install/rosapi:/home/rhitam/ros2_ws/install/rosbridge_library:/home/rhitam/ros2_ws/install/rosapi_msgs:/home/rhitam/ros2_ws/install/robot_localization:/home/rhitam/ros2_ws/install/nmea_msgs:/home/rhitam/ros2_ws/install/my_robot_navigation:/home/rhitam/exoskeleton-v1/install/nmotion_transport:/home/rhitam/exoskeleton-v1/install/cubemars_v1:/home/rhitam/ros2_ws/install/wit_ros2_imu:/home/rhitam/ros2_ws/install/my_robot:/home/rhitam/ros2_ws/install/my_package:/home/rhitam/ros2_ws/install/jsl:/home/rhitam/ros2_ws/install/encoder:/opt/ros/humble:/home/rhitam/ros2_ws/install/my_robot_description:/home/rhitam/ros2_ws/install/geographic_info:/home/rhitam/ros2_ws/install/geodesy:/home/rhitam/ros2_ws/install/geographic_msgs:/home/rhitam/ros2_ws/install/diagnostic_common_diagnostics:/home/rhitam/ros2_ws/install/diagnostic_updater:/home/rhitam/ros2_ws/install/diagnostic_remote_logging:/home/rhitam/ros2_ws/install/diagnostic_aggregator:/home/rhitam/ros2_ws/install/angles LD_LIBRARY_PATH=/home/rhitam/exoskeleton-v1/install/nmotion_transport_cpp/lib:${LD_LIBRARY_PATH} /usr/bin/cmake /home/rhitam/exoskeleton-v1/src/cubemars_v1_cpp -DCMAKE_INSTALL_PREFIX=/home/rhitam/exoskeleton-v1/install/cubemars_v1_cpp
[0.075s] -- The C compiler identification is GNU 11.4.0
[0.116s] -- The CXX compiler identification is GNU 11.4.0
[0.121s] -- Detecting C compiler ABI info
[0.172s] -- Detecting C compiler ABI info - done
[0.176s] -- Check for working C compiler: /usr/bin/cc - skipped
[0.176s] -- Detecting C compile features
[0.176s] -- Detecting C compile features - done
[0.178s] -- Detecting CXX compiler ABI info
[0.262s] -- Detecting CXX compiler ABI info - done
[0.266s] -- Check for working CXX compiler: /usr/bin/c++ - skipped
[0.266s] -- Detecting CXX compile features
[0.266s] -- Detecting CXX compile features - done
[0.271s] -- Found ament_cmake: 1.3.12 (/opt/ros/humble/share/ament_cmake/cmake)
[0.554s] -- Found Python3: /usr/bin/python3 (found version "3.10.12") found components: Interpreter 
[0.660s] -- Found rclcpp: 16.0.16 (/opt/ros/humble/share/rclcpp/cmake)
[0.727s] -- Found rosidl_generator_c: 3.1.7 (/opt/ros/humble/share/rosidl_generator_c/cmake)
[0.736s] -- Found rosidl_adapter: 3.1.7 (/opt/ros/humble/share/rosidl_adapter/cmake)
[0.748s] -- Found rosidl_generator_cpp: 3.1.7 (/opt/ros/humble/share/rosidl_generator_cpp/cmake)
[0.766s] -- Using all available rosidl_typesupport_c: rosidl_typesupport_fastrtps_c;rosidl_typesupport_introspection_c
[0.787s] -- Using all available rosidl_typesupport_cpp: rosidl_typesupport_fastrtps_cpp;rosidl_typesupport_introspection_cpp
[0.850s] -- Found rmw_implementation_cmake: 6.1.2 (/opt/ros/humble/share/rmw_implementation_cmake/cmake)
[0.856s] -- Found rmw_cyclonedds_cpp: 1.3.4 (/opt/ros/humble/share/rmw_cyclonedds_cpp/cmake)
[0.896s] -- Using RMW implementation 'rmw_cyclonedds_cpp' as default
[0.915s] -- Looking for pthread.h
[0.969s] -- Looking for pthread.h - found
[0.969s] -- Performing Test CMAKE_HAVE_LIBC_PTHREAD
[1.032s] -- Performing Test CMAKE_HAVE_LIBC_PTHREAD - Success
[1.032s] -- Found Threads: TRUE  
[1.096s] -- Found nmotion_transport_cpp: 0.0.1 (/home/rhitam/exoskeleton-v1/install/nmotion_transport_cpp/share/nmotion_transport_cpp/cmake)
[1.156s] -- Configuring done
[1.168s] -- Generating done
[1.172s] -- Build files have been written to: /home/rhitam/exoskeleton-v1/build/cubemars_v1_cpp
[1.177s] Invoked command in '/home/rhitam/exoskeleton-v1/build/cubemars_v1_cpp' returned '0': AMENT_PREFIX_PATH=/home/rhitam/exoskeleton-v1/install/nmotion_transport_cpp:${AMENT_PREFIX_PATH} CMAKE_PREFIX_PATH=/home/rhitam/exoskeleton-v1/install/nmotion_transport_cpp:/home/rhitam/ros2_ws/install/zed_ros2:/home/rhitam/ros2_ws/install/zed_robot_integration:/home/rhitam/ros2_ws/install/zed_ipc:/home/rhitam/ros2_ws/install/zed_multi_camera:/home/rhitam/ros2_ws/install/zed_display_rviz2:/home/rhitam/ros2_ws/install/zed_depth_to_laserscan:/home/rhitam/ros2_ws/install/zed_wrapper:/home/rhitam/ros2_ws/install/zed_tutorial_video:/home/rhitam/ros2_ws/install/zed_tutorial_pos_tracking:/home/rhitam/ros2_ws/install/zed_tutorial_depth:/home/rhitam/ros2_ws/install/zed_topic_benchmark:/home/rhitam/ros2_ws/install/zed_topic_benchmark_component:/home/rhitam/ros2_ws/install/zed_topic_benchmark_interfaces:/home/rhitam/ros2_ws/install/zed_rgb_convert:/home/rhitam/ros2_ws/install/zed_aruco_localization:/home/rhitam/ros2_ws/install/zed_components:/home/rhitam/ros2_ws/install/xacro:/home/rhitam/ros2_ws/install/tortoisebot_slam:/home/rhitam/ros2_ws/install/tortoisebot_navigation:/home/rhitam/ros2_ws/install/tortoisebot_gazebo:/home/rhitam/ros2_ws/install/tortoisebot_description:/home/rhitam/ros2_ws/install/tortoisebot_bringup:/home/rhitam/ros2_ws/install/diagnostics:/home/rhitam/ros2_ws/install/self_test:/home/rhitam/ros2_ws/install/rviz_plugin_zed_od:/home/rhitam/ros2_ws/install/rplidar_ros:/home/rhitam/ros2_ws/install/rosbridge_test_msgs:/home/rhitam/ros2_ws/install/rosbridge_suite:/home/rhitam/ros2_ws/install/rosbridge_server:/home/rhitam/ros2_ws/install/rosbridge_msgs:/home/rhitam/ros2_ws/install/rosapi:/home/rhitam/ros2_ws/install/rosbridge_library:/home/rhitam/ros2_ws/install/rosapi_msgs:/home/rhitam/ros2_ws/install/robot_localization:/home/rhitam/ros2_ws/install/nmea_msgs:/home/rhitam/ros2_ws/install/my_robot_navigation:/home/rhitam/exoskeleton-v1/install/nmotion_transport:/home/rhitam/exoskeleton-v1/install/cubemars_v1:/home/rhitam/ros2_ws/install/wit_ros2_imu:/home/rhitam/ros2_ws/install/my_robot:/home/rhitam/ros2_ws/install/my_package:/home/rhitam/ros2_ws/install/jsl:/home/rhitam/ros2_ws/install/encoder:/opt/ros/humble:/home/rhitam/ros2_ws/install/my_robot_description:/home/rhitam/ros2_ws/install/geographic_info:/home/rhitam/ros2_ws/install/geodesy:/home/rhitam/ros2_ws/install/geographic_msgs:/home/rhitam/ros2_ws/install/diagnostic_common_diagnostics:/home/rhitam/ros2_ws/install/diagnostic_updater:/home/rhitam/ros2_ws/install/diagnostic_remote_logging:/home/rhitam/ros2_ws/install/diagnostic_aggregator:/home/rhitam/ros2_ws/install/angles LD_LIBRARY_PATH=/home/rhitam/exoskeleton-v1/install/nmotion_transport_cpp/lib:${LD_LIBRARY_PATH} /usr/bin/cmake /home/rhitam/exoskeleton-v1/src/cubemars_v1_cpp -DCMAKE_INSTALL_PREFIX=/home/rhitam/exoskeleton-v1/install/cubemars_v1_cpp
[1.178s] Invoking command in '/home/rhitam/exoskeleton-v1/build/cubemars_v1_cpp': AMENT_PREFIX_PATH=/home/rhitam/exoskeleton-v1/install/nmotion_transport_cpp:${AMENT_PREFIX_PATH} CMAKE_PREFIX_PATH=/home/rhitam/exoskeleton-v1/install/nmotion_transport_cpp:/home/rhitam/ros2_ws/install/zed_ros2:/home/rhitam/ros2_ws/install/zed_robot_integration:/home/rhitam/ros2_ws/install/zed_ipc:/home/rhitam/ros2_ws/install/zed_multi_camera:/home/rhitam/ros2_ws/install/zed_display_rviz2:/home/rhitam/ros2_ws/install/zed_depth_to_laserscan:/home/rhitam/ros2_ws/install/zed_wrapper:/home/rhitam/ros2_ws/install/zed_tutorial_video:/home/rhitam/ros2_ws/install/zed_tutorial_pos_tracking:/home/rhitam/ros2_ws/install/zed_tutorial_depth:/home/rhitam/ros2_ws/install/zed_topic_benchmark:/home/rhitam/ros2_ws/install/zed_topic_benchmark_component:/home/rhitam/ros2_ws/install/zed_topic_benchmark_interfaces:/home/rhitam/ros2_ws/install/zed_rgb_convert:/home/rhitam/ros2_ws/install/zed_aruco_localization:/home/rhitam/ros2_ws/install/zed_components:/home/rhitam/ros2_ws/install/xacro:/home/rhitam/ros2_ws/install/tortoisebot_slam:/home/rhitam/ros2_ws/install/tortoisebot_navigation:/home/rhitam/ros2_ws/install/tortoisebot_gazebo:/home/rhitam/ros2_ws/install/tortoisebot_description:/home/rhitam/ros2_ws/install/tortoisebot_bringup:/home/rhitam/ros2_ws/install/diagnostics:/home/rhitam/ros2_ws/install/self_test:/home/rhitam/ros2_ws/install/rviz_plugin_zed_od:/home/rhitam/ros2_ws/install/rplidar_ros:/home/rhitam/ros2_ws/install/rosbridge_test_msgs:/home/rhitam/ros2_ws/install/rosbridge_suite:/home/rhitam/ros2_ws/install/rosbridge_server:/home/rhitam/ros2_ws/install/rosbridge_msgs:/home/rhitam/ros2_ws/install/rosapi:/home/rhitam/ros2_ws/install/rosbridge_library:/home/rhitam/ros2_ws/install/rosapi_msgs:/home/rhitam/ros2_ws/install/robot_localization:/home/rhitam/ros2_ws/install/nmea_msgs:/home/rhitam/ros2_ws/install/my_robot_navigation:/home/rhitam/exoskeleton-v1/install/nmotion_transport:/home/rhitam/exoskeleton-v1/install/cubemars_v1:/home/rhitam/ros2_ws/install/wit_ros2_imu:/home/rhitam/ros2_ws/install/my_robot:/home/rhitam/ros2_ws/install/my_package:/home/rhitam/ros2_ws/install/jsl:/home/rhitam/ros2_ws/install/encoder:/opt/ros/humble:/home/rhitam/ros2_ws/install/my_robot_description:/home/rhitam/ros2_ws/install/geographic_info:/home/rhitam/ros2_ws/install/geodesy:/home/rhitam/ros2_ws/install/geographic_msgs:/home/rhitam/ros2_ws/install/diagnostic_common_diagnostics:/home/rhitam/ros2_ws/install/diagnostic_updater:/home/rhitam/ros2_ws/install/diagnostic_remote_logging:/home/rhitam/ros2_ws/install/diagnostic_aggregator:/home/rhitam/ros2_ws/install/angles LD_LIBRARY_PATH=/home/rhitam/exoskeleton-v1/install/nmotion_transport_cpp/lib:${LD_LIBRARY_PATH} /usr/bin/cmake --build /home/rhitam/exoskeleton-v1/build/cubemars_v1_cpp -- -j20 -l20
[1.236s] [ 16%] Building CXX object CMakeFiles/hip_const_pub.dir/src/hip_constant_pub.cpp.o
[1.236s] [ 16%] Building CXX object CMakeFiles/encoder_pub.dir/src/encoder_hip_pub.cpp.o
[1.236s] [ 25%] Building CXX object CMakeFiles/hip_cont_pub.dir/src/hip_continous_pub.cpp.o
[1.238s] [ 33%] Building CXX object CMakeFiles/joint_traj_freq_analysis.dir/src/joint_trajectory_freq_analysis.cpp.o
[1.239s] [ 41%] Building CXX object CMakeFiles/hip_logger_sub.dir/src/hip_logger_sub.cpp.o
[1.241s] [ 50%] Building CXX object CMakeFiles/joint_traj_exec.dir/src/joint_trajectory_exec.cpp.o
[3.340s] [ 58%] Linking CXX executable joint_traj_freq_analysis
[3.455s] [ 66%] Linking CXX executable joint_traj_exec
[3.494s] [ 66%] Built target joint_traj_freq_analysis
[3.549s] [ 66%] Built target joint_traj_exec
[4.370s] [ 75%] Linking CXX executable hip_const_pub
[4.418s] [ 83%] Linking CXX executable encoder_pub
[4.519s] [ 83%] Built target hip_const_pub
[4.558s] [ 83%] Built target encoder_pub
[4.619s] [ 91%] Linking CXX executable hip_cont_pub
[4.740s] [ 91%] Built target hip_cont_pub
[8.215s] [100%] Linking CXX executable hip_logger_sub
[8.505s] [100%] Built target hip_logger_sub
[8.520s] Invoked command in '/home/rhitam/exoskeleton-v1/build/cubemars_v1_cpp' returned '0': AMENT_PREFIX_PATH=/home/rhitam/exoskeleton-v1/install/nmotion_transport_cpp:${AMENT_PREFIX_PATH} CMAKE_PREFIX_PATH=/home/rhitam/exoskeleton-v1/install/nmotion_transport_cpp:/home/rhitam/ros2_ws/install/zed_ros2:/home/rhitam/ros2_ws/install/zed_robot_integration:/home/rhitam/ros2_ws/install/zed_ipc:/home/rhitam/ros2_ws/install/zed_multi_camera:/home/rhitam/ros2_ws/install/zed_display_rviz2:/home/rhitam/ros2_ws/install/zed_depth_to_laserscan:/home/rhitam/ros2_ws/install/zed_wrapper:/home/rhitam/ros2_ws/install/zed_tutorial_video:/home/rhitam/ros2_ws/install/zed_tutorial_pos_tracking:/home/rhitam/ros2_ws/install/zed_tutorial_depth:/home/rhitam/ros2_ws/install/zed_topic_benchmark:/home/rhitam/ros2_ws/install/zed_topic_benchmark_component:/home/rhitam/ros2_ws/install/zed_topic_benchmark_interfaces:/home/rhitam/ros2_ws/install/zed_rgb_convert:/home/rhitam/ros2_ws/install/zed_aruco_localization:/home/rhitam/ros2_ws/install/zed_components:/home/rhitam/ros2_ws/install/xacro:/home/rhitam/ros2_ws/install/tortoisebot_slam:/home/rhitam/ros2_ws/install/tortoisebot_navigation:/home/rhitam/ros2_ws/install/tortoisebot_gazebo:/home/rhitam/ros2_ws/install/tortoisebot_description:/home/rhitam/ros2_ws/install/tortoisebot_bringup:/home/rhitam/ros2_ws/install/diagnostics:/home/rhitam/ros2_ws/install/self_test:/home/rhitam/ros2_ws/install/rviz_plugin_zed_od:/home/rhitam/ros2_ws/install/rplidar_ros:/home/rhitam/ros2_ws/install/rosbridge_test_msgs:/home/rhitam/ros2_ws/install/rosbridge_suite:/home/rhitam/ros2_ws/install/rosbridge_server:/home/rhitam/ros2_ws/install/rosbridge_msgs:/home/rhitam/ros2_ws/install/rosapi:/home/rhitam/ros2_ws/install/rosbridge_library:/home/rhitam/ros2_ws/install/rosapi_msgs:/home/rhitam/ros2_ws/install/robot_localization:/home/rhitam/ros2_ws/install/nmea_msgs:/home/rhitam/ros2_ws/install/my_robot_navigation:/home/rhitam/exoskeleton-v1/install/nmotion_transport:/home/rhitam/exoskeleton-v1/install/cubemars_v1:/home/rhitam/ros2_ws/install/wit_ros2_imu:/home/rhitam/ros2_ws/install/my_robot:/home/rhitam/ros2_ws/install/my_package:/home/rhitam/ros2_ws/install/jsl:/home/rhitam/ros2_ws/install/encoder:/opt/ros/humble:/home/rhitam/ros2_ws/install/my_robot_description:/home/rhitam/ros2_ws/install/geographic_info:/home/rhitam/ros2_ws/install/geodesy:/home/rhitam/ros2_ws/install/geographic_msgs:/home/rhitam/ros2_ws/install/diagnostic_common_diagnostics:/home/rhitam/ros2_ws/install/diagnostic_updater:/home/rhitam/ros2_ws/install/diagnostic_remote_logging:/home/rhitam/ros2_ws/install/diagnostic_aggregator:/home/rhitam/ros2_ws/install/angles LD_LIBRARY_PATH=/home/rhitam/exoskeleton-v1/install/nmotion_transport_cpp/lib:${LD_LIBRARY_PATH} /usr/bin/cmake --build /home/rhitam/exoskeleton-v1/build/cubemars_v1_cpp -- -j20 -l20
[8.521s] Invoking command in '/home/rhitam/exoskeleton-v1/build/cubemars_v1_cpp': AMENT_PREFIX_PATH=/home/rhitam/exoskeleton-v1/install/nmotion_transport_cpp:${AMENT_PREFIX_PATH} CMAKE_PREFIX_PATH=/home/rhitam/exoskeleton-v1/install/nmotion_transport_cpp:/home/rhitam/ros2_ws/install/zed_ros2:/home/rhitam/ros2_ws/install/zed_robot_integration:/home/rhitam/ros2_ws/install/zed_ipc:/home/rhitam/ros2_ws/install/zed_multi_camera:/home/rhitam/ros2_ws/install/zed_display_rviz2:/home/rhitam/ros2_ws/install/zed_depth_to_laserscan:/home/rhitam/ros2_ws/install/zed_wrapper:/home/rhitam/ros2_ws/install/zed_tutorial_video:/home/rhitam/ros2_ws/install/zed_tutorial_pos_tracking:/home/rhitam/ros2_ws/install/zed_tutorial_depth:/home/rhitam/ros2_ws/install/zed_topic_benchmark:/home/rhitam/ros2_ws/install/zed_topic_benchmark_component:/home/rhitam/ros2_ws/install/zed_topic_benchmark_interfaces:/home/rhitam/ros2_ws/install/zed_rgb_convert:/home/rhitam/ros2_ws/install/zed_aruco_localization:/home/rhitam/ros2_ws/install/zed_components:/home/rhitam/ros2_ws/install/xacro:/home/rhitam/ros2_ws/install/tortoisebot_slam:/home/rhitam/ros2_ws/install/tortoisebot_navigation:/home/rhitam/ros2_ws/install/tortoisebot_gazebo:/home/rhitam/ros2_ws/install/tortoisebot_description:/home/rhitam/ros2_ws/install/tortoisebot_bringup:/home/rhitam/ros2_ws/install/diagnostics:/home/rhitam/ros2_ws/install/self_test:/home/rhitam/ros2_ws/install/rviz_plugin_zed_od:/home/rhitam/ros2_ws/install/rplidar_ros:/home/rhitam/ros2_ws/install/rosbridge_test_msgs:/home/rhitam/ros2_ws/install/rosbridge_suite:/home/rhitam/ros2_ws/install/rosbridge_server:/home/rhitam/ros2_ws/install/rosbridge_msgs:/home/rhitam/ros2_ws/install/rosapi:/home/rhitam/ros2_ws/install/rosbridge_library:/home/rhitam/ros2_ws/install/rosapi_msgs:/home/rhitam/ros2_ws/install/robot_localization:/home/rhitam/ros2_ws/install/nmea_msgs:/home/rhitam/ros2_ws/install/my_robot_navigation:/home/rhitam/exoskeleton-v1/install/nmotion_transport:/home/rhitam/exoskeleton-v1/install/cubemars_v1:/home/rhitam/ros2_ws/install/wit_ros2_imu:/home/rhitam/ros2_ws/install/my_robot:/home/rhitam/ros2_ws/install/my_package:/home/rhitam/ros2_ws/install/jsl:/home/rhitam/ros2_ws/install/encoder:/opt/ros/humble:/home/rhitam/ros2_ws/install/my_robot_description:/home/rhitam/ros2_ws/install/geographic_info:/home/rhitam/ros2_ws/install/geodesy:/home/rhitam/ros2_ws/install/geographic_msgs:/home/rhitam/ros2_ws/install/diagnostic_common_diagnostics:/home/rhitam/ros2_ws/install/diagnostic_updater:/home/rhitam/ros2_ws/install/diagnostic_remote_logging:/home/rhitam/ros2_ws/install/diagnostic_aggregator:/home/rhitam/ros2_ws/install/angles LD_LIBRARY_PATH=/home/rhitam/exoskeleton-v1/install/nmotion_transport_cpp/lib:${LD_LIBRARY_PATH} /usr/bin/cmake --install /home/rhitam/exoskeleton-v1/build/cubemars_v1_cpp
[8.528s] -- Install configuration: ""
[8.528s] -- Installing: /home/rhitam/exoskeleton-v1/install/cubemars_v1_cpp/lib/cubemars_v1_cpp/hip_const_pub
[8.529s] -- Set runtime path of "/home/rhitam/exoskeleton-v1/install/cubemars_v1_cpp/lib/cubemars_v1_cpp/hip_const_pub" to ""
[8.529s] -- Installing: /home/rhitam/exoskeleton-v1/install/cubemars_v1_cpp/lib/cubemars_v1_cpp/hip_cont_pub
[8.530s] -- Set runtime path of "/home/rhitam/exoskeleton-v1/install/cubemars_v1_cpp/lib/cubemars_v1_cpp/hip_cont_pub" to ""
[8.530s] -- Installing: /home/rhitam/exoskeleton-v1/install/cubemars_v1_cpp/lib/cubemars_v1_cpp/hip_logger_sub
[8.533s] -- Set runtime path of "/home/rhitam/exoskeleton-v1/install/cubemars_v1_cpp/lib/cubemars_v1_cpp/hip_logger_sub" to ""
[8.533s] -- Installing: /home/rhitam/exoskeleton-v1/install/cubemars_v1_cpp/lib/cubemars_v1_cpp/encoder_pub
[8.534s] -- Set runtime path of "/home/rhitam/exoskeleton-v1/install/cubemars_v1_cpp/lib/cubemars_v1_cpp/encoder_pub" to ""
[8.534s] -- Installing: /home/rhitam/exoskeleton-v1/install/cubemars_v1_cpp/lib/cubemars_v1_cpp/joint_traj_exec
[8.534s] -- Set runtime path of "/home/rhitam/exoskeleton-v1/install/cubemars_v1_cpp/lib/cubemars_v1_cpp/joint_traj_exec" to ""
[8.534s] -- Installing: /home/rhitam/exoskeleton-v1/install/cubemars_v1_cpp/lib/cubemars_v1_cpp/joint_traj_freq_analysis
[8.534s] -- Set runtime path of "/home/rhitam/exoskeleton-v1/install/cubemars_v1_cpp/lib/cubemars_v1_cpp/joint_traj_freq_analysis" to ""
[8.534s] -- Installing: /home/rhitam/exoskeleton-v1/install/cubemars_v1_cpp/share/cubemars_v1_cpp/launch
[8.534s] -- Installing: /home/rhitam/exoskeleton-v1/install/cubemars_v1_cpp/share/cubemars_v1_cpp/launch/hip_system.launch.py
[8.534s] -- Installing: /home/rhitam/exoskeleton-v1/install/cubemars_v1_cpp/share/ament_index/resource_index/package_run_dependencies/cubemars_v1_cpp
[8.534s] -- Installing: /home/rhitam/exoskeleton-v1/install/cubemars_v1_cpp/share/ament_index/resource_index/parent_prefix_path/cubemars_v1_cpp
[8.535s] -- Installing: /home/rhitam/exoskeleton-v1/install/cubemars_v1_cpp/share/cubemars_v1_cpp/environment/ament_prefix_path.sh
[8.535s] -- Installing: /home/rhitam/exoskeleton-v1/install/cubemars_v1_cpp/share/cubemars_v1_cpp/environment/ament_prefix_path.dsv
[8.535s] -- Installing: /home/rhitam/exoskeleton-v1/install/cubemars_v1_cpp/share/cubemars_v1_cpp/environment/path.sh
[8.535s] -- Installing: /home/rhitam/exoskeleton-v1/install/cubemars_v1_cpp/share/cubemars_v1_cpp/environment/path.dsv
[8.535s] -- Installing: /home/rhitam/exoskeleton-v1/install/cubemars_v1_cpp/share/cubemars_v1_cpp/local_setup.bash
[8.535s] -- Installing: /home/rhitam/exoskeleton-v1/install/cubemars_v1_cpp/share/cubemars_v1_cpp/local_setup.sh
[8.535s] -- Installing: /home/rhitam/exoskeleton-v1/install/cubemars_v1_cpp/share/cubemars_v1_cpp/local_setup.zsh
[8.535s] -- Installing: /home/rhitam/exoskeleton-v1/install/cubemars_v1_cpp/share/cubemars_v1_cpp/local_setup.dsv
[8.535s] -- Installing: /home/rhitam/exoskeleton-v1/install/cubemars_v1_cpp/share/cubemars_v1_cpp/package.dsv
[8.535s] -- Installing: /home/rhitam/exoskeleton-v1/install/cubemars_v1_cpp/share/ament_index/resource_index/packages/cubemars_v1_cpp
[8.535s] -- Installing: /home/rhitam/exoskeleton-v1/install/cubemars_v1_cpp/share/cubemars_v1_cpp/cmake/cubemars_v1_cppConfig.cmake
[8.535s] -- Installing: /home/rhitam/exoskeleton-v1/install/cubemars_v1_cpp/share/cubemars_v1_cpp/cmake/cubemars_v1_cppConfig-version.cmake
[8.535s] -- Installing: /home/rhitam/exoskeleton-v1/install/cubemars_v1_cpp/share/cubemars_v1_cpp/package.xml
[8.537s] Invoked command in '/home/rhitam/exoskeleton-v1/build/cubemars_v1_cpp' returned '0': AMENT_PREFIX_PATH=/home/rhitam/exoskeleton-v1/install/nmotion_transport_cpp:${AMENT_PREFIX_PATH} CMAKE_PREFIX_PATH=/home/rhitam/exoskeleton-v1/install/nmotion_transport_cpp:/home/rhitam/ros2_ws/install/zed_ros2:/home/rhitam/ros2_ws/install/zed_robot_integration:/home/rhitam/ros2_ws/install/zed_ipc:/home/rhitam/ros2_ws/install/zed_multi_camera:/home/rhitam/ros2_ws/install/zed_display_rviz2:/home/rhitam/ros2_ws/install/zed_depth_to_laserscan:/home/rhitam/ros2_ws/install/zed_wrapper:/home/rhitam/ros2_ws/install/zed_tutorial_video:/home/rhitam/ros2_ws/install/zed_tutorial_pos_tracking:/home/rhitam/ros2_ws/install/zed_tutorial_depth:/home/rhitam/ros2_ws/install/zed_topic_benchmark:/home/rhitam/ros2_ws/install/zed_topic_benchmark_component:/home/rhitam/ros2_ws/install/zed_topic_benchmark_interfaces:/home/rhitam/ros2_ws/install/zed_rgb_convert:/home/rhitam/ros2_ws/install/zed_aruco_localization:/home/rhitam/ros2_ws/install/zed_components:/home/rhitam/ros2_ws/install/xacro:/home/rhitam/ros2_ws/install/tortoisebot_slam:/home/rhitam/ros2_ws/install/tortoisebot_navigation:/home/rhitam/ros2_ws/install/tortoisebot_gazebo:/home/rhitam/ros2_ws/install/tortoisebot_description:/home/rhitam/ros2_ws/install/tortoisebot_bringup:/home/rhitam/ros2_ws/install/diagnostics:/home/rhitam/ros2_ws/install/self_test:/home/rhitam/ros2_ws/install/rviz_plugin_zed_od:/home/rhitam/ros2_ws/install/rplidar_ros:/home/rhitam/ros2_ws/install/rosbridge_test_msgs:/home/rhitam/ros2_ws/install/rosbridge_suite:/home/rhitam/ros2_ws/install/rosbridge_server:/home/rhitam/ros2_ws/install/rosbridge_msgs:/home/rhitam/ros2_ws/install/rosapi:/home/rhitam/ros2_ws/install/rosbridge_library:/home/rhitam/ros2_ws/install/rosapi_msgs:/home/rhitam/ros2_ws/install/robot_localization:/home/rhitam/ros2_ws/install/nmea_msgs:/home/rhitam/ros2_ws/install/my_robot_navigation:/home/rhitam/exoskeleton-v1/install/nmotion_transport:/home/rhitam/exoskeleton-v1/install/cubemars_v1:/home/rhitam/ros2_ws/install/wit_ros2_imu:/home/rhitam/ros2_ws/install/my_robot:/home/rhitam/ros2_ws/install/my_package:/home/rhitam/ros2_ws/install/jsl:/home/rhitam/ros2_ws/install/encoder:/opt/ros/humble:/home/rhitam/ros2_ws/install/my_robot_description:/home/rhitam/ros2_ws/install/geographic_info:/home/rhitam/ros2_ws/install/geodesy:/home/rhitam/ros2_ws/install/geographic_msgs:/home/rhitam/ros2_ws/install/diagnostic_common_diagnostics:/home/rhitam/ros2_ws/install/diagnostic_updater:/home/rhitam/ros2_ws/install/diagnostic_remote_logging:/home/rhitam/ros2_ws/install/diagnostic_aggregator:/home/rhitam/ros2_ws/install/angles LD_LIBRARY_PATH=/home/rhitam/exoskeleton-v1/install/nmotion_transport_cpp/lib:${LD_LIBRARY_PATH} /usr/bin/cmake --install /home/rhitam/exoskeleton-v1/build/cubemars_v1_cpp
