-- The C compiler identification is GNU 11.4.0
-- The CXX compiler identification is GNU 11.4.0
-- Detecting C compiler ABI info
-- Detecting C compiler ABI info - done
-- Check for working C compiler: /usr/bin/cc - skipped
-- Detecting C compile features
-- Detecting C compile features - done
-- Detecting CXX compiler ABI info
-- Detecting CXX compiler ABI info - done
-- Check for working CXX compiler: /usr/bin/c++ - skipped
-- Detecting CXX compile features
-- Detecting CXX compile features - done
-- Found ament_cmake: 1.3.12 (/opt/ros/humble/share/ament_cmake/cmake)
-- Found Python3: /usr/bin/python3 (found version "3.10.12") found components: Interpreter 
-- Configuring done
-- Generating done
-- Build files have been written to: /home/rhitam/exoskeleton-v1/build/nmotion_transport_cpp
[ 33%] Building CXX object CMakeFiles/nmotion_transport_cpp.dir/src/core/usb_interface.cpp.o
[ 66%] Building CXX object CMakeFiles/nmotion_transport_cpp.dir/src/core/ncoder.cpp.o
[100%] Linking CXX shared library libnmotion_transport_cpp.so
[100%] Built target nmotion_transport_cpp
-- Install configuration: ""
-- Installing: /home/rhitam/exoskeleton-v1/install/nmotion_transport_cpp/lib/libnmotion_transport_cpp.so
-- Installing: /home/rhitam/exoskeleton-v1/install/nmotion_transport_cpp/include
-- Installing: /home/rhitam/exoskeleton-v1/install/nmotion_transport_cpp/include/nmotion_transport_cpp
-- Installing: /home/rhitam/exoskeleton-v1/install/nmotion_transport_cpp/include/nmotion_transport_cpp/nmotion_transport.hpp
-- Installing: /home/rhitam/exoskeleton-v1/install/nmotion_transport_cpp/include/nmotion_transport_cpp/core
-- Installing: /home/rhitam/exoskeleton-v1/install/nmotion_transport_cpp/include/nmotion_transport_cpp/core/ncoder.hpp
-- Installing: /home/rhitam/exoskeleton-v1/install/nmotion_transport_cpp/include/nmotion_transport_cpp/core/usb_interface.hpp
-- Installing: /home/rhitam/exoskeleton-v1/install/nmotion_transport_cpp/share/nmotion_transport_cpp/environment/library_path.sh
-- Installing: /home/rhitam/exoskeleton-v1/install/nmotion_transport_cpp/share/nmotion_transport_cpp/environment/library_path.dsv
-- Installing: /home/rhitam/exoskeleton-v1/install/nmotion_transport_cpp/share/ament_index/resource_index/package_run_dependencies/nmotion_transport_cpp
-- Installing: /home/rhitam/exoskeleton-v1/install/nmotion_transport_cpp/share/ament_index/resource_index/parent_prefix_path/nmotion_transport_cpp
-- Installing: /home/rhitam/exoskeleton-v1/install/nmotion_transport_cpp/share/nmotion_transport_cpp/environment/ament_prefix_path.sh
-- Installing: /home/rhitam/exoskeleton-v1/install/nmotion_transport_cpp/share/nmotion_transport_cpp/environment/ament_prefix_path.dsv
-- Installing: /home/rhitam/exoskeleton-v1/install/nmotion_transport_cpp/share/nmotion_transport_cpp/environment/path.sh
-- Installing: /home/rhitam/exoskeleton-v1/install/nmotion_transport_cpp/share/nmotion_transport_cpp/environment/path.dsv
-- Installing: /home/rhitam/exoskeleton-v1/install/nmotion_transport_cpp/share/nmotion_transport_cpp/local_setup.bash
-- Installing: /home/rhitam/exoskeleton-v1/install/nmotion_transport_cpp/share/nmotion_transport_cpp/local_setup.sh
-- Installing: /home/rhitam/exoskeleton-v1/install/nmotion_transport_cpp/share/nmotion_transport_cpp/local_setup.zsh
-- Installing: /home/rhitam/exoskeleton-v1/install/nmotion_transport_cpp/share/nmotion_transport_cpp/local_setup.dsv
-- Installing: /home/rhitam/exoskeleton-v1/install/nmotion_transport_cpp/share/nmotion_transport_cpp/package.dsv
-- Installing: /home/rhitam/exoskeleton-v1/install/nmotion_transport_cpp/share/ament_index/resource_index/packages/nmotion_transport_cpp
-- Installing: /home/rhitam/exoskeleton-v1/install/nmotion_transport_cpp/share/nmotion_transport_cpp/cmake/export_nmotion_transport_cppExport.cmake
-- Installing: /home/rhitam/exoskeleton-v1/install/nmotion_transport_cpp/share/nmotion_transport_cpp/cmake/export_nmotion_transport_cppExport-noconfig.cmake
-- Installing: /home/rhitam/exoskeleton-v1/install/nmotion_transport_cpp/share/nmotion_transport_cpp/cmake/ament_cmake_export_targets-extras.cmake
-- Installing: /home/rhitam/exoskeleton-v1/install/nmotion_transport_cpp/share/nmotion_transport_cpp/cmake/ament_cmake_export_include_directories-extras.cmake
-- Installing: /home/rhitam/exoskeleton-v1/install/nmotion_transport_cpp/share/nmotion_transport_cpp/cmake/ament_cmake_export_libraries-extras.cmake
-- Installing: /home/rhitam/exoskeleton-v1/install/nmotion_transport_cpp/share/nmotion_transport_cpp/cmake/nmotion_transport_cppConfig.cmake
-- Installing: /home/rhitam/exoskeleton-v1/install/nmotion_transport_cpp/share/nmotion_transport_cpp/cmake/nmotion_transport_cppConfig-version.cmake
-- Installing: /home/rhitam/exoskeleton-v1/install/nmotion_transport_cpp/share/nmotion_transport_cpp/package.xml
