[0.631s] Invoking command in '/home/rhitam/exoskeleton-v1/src/cubemars_v1': PYTHONPATH=/home/rhitam/exoskeleton-v1/build/cubemars_v1/prefix_override:/usr/lib/python3/dist-packages/colcon_core/task/python/colcon_distutils_commands:/home/rhitam/exoskeleton-v1/install/cubemars_v1/lib/python3.10/site-packages:${PYTHONPATH} /usr/bin/python3 -W ignore:setup.py install is deprecated -W ignore:easy_install command is deprecated setup.py egg_info --egg-base ../../build/cubemars_v1 build --build-base /home/rhitam/exoskeleton-v1/build/cubemars_v1/build install --record /home/rhitam/exoskeleton-v1/build/cubemars_v1/install.log --single-version-externally-managed install_data
[0.805s] running egg_info
[0.806s] writing ../../build/cubemars_v1/cubemars_v1.egg-info/PKG-INFO
[0.806s] writing dependency_links to ../../build/cubemars_v1/cubemars_v1.egg-info/dependency_links.txt
[0.806s] writing entry points to ../../build/cubemars_v1/cubemars_v1.egg-info/entry_points.txt
[0.806s] writing requirements to ../../build/cubemars_v1/cubemars_v1.egg-info/requires.txt
[0.806s] writing top-level names to ../../build/cubemars_v1/cubemars_v1.egg-info/top_level.txt
[0.807s] reading manifest file '../../build/cubemars_v1/cubemars_v1.egg-info/SOURCES.txt'
[0.808s] writing manifest file '../../build/cubemars_v1/cubemars_v1.egg-info/SOURCES.txt'
[0.808s] running build
[0.808s] running build_py
[0.808s] copying cubemars_v1/hip_continous_pub.py -> /home/rhitam/exoskeleton-v1/build/cubemars_v1/build/lib/cubemars_v1
[0.808s] running install
[0.808s] running install_lib
[0.809s] copying /home/rhitam/exoskeleton-v1/build/cubemars_v1/build/lib/cubemars_v1/hip_continous_pub.py -> /home/rhitam/exoskeleton-v1/install/cubemars_v1/lib/python3.10/site-packages/cubemars_v1
[0.809s] byte-compiling /home/rhitam/exoskeleton-v1/install/cubemars_v1/lib/python3.10/site-packages/cubemars_v1/hip_continous_pub.py to hip_continous_pub.cpython-310.pyc
[0.810s] running install_data
[0.810s] running install_egg_info
[0.812s] removing '/home/rhitam/exoskeleton-v1/install/cubemars_v1/lib/python3.10/site-packages/cubemars_v1-0.0.0-py3.10.egg-info' (and everything under it)
[0.812s] Copying ../../build/cubemars_v1/cubemars_v1.egg-info to /home/rhitam/exoskeleton-v1/install/cubemars_v1/lib/python3.10/site-packages/cubemars_v1-0.0.0-py3.10.egg-info
[0.812s] running install_scripts
[0.826s] Installing encoder_pub script to /home/rhitam/exoskeleton-v1/install/cubemars_v1/lib/cubemars_v1
[0.826s] Installing hip_const_pub script to /home/rhitam/exoskeleton-v1/install/cubemars_v1/lib/cubemars_v1
[0.826s] Installing hip_cont_pub script to /home/rhitam/exoskeleton-v1/install/cubemars_v1/lib/cubemars_v1
[0.826s] Installing hip_logger_sub script to /home/rhitam/exoskeleton-v1/install/cubemars_v1/lib/cubemars_v1
[0.826s] writing list of installed files to '/home/rhitam/exoskeleton-v1/build/cubemars_v1/install.log'
[0.840s] Invoked command in '/home/rhitam/exoskeleton-v1/src/cubemars_v1' returned '0': PYTHONPATH=/home/rhitam/exoskeleton-v1/build/cubemars_v1/prefix_override:/usr/lib/python3/dist-packages/colcon_core/task/python/colcon_distutils_commands:/home/rhitam/exoskeleton-v1/install/cubemars_v1/lib/python3.10/site-packages:${PYTHONPATH} /usr/bin/python3 -W ignore:setup.py install is deprecated -W ignore:easy_install command is deprecated setup.py egg_info --egg-base ../../build/cubemars_v1 build --build-base /home/rhitam/exoskeleton-v1/build/cubemars_v1/build install --record /home/rhitam/exoskeleton-v1/build/cubemars_v1/install.log --single-version-externally-managed install_data
