[0.122s] DEBUG:colcon:Command line arguments: ['/usr/bin/colcon', 'build']
[0.122s] DEBUG:colcon:Parsed command line arguments: Namespace(log_base=None, log_level=None, verb_name='build', build_base='build', install_base='install', merge_install=False, symlink_install=False, test_result_base=None, continue_on_error=False, executor='parallel', parallel_workers=20, event_handlers=None, ignore_user_meta=False, metas=['./colcon.meta'], base_paths=['.'], packages_ignore=None, packages_ignore_regex=None, paths=None, packages_up_to=None, packages_up_to_regex=None, packages_above=None, packages_above_and_dependencies=None, packages_above_depth=None, packages_select_by_dep=None, packages_skip_by_dep=None, packages_skip_up_to=None, packages_select_build_failed=False, packages_skip_build_finished=False, packages_select_test_failures=False, packages_skip_test_passed=False, packages_select=None, packages_skip=None, packages_select_regex=None, packages_skip_regex=None, packages_start=None, packages_end=None, allow_overriding=[], cmake_args=None, cmake_target=None, cmake_target_skip_unavailable=False, cmake_clean_cache=False, cmake_clean_first=False, cmake_force_configure=False, ament_cmake_args=None, catkin_cmake_args=None, catkin_skip_building_tests=False, verb_parser=<colcon_defaults.argument_parser.defaults.DefaultArgumentsDecorator object at 0x7dd07188b8b0>, verb_extension=<colcon_core.verb.build.BuildVerb object at 0x7dd071969f00>, main=<bound method BuildVerb.main of <colcon_core.verb.build.BuildVerb object at 0x7dd071969f00>>)
[0.165s] Level 1:colcon.colcon_core.package_discovery:discover_packages(colcon_meta) check parameters
[0.165s] Level 1:colcon.colcon_core.package_discovery:discover_packages(recursive) check parameters
[0.165s] Level 1:colcon.colcon_core.package_discovery:discover_packages(ignore) check parameters
[0.165s] Level 1:colcon.colcon_core.package_discovery:discover_packages(path) check parameters
[0.165s] Level 1:colcon.colcon_core.package_discovery:discover_packages(colcon_meta) discover
[0.165s] Level 1:colcon.colcon_core.package_discovery:discover_packages(recursive) discover
[0.165s] INFO:colcon.colcon_core.package_discovery:Crawling recursively for packages in '/home/rhitam/exoskeleton-v1'
[0.165s] Level 1:colcon.colcon_core.package_identification:_identify(.) by extensions ['ignore', 'ignore_ament_install']
[0.166s] Level 1:colcon.colcon_core.package_identification:_identify(.) by extension 'ignore'
[0.166s] Level 1:colcon.colcon_core.package_identification:_identify(.) by extension 'ignore_ament_install'
[0.166s] Level 1:colcon.colcon_core.package_identification:_identify(.) by extensions ['colcon_pkg']
[0.166s] Level 1:colcon.colcon_core.package_identification:_identify(.) by extension 'colcon_pkg'
[0.166s] Level 1:colcon.colcon_core.package_identification:_identify(.) by extensions ['colcon_meta']
[0.166s] Level 1:colcon.colcon_core.package_identification:_identify(.) by extension 'colcon_meta'
[0.166s] Level 1:colcon.colcon_core.package_identification:_identify(.) by extensions ['ros']
[0.166s] Level 1:colcon.colcon_core.package_identification:_identify(.) by extension 'ros'
[0.177s] Level 1:colcon.colcon_core.package_identification:_identify(.) by extensions ['cmake', 'python']
[0.177s] Level 1:colcon.colcon_core.package_identification:_identify(.) by extension 'cmake'
[0.177s] Level 1:colcon.colcon_core.package_identification:_identify(.) by extension 'python'
[0.177s] Level 1:colcon.colcon_core.package_identification:_identify(.) by extensions ['python_setup_py']
[0.177s] Level 1:colcon.colcon_core.package_identification:_identify(.) by extension 'python_setup_py'
[0.178s] Level 1:colcon.colcon_core.package_identification:_identify(build) by extensions ['ignore', 'ignore_ament_install']
[0.178s] Level 1:colcon.colcon_core.package_identification:_identify(build) by extension 'ignore'
[0.178s] Level 1:colcon.colcon_core.package_identification:_identify(build) ignored
[0.178s] Level 1:colcon.colcon_core.package_identification:_identify(install) by extensions ['ignore', 'ignore_ament_install']
[0.178s] Level 1:colcon.colcon_core.package_identification:_identify(install) by extension 'ignore'
[0.178s] Level 1:colcon.colcon_core.package_identification:_identify(install) ignored
[0.178s] Level 1:colcon.colcon_core.package_identification:_identify(log) by extensions ['ignore', 'ignore_ament_install']
[0.178s] Level 1:colcon.colcon_core.package_identification:_identify(log) by extension 'ignore'
[0.178s] Level 1:colcon.colcon_core.package_identification:_identify(log) ignored
[0.178s] Level 1:colcon.colcon_core.package_identification:_identify(logs) by extensions ['ignore', 'ignore_ament_install']
[0.178s] Level 1:colcon.colcon_core.package_identification:_identify(logs) by extension 'ignore'
[0.178s] Level 1:colcon.colcon_core.package_identification:_identify(logs) by extension 'ignore_ament_install'
[0.178s] Level 1:colcon.colcon_core.package_identification:_identify(logs) by extensions ['colcon_pkg']
[0.178s] Level 1:colcon.colcon_core.package_identification:_identify(logs) by extension 'colcon_pkg'
[0.179s] Level 1:colcon.colcon_core.package_identification:_identify(logs) by extensions ['colcon_meta']
[0.179s] Level 1:colcon.colcon_core.package_identification:_identify(logs) by extension 'colcon_meta'
[0.179s] Level 1:colcon.colcon_core.package_identification:_identify(logs) by extensions ['ros']
[0.179s] Level 1:colcon.colcon_core.package_identification:_identify(logs) by extension 'ros'
[0.179s] Level 1:colcon.colcon_core.package_identification:_identify(logs) by extensions ['cmake', 'python']
[0.179s] Level 1:colcon.colcon_core.package_identification:_identify(logs) by extension 'cmake'
[0.179s] Level 1:colcon.colcon_core.package_identification:_identify(logs) by extension 'python'
[0.179s] Level 1:colcon.colcon_core.package_identification:_identify(logs) by extensions ['python_setup_py']
[0.179s] Level 1:colcon.colcon_core.package_identification:_identify(logs) by extension 'python_setup_py'
[0.179s] Level 1:colcon.colcon_core.package_identification:_identify(logs/hip) by extensions ['ignore', 'ignore_ament_install']
[0.179s] Level 1:colcon.colcon_core.package_identification:_identify(logs/hip) by extension 'ignore'
[0.179s] Level 1:colcon.colcon_core.package_identification:_identify(logs/hip) by extension 'ignore_ament_install'
[0.179s] Level 1:colcon.colcon_core.package_identification:_identify(logs/hip) by extensions ['colcon_pkg']
[0.179s] Level 1:colcon.colcon_core.package_identification:_identify(logs/hip) by extension 'colcon_pkg'
[0.179s] Level 1:colcon.colcon_core.package_identification:_identify(logs/hip) by extensions ['colcon_meta']
[0.179s] Level 1:colcon.colcon_core.package_identification:_identify(logs/hip) by extension 'colcon_meta'
[0.179s] Level 1:colcon.colcon_core.package_identification:_identify(logs/hip) by extensions ['ros']
[0.179s] Level 1:colcon.colcon_core.package_identification:_identify(logs/hip) by extension 'ros'
[0.179s] Level 1:colcon.colcon_core.package_identification:_identify(logs/hip) by extensions ['cmake', 'python']
[0.179s] Level 1:colcon.colcon_core.package_identification:_identify(logs/hip) by extension 'cmake'
[0.179s] Level 1:colcon.colcon_core.package_identification:_identify(logs/hip) by extension 'python'
[0.179s] Level 1:colcon.colcon_core.package_identification:_identify(logs/hip) by extensions ['python_setup_py']
[0.179s] Level 1:colcon.colcon_core.package_identification:_identify(logs/hip) by extension 'python_setup_py'
[0.179s] Level 1:colcon.colcon_core.package_identification:_identify(logs/hip/hip_run_20260406_142600) by extensions ['ignore', 'ignore_ament_install']
[0.179s] Level 1:colcon.colcon_core.package_identification:_identify(logs/hip/hip_run_20260406_142600) by extension 'ignore'
[0.179s] Level 1:colcon.colcon_core.package_identification:_identify(logs/hip/hip_run_20260406_142600) by extension 'ignore_ament_install'
[0.179s] Level 1:colcon.colcon_core.package_identification:_identify(logs/hip/hip_run_20260406_142600) by extensions ['colcon_pkg']
[0.179s] Level 1:colcon.colcon_core.package_identification:_identify(logs/hip/hip_run_20260406_142600) by extension 'colcon_pkg'
[0.179s] Level 1:colcon.colcon_core.package_identification:_identify(logs/hip/hip_run_20260406_142600) by extensions ['colcon_meta']
[0.179s] Level 1:colcon.colcon_core.package_identification:_identify(logs/hip/hip_run_20260406_142600) by extension 'colcon_meta'
[0.179s] Level 1:colcon.colcon_core.package_identification:_identify(logs/hip/hip_run_20260406_142600) by extensions ['ros']
[0.179s] Level 1:colcon.colcon_core.package_identification:_identify(logs/hip/hip_run_20260406_142600) by extension 'ros'
[0.179s] Level 1:colcon.colcon_core.package_identification:_identify(logs/hip/hip_run_20260406_142600) by extensions ['cmake', 'python']
[0.180s] Level 1:colcon.colcon_core.package_identification:_identify(logs/hip/hip_run_20260406_142600) by extension 'cmake'
[0.180s] Level 1:colcon.colcon_core.package_identification:_identify(logs/hip/hip_run_20260406_142600) by extension 'python'
[0.180s] Level 1:colcon.colcon_core.package_identification:_identify(logs/hip/hip_run_20260406_142600) by extensions ['python_setup_py']
[0.180s] Level 1:colcon.colcon_core.package_identification:_identify(logs/hip/hip_run_20260406_142600) by extension 'python_setup_py'
[0.180s] Level 1:colcon.colcon_core.package_identification:_identify(src) by extensions ['ignore', 'ignore_ament_install']
[0.180s] Level 1:colcon.colcon_core.package_identification:_identify(src) by extension 'ignore'
[0.180s] Level 1:colcon.colcon_core.package_identification:_identify(src) by extension 'ignore_ament_install'
[0.180s] Level 1:colcon.colcon_core.package_identification:_identify(src) by extensions ['colcon_pkg']
[0.180s] Level 1:colcon.colcon_core.package_identification:_identify(src) by extension 'colcon_pkg'
[0.180s] Level 1:colcon.colcon_core.package_identification:_identify(src) by extensions ['colcon_meta']
[0.180s] Level 1:colcon.colcon_core.package_identification:_identify(src) by extension 'colcon_meta'
[0.180s] Level 1:colcon.colcon_core.package_identification:_identify(src) by extensions ['ros']
[0.180s] Level 1:colcon.colcon_core.package_identification:_identify(src) by extension 'ros'
[0.180s] Level 1:colcon.colcon_core.package_identification:_identify(src) by extensions ['cmake', 'python']
[0.180s] Level 1:colcon.colcon_core.package_identification:_identify(src) by extension 'cmake'
[0.180s] Level 1:colcon.colcon_core.package_identification:_identify(src) by extension 'python'
[0.180s] Level 1:colcon.colcon_core.package_identification:_identify(src) by extensions ['python_setup_py']
[0.180s] Level 1:colcon.colcon_core.package_identification:_identify(src) by extension 'python_setup_py'
[0.180s] Level 1:colcon.colcon_core.package_identification:_identify(src/cubemars_v1) by extensions ['ignore', 'ignore_ament_install']
[0.180s] Level 1:colcon.colcon_core.package_identification:_identify(src/cubemars_v1) by extension 'ignore'
[0.180s] Level 1:colcon.colcon_core.package_identification:_identify(src/cubemars_v1) by extension 'ignore_ament_install'
[0.180s] Level 1:colcon.colcon_core.package_identification:_identify(src/cubemars_v1) by extensions ['colcon_pkg']
[0.180s] Level 1:colcon.colcon_core.package_identification:_identify(src/cubemars_v1) by extension 'colcon_pkg'
[0.180s] Level 1:colcon.colcon_core.package_identification:_identify(src/cubemars_v1) by extensions ['colcon_meta']
[0.180s] Level 1:colcon.colcon_core.package_identification:_identify(src/cubemars_v1) by extension 'colcon_meta'
[0.180s] Level 1:colcon.colcon_core.package_identification:_identify(src/cubemars_v1) by extensions ['ros']
[0.180s] Level 1:colcon.colcon_core.package_identification:_identify(src/cubemars_v1) by extension 'ros'
[0.183s] DEBUG:colcon.colcon_core.package_identification:Package 'src/cubemars_v1' with type 'ros.ament_python' and name 'cubemars_v1'
[0.184s] Level 1:colcon.colcon_core.package_identification:_identify(src/nmotion_transport) by extensions ['ignore', 'ignore_ament_install']
[0.184s] Level 1:colcon.colcon_core.package_identification:_identify(src/nmotion_transport) by extension 'ignore'
[0.184s] Level 1:colcon.colcon_core.package_identification:_identify(src/nmotion_transport) by extension 'ignore_ament_install'
[0.184s] Level 1:colcon.colcon_core.package_identification:_identify(src/nmotion_transport) by extensions ['colcon_pkg']
[0.184s] Level 1:colcon.colcon_core.package_identification:_identify(src/nmotion_transport) by extension 'colcon_pkg'
[0.184s] Level 1:colcon.colcon_core.package_identification:_identify(src/nmotion_transport) by extensions ['colcon_meta']
[0.184s] Level 1:colcon.colcon_core.package_identification:_identify(src/nmotion_transport) by extension 'colcon_meta'
[0.184s] Level 1:colcon.colcon_core.package_identification:_identify(src/nmotion_transport) by extensions ['ros']
[0.184s] Level 1:colcon.colcon_core.package_identification:_identify(src/nmotion_transport) by extension 'ros'
[0.184s] DEBUG:colcon.colcon_core.package_identification:Package 'src/nmotion_transport' with type 'ros.ament_python' and name 'nmotion_transport'
[0.184s] Level 1:colcon.colcon_core.package_discovery:discover_packages(recursive) using defaults
[0.184s] Level 1:colcon.colcon_core.package_discovery:discover_packages(ignore) discover
[0.184s] Level 1:colcon.colcon_core.package_discovery:discover_packages(ignore) using defaults
[0.184s] Level 1:colcon.colcon_core.package_discovery:discover_packages(path) discover
[0.184s] Level 1:colcon.colcon_core.package_discovery:discover_packages(path) using defaults
[0.203s] Level 1:colcon.colcon_core.package_discovery:discover_packages(prefix_path) check parameters
[0.203s] Level 1:colcon.colcon_core.package_discovery:discover_packages(prefix_path) discover
[0.206s] DEBUG:colcon.colcon_installed_package_information.package_discovery:Found 1 installed packages in /home/rhitam/xlogic/install
[0.207s] DEBUG:colcon.colcon_installed_package_information.package_discovery:Found 2 installed packages in /home/rhitam/exoskeleton-v1/install
[0.207s] DEBUG:colcon.colcon_installed_package_information.package_discovery:Found 50 installed packages in /home/rhitam/ros2_ws/install
[0.208s] DEBUG:colcon.colcon_installed_package_information.package_discovery:Found 487 installed packages in /opt/ros/humble
[0.210s] Level 1:colcon.colcon_core.package_discovery:discover_packages(prefix_path) using defaults
[0.303s] Level 5:colcon.colcon_core.verb:set package 'cubemars_v1' build argument 'cmake_args' from command line to 'None'
[0.303s] Level 5:colcon.colcon_core.verb:set package 'cubemars_v1' build argument 'cmake_target' from command line to 'None'
[0.303s] Level 5:colcon.colcon_core.verb:set package 'cubemars_v1' build argument 'cmake_target_skip_unavailable' from command line to 'False'
[0.303s] Level 5:colcon.colcon_core.verb:set package 'cubemars_v1' build argument 'cmake_clean_cache' from command line to 'False'
[0.303s] Level 5:colcon.colcon_core.verb:set package 'cubemars_v1' build argument 'cmake_clean_first' from command line to 'False'
[0.303s] Level 5:colcon.colcon_core.verb:set package 'cubemars_v1' build argument 'cmake_force_configure' from command line to 'False'
[0.303s] Level 5:colcon.colcon_core.verb:set package 'cubemars_v1' build argument 'ament_cmake_args' from command line to 'None'
[0.303s] Level 5:colcon.colcon_core.verb:set package 'cubemars_v1' build argument 'catkin_cmake_args' from command line to 'None'
[0.303s] Level 5:colcon.colcon_core.verb:set package 'cubemars_v1' build argument 'catkin_skip_building_tests' from command line to 'False'
[0.303s] DEBUG:colcon.colcon_core.verb:Building package 'cubemars_v1' with the following arguments: {'ament_cmake_args': None, 'build_base': '/home/rhitam/exoskeleton-v1/build/cubemars_v1', 'catkin_cmake_args': None, 'catkin_skip_building_tests': False, 'cmake_args': None, 'cmake_clean_cache': False, 'cmake_clean_first': False, 'cmake_force_configure': False, 'cmake_target': None, 'cmake_target_skip_unavailable': False, 'install_base': '/home/rhitam/exoskeleton-v1/install/cubemars_v1', 'merge_install': False, 'path': '/home/rhitam/exoskeleton-v1/src/cubemars_v1', 'symlink_install': False, 'test_result_base': None}
[0.303s] Level 5:colcon.colcon_core.verb:set package 'nmotion_transport' build argument 'cmake_args' from command line to 'None'
[0.303s] Level 5:colcon.colcon_core.verb:set package 'nmotion_transport' build argument 'cmake_target' from command line to 'None'
[0.303s] Level 5:colcon.colcon_core.verb:set package 'nmotion_transport' build argument 'cmake_target_skip_unavailable' from command line to 'False'
[0.303s] Level 5:colcon.colcon_core.verb:set package 'nmotion_transport' build argument 'cmake_clean_cache' from command line to 'False'
[0.303s] Level 5:colcon.colcon_core.verb:set package 'nmotion_transport' build argument 'cmake_clean_first' from command line to 'False'
[0.303s] Level 5:colcon.colcon_core.verb:set package 'nmotion_transport' build argument 'cmake_force_configure' from command line to 'False'
[0.303s] Level 5:colcon.colcon_core.verb:set package 'nmotion_transport' build argument 'ament_cmake_args' from command line to 'None'
[0.303s] Level 5:colcon.colcon_core.verb:set package 'nmotion_transport' build argument 'catkin_cmake_args' from command line to 'None'
[0.303s] Level 5:colcon.colcon_core.verb:set package 'nmotion_transport' build argument 'catkin_skip_building_tests' from command line to 'False'
[0.304s] DEBUG:colcon.colcon_core.verb:Building package 'nmotion_transport' with the following arguments: {'ament_cmake_args': None, 'build_base': '/home/rhitam/exoskeleton-v1/build/nmotion_transport', 'catkin_cmake_args': None, 'catkin_skip_building_tests': False, 'cmake_args': None, 'cmake_clean_cache': False, 'cmake_clean_first': False, 'cmake_force_configure': False, 'cmake_target': None, 'cmake_target_skip_unavailable': False, 'install_base': '/home/rhitam/exoskeleton-v1/install/nmotion_transport', 'merge_install': False, 'path': '/home/rhitam/exoskeleton-v1/src/nmotion_transport', 'symlink_install': False, 'test_result_base': None}
[0.304s] INFO:colcon.colcon_core.executor:Executing jobs using 'parallel' executor
[0.305s] DEBUG:colcon.colcon_parallel_executor.executor.parallel:run_until_complete
[0.305s] INFO:colcon.colcon_ros.task.ament_python.build:Building ROS package in '/home/rhitam/exoskeleton-v1/src/cubemars_v1' with build type 'ament_python'
[0.305s] Level 1:colcon.colcon_core.shell:create_environment_hook('cubemars_v1', 'ament_prefix_path')
[0.309s] INFO:colcon.colcon_core.plugin_system:Skipping extension 'colcon_core.shell.bat': Not used on non-Windows systems
[0.309s] INFO:colcon.colcon_core.shell:Creating environment hook '/home/rhitam/exoskeleton-v1/install/cubemars_v1/share/cubemars_v1/hook/ament_prefix_path.ps1'
[0.310s] INFO:colcon.colcon_core.shell:Creating environment descriptor '/home/rhitam/exoskeleton-v1/install/cubemars_v1/share/cubemars_v1/hook/ament_prefix_path.dsv'
[0.310s] INFO:colcon.colcon_core.shell:Creating environment hook '/home/rhitam/exoskeleton-v1/install/cubemars_v1/share/cubemars_v1/hook/ament_prefix_path.sh'
[0.311s] INFO:colcon.colcon_core.shell:Skip shell extension 'powershell' for command environment: Not usable outside of PowerShell
[0.311s] DEBUG:colcon.colcon_core.shell:Skip shell extension 'dsv' for command environment
[0.315s] INFO:colcon.colcon_ros.task.ament_python.build:Building ROS package in '/home/rhitam/exoskeleton-v1/src/nmotion_transport' with build type 'ament_python'
[0.315s] Level 1:colcon.colcon_core.shell:create_environment_hook('nmotion_transport', 'ament_prefix_path')
[0.315s] INFO:colcon.colcon_core.shell:Creating environment hook '/home/rhitam/exoskeleton-v1/install/nmotion_transport/share/nmotion_transport/hook/ament_prefix_path.ps1'
[0.316s] INFO:colcon.colcon_core.shell:Creating environment descriptor '/home/rhitam/exoskeleton-v1/install/nmotion_transport/share/nmotion_transport/hook/ament_prefix_path.dsv'
[0.316s] INFO:colcon.colcon_core.shell:Creating environment hook '/home/rhitam/exoskeleton-v1/install/nmotion_transport/share/nmotion_transport/hook/ament_prefix_path.sh'
[0.316s] INFO:colcon.colcon_core.shell:Skip shell extension 'powershell' for command environment: Not usable outside of PowerShell
[0.316s] DEBUG:colcon.colcon_core.shell:Skip shell extension 'dsv' for command environment
[0.469s] INFO:colcon.colcon_core.task.python.build:Building Python package in '/home/rhitam/exoskeleton-v1/src/cubemars_v1'
[0.469s] INFO:colcon.colcon_core.shell:Skip shell extension 'powershell' for command environment: Not usable outside of PowerShell
[0.469s] DEBUG:colcon.colcon_core.shell:Skip shell extension 'dsv' for command environment
[0.620s] WARNING:colcon.colcon_ros.task.ament_python.build:Package 'nmotion_transport' doesn't explicitly install a marker in the package index (colcon-ros currently does it implicitly but that fallback will be removed in the future)
[0.621s] WARNING:colcon.colcon_ros.task.ament_python.build:Package 'nmotion_transport' doesn't explicitly install the 'package.xml' file (colcon-ros currently does it implicitly but that fallback will be removed in the future)
[0.621s] INFO:colcon.colcon_core.task.python.build:Building Python package in '/home/rhitam/exoskeleton-v1/src/nmotion_transport'
[0.621s] INFO:colcon.colcon_core.shell:Skip shell extension 'powershell' for command environment: Not usable outside of PowerShell
[0.621s] DEBUG:colcon.colcon_core.shell:Skip shell extension 'dsv' for command environment
[0.972s] DEBUG:colcon.colcon_core.event_handler.log_command:Invoking command in '/home/rhitam/exoskeleton-v1/src/nmotion_transport': PYTHONPATH=/home/rhitam/exoskeleton-v1/build/nmotion_transport/prefix_override:/usr/lib/python3/dist-packages/colcon_core/task/python/colcon_distutils_commands:/home/rhitam/exoskeleton-v1/install/nmotion_transport/lib/python3.10/site-packages:${PYTHONPATH} /usr/bin/python3 -W ignore:setup.py install is deprecated -W ignore:easy_install command is deprecated setup.py egg_info --egg-base ../../build/nmotion_transport build --build-base /home/rhitam/exoskeleton-v1/build/nmotion_transport/build install --record /home/rhitam/exoskeleton-v1/build/nmotion_transport/install.log --single-version-externally-managed
[0.976s] DEBUG:colcon.colcon_core.event_handler.log_command:Invoking command in '/home/rhitam/exoskeleton-v1/src/cubemars_v1': PYTHONPATH=/home/rhitam/exoskeleton-v1/build/cubemars_v1/prefix_override:/usr/lib/python3/dist-packages/colcon_core/task/python/colcon_distutils_commands:/home/rhitam/exoskeleton-v1/install/cubemars_v1/lib/python3.10/site-packages:${PYTHONPATH} /usr/bin/python3 -W ignore:setup.py install is deprecated -W ignore:easy_install command is deprecated setup.py egg_info --egg-base ../../build/cubemars_v1 build --build-base /home/rhitam/exoskeleton-v1/build/cubemars_v1/build install --record /home/rhitam/exoskeleton-v1/build/cubemars_v1/install.log --single-version-externally-managed install_data
[1.258s] DEBUG:colcon.colcon_core.event_handler.log_command:Invoked command in '/home/rhitam/exoskeleton-v1/src/nmotion_transport' returned '0': PYTHONPATH=/home/rhitam/exoskeleton-v1/build/nmotion_transport/prefix_override:/usr/lib/python3/dist-packages/colcon_core/task/python/colcon_distutils_commands:/home/rhitam/exoskeleton-v1/install/nmotion_transport/lib/python3.10/site-packages:${PYTHONPATH} /usr/bin/python3 -W ignore:setup.py install is deprecated -W ignore:easy_install command is deprecated setup.py egg_info --egg-base ../../build/nmotion_transport build --build-base /home/rhitam/exoskeleton-v1/build/nmotion_transport/build install --record /home/rhitam/exoskeleton-v1/build/nmotion_transport/install.log --single-version-externally-managed
[1.261s] Level 1:colcon.colcon_core.environment:checking '/home/rhitam/exoskeleton-v1/install/nmotion_transport' for CMake module files
[1.262s] Level 1:colcon.colcon_core.environment:checking '/home/rhitam/exoskeleton-v1/install/nmotion_transport' for CMake config files
[1.262s] Level 1:colcon.colcon_core.environment:checking '/home/rhitam/exoskeleton-v1/install/nmotion_transport/lib'
[1.263s] Level 1:colcon.colcon_core.environment:checking '/home/rhitam/exoskeleton-v1/install/nmotion_transport/bin'
[1.263s] Level 1:colcon.colcon_core.environment:checking '/home/rhitam/exoskeleton-v1/install/nmotion_transport/lib/pkgconfig/nmotion_transport.pc'
[1.263s] Level 1:colcon.colcon_core.environment:checking '/home/rhitam/exoskeleton-v1/install/nmotion_transport/lib/python3.10/site-packages'
[1.263s] Level 1:colcon.colcon_core.shell:create_environment_hook('nmotion_transport', 'pythonpath')
[1.263s] INFO:colcon.colcon_core.shell:Creating environment hook '/home/rhitam/exoskeleton-v1/install/nmotion_transport/share/nmotion_transport/hook/pythonpath.ps1'
[1.263s] INFO:colcon.colcon_core.shell:Creating environment descriptor '/home/rhitam/exoskeleton-v1/install/nmotion_transport/share/nmotion_transport/hook/pythonpath.dsv'
[1.263s] INFO:colcon.colcon_core.shell:Creating environment hook '/home/rhitam/exoskeleton-v1/install/nmotion_transport/share/nmotion_transport/hook/pythonpath.sh'
[1.264s] Level 1:colcon.colcon_core.environment:checking '/home/rhitam/exoskeleton-v1/install/nmotion_transport/bin'
[1.264s] Level 1:colcon.colcon_core.environment:create_environment_scripts_only(nmotion_transport)
[1.264s] INFO:colcon.colcon_core.shell:Creating package script '/home/rhitam/exoskeleton-v1/install/nmotion_transport/share/nmotion_transport/package.ps1'
[1.265s] INFO:colcon.colcon_core.shell:Creating package descriptor '/home/rhitam/exoskeleton-v1/install/nmotion_transport/share/nmotion_transport/package.dsv'
[1.265s] INFO:colcon.colcon_core.shell:Creating package script '/home/rhitam/exoskeleton-v1/install/nmotion_transport/share/nmotion_transport/package.sh'
[1.266s] INFO:colcon.colcon_core.shell:Creating package script '/home/rhitam/exoskeleton-v1/install/nmotion_transport/share/nmotion_transport/package.bash'
[1.266s] INFO:colcon.colcon_core.shell:Creating package script '/home/rhitam/exoskeleton-v1/install/nmotion_transport/share/nmotion_transport/package.zsh'
[1.267s] Level 1:colcon.colcon_core.environment:create_file_with_runtime_dependencies(/home/rhitam/exoskeleton-v1/install/nmotion_transport/share/colcon-core/packages/nmotion_transport)
[1.270s] Level 1:colcon.colcon_core.environment:checking '/home/rhitam/exoskeleton-v1/install/cubemars_v1' for CMake module files
[1.270s] DEBUG:colcon.colcon_core.event_handler.log_command:Invoked command in '/home/rhitam/exoskeleton-v1/src/cubemars_v1' returned '0': PYTHONPATH=/home/rhitam/exoskeleton-v1/build/cubemars_v1/prefix_override:/usr/lib/python3/dist-packages/colcon_core/task/python/colcon_distutils_commands:/home/rhitam/exoskeleton-v1/install/cubemars_v1/lib/python3.10/site-packages:${PYTHONPATH} /usr/bin/python3 -W ignore:setup.py install is deprecated -W ignore:easy_install command is deprecated setup.py egg_info --egg-base ../../build/cubemars_v1 build --build-base /home/rhitam/exoskeleton-v1/build/cubemars_v1/build install --record /home/rhitam/exoskeleton-v1/build/cubemars_v1/install.log --single-version-externally-managed install_data
[1.270s] Level 1:colcon.colcon_core.environment:checking '/home/rhitam/exoskeleton-v1/install/cubemars_v1' for CMake config files
[1.271s] Level 1:colcon.colcon_core.environment:checking '/home/rhitam/exoskeleton-v1/install/cubemars_v1/lib'
[1.271s] Level 1:colcon.colcon_core.environment:checking '/home/rhitam/exoskeleton-v1/install/cubemars_v1/bin'
[1.271s] Level 1:colcon.colcon_core.environment:checking '/home/rhitam/exoskeleton-v1/install/cubemars_v1/lib/pkgconfig/cubemars_v1.pc'
[1.271s] Level 1:colcon.colcon_core.environment:checking '/home/rhitam/exoskeleton-v1/install/cubemars_v1/lib/python3.10/site-packages'
[1.271s] Level 1:colcon.colcon_core.shell:create_environment_hook('cubemars_v1', 'pythonpath')
[1.272s] INFO:colcon.colcon_core.shell:Creating environment hook '/home/rhitam/exoskeleton-v1/install/cubemars_v1/share/cubemars_v1/hook/pythonpath.ps1'
[1.272s] INFO:colcon.colcon_core.shell:Creating environment descriptor '/home/rhitam/exoskeleton-v1/install/cubemars_v1/share/cubemars_v1/hook/pythonpath.dsv'
[1.272s] INFO:colcon.colcon_core.shell:Creating environment hook '/home/rhitam/exoskeleton-v1/install/cubemars_v1/share/cubemars_v1/hook/pythonpath.sh'
[1.272s] Level 1:colcon.colcon_core.environment:checking '/home/rhitam/exoskeleton-v1/install/cubemars_v1/bin'
[1.272s] Level 1:colcon.colcon_core.environment:create_environment_scripts_only(cubemars_v1)
[1.273s] INFO:colcon.colcon_core.shell:Creating package script '/home/rhitam/exoskeleton-v1/install/cubemars_v1/share/cubemars_v1/package.ps1'
[1.273s] INFO:colcon.colcon_core.shell:Creating package descriptor '/home/rhitam/exoskeleton-v1/install/cubemars_v1/share/cubemars_v1/package.dsv'
[1.273s] INFO:colcon.colcon_core.shell:Creating package script '/home/rhitam/exoskeleton-v1/install/cubemars_v1/share/cubemars_v1/package.sh'
[1.273s] INFO:colcon.colcon_core.shell:Creating package script '/home/rhitam/exoskeleton-v1/install/cubemars_v1/share/cubemars_v1/package.bash'
[1.273s] INFO:colcon.colcon_core.shell:Creating package script '/home/rhitam/exoskeleton-v1/install/cubemars_v1/share/cubemars_v1/package.zsh'
[1.274s] Level 1:colcon.colcon_core.environment:create_file_with_runtime_dependencies(/home/rhitam/exoskeleton-v1/install/cubemars_v1/share/colcon-core/packages/cubemars_v1)
[1.274s] DEBUG:colcon.colcon_parallel_executor.executor.parallel:closing loop
[1.274s] DEBUG:colcon.colcon_parallel_executor.executor.parallel:loop closed
[1.274s] DEBUG:colcon.colcon_parallel_executor.executor.parallel:run_until_complete finished with '0'
[1.274s] DEBUG:colcon.colcon_core.event_reactor:joining thread
[1.280s] INFO:colcon.colcon_core.plugin_system:Skipping extension 'colcon_notification.desktop_notification.terminal_notifier': Not used on non-Darwin systems
[1.280s] INFO:colcon.colcon_core.plugin_system:Skipping extension 'colcon_notification.desktop_notification.win32': Not used on non-Windows systems
[1.280s] INFO:colcon.colcon_notification.desktop_notification:Sending desktop notification using 'notify2'
[1.298s] DEBUG:colcon.colcon_core.event_reactor:joined thread
[1.299s] INFO:colcon.colcon_core.shell:Creating prefix script '/home/rhitam/exoskeleton-v1/install/local_setup.ps1'
[1.300s] INFO:colcon.colcon_core.shell:Creating prefix util module '/home/rhitam/exoskeleton-v1/install/_local_setup_util_ps1.py'
[1.301s] INFO:colcon.colcon_core.shell:Creating prefix chain script '/home/rhitam/exoskeleton-v1/install/setup.ps1'
[1.303s] INFO:colcon.colcon_core.shell:Creating prefix script '/home/rhitam/exoskeleton-v1/install/local_setup.sh'
[1.303s] INFO:colcon.colcon_core.shell:Creating prefix util module '/home/rhitam/exoskeleton-v1/install/_local_setup_util_sh.py'
[1.304s] INFO:colcon.colcon_core.shell:Creating prefix chain script '/home/rhitam/exoskeleton-v1/install/setup.sh'
[1.306s] INFO:colcon.colcon_core.shell:Creating prefix script '/home/rhitam/exoskeleton-v1/install/local_setup.bash'
[1.306s] INFO:colcon.colcon_core.shell:Creating prefix chain script '/home/rhitam/exoskeleton-v1/install/setup.bash'
[1.307s] INFO:colcon.colcon_core.shell:Creating prefix script '/home/rhitam/exoskeleton-v1/install/local_setup.zsh'
[1.308s] INFO:colcon.colcon_core.shell:Creating prefix chain script '/home/rhitam/exoskeleton-v1/install/setup.zsh'
