[0.632s] Invoking command in '/home/rhitam/exoskeleton-v1/src/cubemars_v1': PYTHONPATH=/home/rhitam/exoskeleton-v1/build/cubemars_v1/prefix_override:/usr/lib/python3/dist-packages/colcon_core/task/python/colcon_distutils_commands:/home/rhitam/exoskeleton-v1/install/cubemars_v1/lib/python3.10/site-packages:${PYTHONPATH} /usr/bin/python3 -W ignore:setup.py install is deprecated -W ignore:easy_install command is deprecated setup.py egg_info --egg-base ../../build/cubemars_v1 build --build-base /home/rhitam/exoskeleton-v1/build/cubemars_v1/build install --record /home/rhitam/exoskeleton-v1/build/cubemars_v1/install.log --single-version-externally-managed install_data
[0.791s] running egg_info
[0.792s] writing ../../build/cubemars_v1/cubemars_v1.egg-info/PKG-INFO
[0.792s] writing dependency_links to ../../build/cubemars_v1/cubemars_v1.egg-info/dependency_links.txt
[0.792s] writing entry points to ../../build/cubemars_v1/cubemars_v1.egg-info/entry_points.txt
[0.792s] writing requirements to ../../build/cubemars_v1/cubemars_v1.egg-info/requires.txt
[0.792s] writing top-level names to ../../build/cubemars_v1/cubemars_v1.egg-info/top_level.txt
[0.793s] reading manifest file '../../build/cubemars_v1/cubemars_v1.egg-info/SOURCES.txt'
[0.794s] writing manifest file '../../build/cubemars_v1/cubemars_v1.egg-info/SOURCES.txt'
[0.794s] running build
[0.794s] running build_py
[0.794s] copying cubemars_v1/encoder_hip_pub.py -> /home/rhitam/exoskeleton-v1/build/cubemars_v1/build/lib/cubemars_v1
[0.794s] running install
[0.795s] running install_lib
[0.795s] copying /home/rhitam/exoskeleton-v1/build/cubemars_v1/build/lib/cubemars_v1/encoder_hip_pub.py -> /home/rhitam/exoskeleton-v1/install/cubemars_v1/lib/python3.10/site-packages/cubemars_v1
[0.795s] byte-compiling /home/rhitam/exoskeleton-v1/install/cubemars_v1/lib/python3.10/site-packages/cubemars_v1/encoder_hip_pub.py to encoder_hip_pub.cpython-310.pyc
[0.796s] running install_data
[0.796s] running install_egg_info
[0.797s] removing '/home/rhitam/exoskeleton-v1/install/cubemars_v1/lib/python3.10/site-packages/cubemars_v1-0.0.0-py3.10.egg-info' (and everything under it)
[0.797s] Copying ../../build/cubemars_v1/cubemars_v1.egg-info to /home/rhitam/exoskeleton-v1/install/cubemars_v1/lib/python3.10/site-packages/cubemars_v1-0.0.0-py3.10.egg-info
[0.798s] running install_scripts
[0.810s] Installing encoder_pub script to /home/rhitam/exoskeleton-v1/install/cubemars_v1/lib/cubemars_v1
[0.810s] Installing hip_const_pub script to /home/rhitam/exoskeleton-v1/install/cubemars_v1/lib/cubemars_v1
[0.810s] Installing hip_cont_pub script to /home/rhitam/exoskeleton-v1/install/cubemars_v1/lib/cubemars_v1
[0.810s] Installing hip_logger_sub script to /home/rhitam/exoskeleton-v1/install/cubemars_v1/lib/cubemars_v1
[0.810s] writing list of installed files to '/home/rhitam/exoskeleton-v1/build/cubemars_v1/install.log'
[0.830s] Invoked command in '/home/rhitam/exoskeleton-v1/src/cubemars_v1' returned '0': PYTHONPATH=/home/rhitam/exoskeleton-v1/build/cubemars_v1/prefix_override:/usr/lib/python3/dist-packages/colcon_core/task/python/colcon_distutils_commands:/home/rhitam/exoskeleton-v1/install/cubemars_v1/lib/python3.10/site-packages:${PYTHONPATH} /usr/bin/python3 -W ignore:setup.py install is deprecated -W ignore:easy_install command is deprecated setup.py egg_info --egg-base ../../build/cubemars_v1 build --build-base /home/rhitam/exoskeleton-v1/build/cubemars_v1/build install --record /home/rhitam/exoskeleton-v1/build/cubemars_v1/install.log --single-version-externally-managed install_data
