/home/rhitam/exoskeleton-v1/install/nmotion_transport/lib/python3.10/site-packages/nmotion_transport/__init__.py
/home/rhitam/exoskeleton-v1/install/nmotion_transport/lib/python3.10/site-packages/nmotion_transport/core/Driver.py
/home/rhitam/exoskeleton-v1/install/nmotion_transport/lib/python3.10/site-packages/nmotion_transport/core/UsbInterface.py
/home/rhitam/exoskeleton-v1/install/nmotion_transport/lib/python3.10/site-packages/nmotion_transport/core/Actuator.py
/home/rhitam/exoskeleton-v1/install/nmotion_transport/lib/python3.10/site-packages/nmotion_transport/core/CanInterface.py
/home/rhitam/exoskeleton-v1/install/nmotion_transport/lib/python3.10/site-packages/nmotion_transport/core/__init__.py
/home/rhitam/exoskeleton-v1/install/nmotion_transport/lib/python3.10/site-packages/nmotion_transport/core/NCoder.py
/home/rhitam/exoskeleton-v1/install/nmotion_transport/lib/python3.10/site-packages/nmotion_transport/core/utils.py
/home/rhitam/exoskeleton-v1/install/nmotion_transport/lib/python3.10/site-packages/nmotion_transport/core/IMU.py
/home/rhitam/exoskeleton-v1/install/nmotion_transport/lib/python3.10/site-packages/nmotion_transport/core/lib/libnmotion_transport_python.cpython-39-x86_64-linux-gnu.so
/home/rhitam/exoskeleton-v1/install/nmotion_transport/lib/python3.10/site-packages/nmotion_transport/core/lib/libnmotion_transport_python.cpython-38-x86_64-linux-gnu.so
/home/rhitam/exoskeleton-v1/install/nmotion_transport/lib/python3.10/site-packages/nmotion_transport/core/lib/libnmotion_transport_python.cpython-310-x86_64-linux-gnu.so
/home/rhitam/exoskeleton-v1/install/nmotion_transport/lib/python3.10/site-packages/nmotion_transport/core/lib/oss_licenses.txt
/home/rhitam/exoskeleton-v1/install/nmotion_transport/lib/python3.10/site-packages/nmotion_transport/__pycache__/__init__.cpython-310.pyc
/home/rhitam/exoskeleton-v1/install/nmotion_transport/lib/python3.10/site-packages/nmotion_transport/core/__pycache__/Driver.cpython-310.pyc
/home/rhitam/exoskeleton-v1/install/nmotion_transport/lib/python3.10/site-packages/nmotion_transport/core/__pycache__/UsbInterface.cpython-310.pyc
/home/rhitam/exoskeleton-v1/install/nmotion_transport/lib/python3.10/site-packages/nmotion_transport/core/__pycache__/Actuator.cpython-310.pyc
/home/rhitam/exoskeleton-v1/install/nmotion_transport/lib/python3.10/site-packages/nmotion_transport/core/__pycache__/CanInterface.cpython-310.pyc
/home/rhitam/exoskeleton-v1/install/nmotion_transport/lib/python3.10/site-packages/nmotion_transport/core/__pycache__/__init__.cpython-310.pyc
/home/rhitam/exoskeleton-v1/install/nmotion_transport/lib/python3.10/site-packages/nmotion_transport/core/__pycache__/NCoder.cpython-310.pyc
/home/rhitam/exoskeleton-v1/install/nmotion_transport/lib/python3.10/site-packages/nmotion_transport/core/__pycache__/utils.cpython-310.pyc
/home/rhitam/exoskeleton-v1/install/nmotion_transport/lib/python3.10/site-packages/nmotion_transport/core/__pycache__/IMU.cpython-310.pyc
/home/rhitam/exoskeleton-v1/install/nmotion_transport/lib/python3.10/site-packages/nmotion_transport-0.0.1-py3.10.egg-info/requires.txt
/home/rhitam/exoskeleton-v1/install/nmotion_transport/lib/python3.10/site-packages/nmotion_transport-0.0.1-py3.10.egg-info/zip-safe
/home/rhitam/exoskeleton-v1/install/nmotion_transport/lib/python3.10/site-packages/nmotion_transport-0.0.1-py3.10.egg-info/SOURCES.txt
/home/rhitam/exoskeleton-v1/install/nmotion_transport/lib/python3.10/site-packages/nmotion_transport-0.0.1-py3.10.egg-info/top_level.txt
/home/rhitam/exoskeleton-v1/install/nmotion_transport/lib/python3.10/site-packages/nmotion_transport-0.0.1-py3.10.egg-info/dependency_links.txt
/home/rhitam/exoskeleton-v1/install/nmotion_transport/lib/python3.10/site-packages/nmotion_transport-0.0.1-py3.10.egg-info/PKG-INFO
