[0.247s] DEBUG:colcon:Command line arguments: ['/usr/bin/colcon', 'build', '--packages-select', 'nmotion_transport_cpp', 'cubemars_v1_cpp']
[0.247s] DEBUG:colcon:Parsed command line arguments: Namespace(log_base=None, log_level=None, verb_name='build', build_base='build', install_base='install', merge_install=False, symlink_install=False, test_result_base=None, continue_on_error=False, executor='parallel', parallel_workers=20, event_handlers=None, ignore_user_meta=False, metas=['./colcon.meta'], base_paths=['.'], packages_ignore=None, packages_ignore_regex=None, paths=None, packages_up_to=None, packages_up_to_regex=None, packages_above=None, packages_above_and_dependencies=None, packages_above_depth=None, packages_select_by_dep=None, packages_skip_by_dep=None, packages_skip_up_to=None, packages_select_build_failed=False, packages_skip_build_finished=False, packages_select_test_failures=False, packages_skip_test_passed=False, packages_select=['nmotion_transport_cpp', 'cubemars_v1_cpp'], packages_skip=None, packages_select_regex=None, packages_skip_regex=None, packages_start=None, packages_end=None, allow_overriding=[], cmake_args=None, cmake_target=None, cmake_target_skip_unavailable=False, cmake_clean_cache=False, cmake_clean_first=False, cmake_force_configure=False, ament_cmake_args=None, catkin_cmake_args=None, catkin_skip_building_tests=False, verb_parser=<colcon_defaults.argument_parser.defaults.DefaultArgumentsDecorator object at 0x7dac23693ee0>, verb_extension=<colcon_core.verb.build.BuildVerb object at 0x7dac237c1870>, main=<bound method BuildVerb.main of <colcon_core.verb.build.BuildVerb object at 0x7dac237c1870>>)
[0.292s] Level 1:colcon.colcon_core.package_discovery:discover_packages(colcon_meta) check parameters
[0.292s] Level 1:colcon.colcon_core.package_discovery:discover_packages(recursive) check parameters
[0.292s] Level 1:colcon.colcon_core.package_discovery:discover_packages(ignore) check parameters
[0.292s] Level 1:colcon.colcon_core.package_discovery:discover_packages(path) check parameters
[0.292s] Level 1:colcon.colcon_core.package_discovery:discover_packages(colcon_meta) discover
[0.292s] Level 1:colcon.colcon_core.package_discovery:discover_packages(recursive) discover
[0.292s] INFO:colcon.colcon_core.package_discovery:Crawling recursively for packages in '/home/rhitam/exoskeleton-v1'
[0.292s] Level 1:colcon.colcon_core.package_identification:_identify(.) by extensions ['ignore', 'ignore_ament_install']
[0.292s] Level 1:colcon.colcon_core.package_identification:_identify(.) by extension 'ignore'
[0.293s] Level 1:colcon.colcon_core.package_identification:_identify(.) by extension 'ignore_ament_install'
[0.293s] Level 1:colcon.colcon_core.package_identification:_identify(.) by extensions ['colcon_pkg']
[0.293s] Level 1:colcon.colcon_core.package_identification:_identify(.) by extension 'colcon_pkg'
[0.293s] Level 1:colcon.colcon_core.package_identification:_identify(.) by extensions ['colcon_meta']
[0.293s] Level 1:colcon.colcon_core.package_identification:_identify(.) by extension 'colcon_meta'
[0.293s] Level 1:colcon.colcon_core.package_identification:_identify(.) by extensions ['ros']
[0.293s] Level 1:colcon.colcon_core.package_identification:_identify(.) by extension 'ros'
[0.309s] Level 1:colcon.colcon_core.package_identification:_identify(.) by extensions ['cmake', 'python']
[0.309s] Level 1:colcon.colcon_core.package_identification:_identify(.) by extension 'cmake'
[0.309s] Level 1:colcon.colcon_core.package_identification:_identify(.) by extension 'python'
[0.309s] Level 1:colcon.colcon_core.package_identification:_identify(.) by extensions ['python_setup_py']
[0.309s] Level 1:colcon.colcon_core.package_identification:_identify(.) by extension 'python_setup_py'
[0.309s] Level 1:colcon.colcon_core.package_identification:_identify(build) by extensions ['ignore', 'ignore_ament_install']
[0.309s] Level 1:colcon.colcon_core.package_identification:_identify(build) by extension 'ignore'
[0.309s] Level 1:colcon.colcon_core.package_identification:_identify(build) ignored
[0.309s] Level 1:colcon.colcon_core.package_identification:_identify(install) by extensions ['ignore', 'ignore_ament_install']
[0.309s] Level 1:colcon.colcon_core.package_identification:_identify(install) by extension 'ignore'
[0.309s] Level 1:colcon.colcon_core.package_identification:_identify(install) ignored
[0.309s] Level 1:colcon.colcon_core.package_identification:_identify(log) by extensions ['ignore', 'ignore_ament_install']
[0.309s] Level 1:colcon.colcon_core.package_identification:_identify(log) by extension 'ignore'
[0.309s] Level 1:colcon.colcon_core.package_identification:_identify(log) ignored
[0.309s] Level 1:colcon.colcon_core.package_identification:_identify(logs) by extensions ['ignore', 'ignore_ament_install']
[0.309s] Level 1:colcon.colcon_core.package_identification:_identify(logs) by extension 'ignore'
[0.309s] Level 1:colcon.colcon_core.package_identification:_identify(logs) by extension 'ignore_ament_install'
[0.310s] Level 1:colcon.colcon_core.package_identification:_identify(logs) by extensions ['colcon_pkg']
[0.310s] Level 1:colcon.colcon_core.package_identification:_identify(logs) by extension 'colcon_pkg'
[0.310s] Level 1:colcon.colcon_core.package_identification:_identify(logs) by extensions ['colcon_meta']
[0.310s] Level 1:colcon.colcon_core.package_identification:_identify(logs) by extension 'colcon_meta'
[0.310s] Level 1:colcon.colcon_core.package_identification:_identify(logs) by extensions ['ros']
[0.310s] Level 1:colcon.colcon_core.package_identification:_identify(logs) by extension 'ros'
[0.310s] Level 1:colcon.colcon_core.package_identification:_identify(logs) by extensions ['cmake', 'python']
[0.310s] Level 1:colcon.colcon_core.package_identification:_identify(logs) by extension 'cmake'
[0.310s] Level 1:colcon.colcon_core.package_identification:_identify(logs) by extension 'python'
[0.310s] Level 1:colcon.colcon_core.package_identification:_identify(logs) by extensions ['python_setup_py']
[0.310s] Level 1:colcon.colcon_core.package_identification:_identify(logs) by extension 'python_setup_py'
[0.310s] Level 1:colcon.colcon_core.package_identification:_identify(logs/hip) by extensions ['ignore', 'ignore_ament_install']
[0.310s] Level 1:colcon.colcon_core.package_identification:_identify(logs/hip) by extension 'ignore'
[0.310s] Level 1:colcon.colcon_core.package_identification:_identify(logs/hip) by extension 'ignore_ament_install'
[0.310s] Level 1:colcon.colcon_core.package_identification:_identify(logs/hip) by extensions ['colcon_pkg']
[0.310s] Level 1:colcon.colcon_core.package_identification:_identify(logs/hip) by extension 'colcon_pkg'
[0.310s] Level 1:colcon.colcon_core.package_identification:_identify(logs/hip) by extensions ['colcon_meta']
[0.310s] Level 1:colcon.colcon_core.package_identification:_identify(logs/hip) by extension 'colcon_meta'
[0.310s] Level 1:colcon.colcon_core.package_identification:_identify(logs/hip) by extensions ['ros']
[0.310s] Level 1:colcon.colcon_core.package_identification:_identify(logs/hip) by extension 'ros'
[0.310s] Level 1:colcon.colcon_core.package_identification:_identify(logs/hip) by extensions ['cmake', 'python']
[0.310s] Level 1:colcon.colcon_core.package_identification:_identify(logs/hip) by extension 'cmake'
[0.310s] Level 1:colcon.colcon_core.package_identification:_identify(logs/hip) by extension 'python'
[0.310s] Level 1:colcon.colcon_core.package_identification:_identify(logs/hip) by extensions ['python_setup_py']
[0.310s] Level 1:colcon.colcon_core.package_identification:_identify(logs/hip) by extension 'python_setup_py'
[0.310s] Level 1:colcon.colcon_core.package_identification:_identify(logs/hip/hip_run_20260406_142600) by extensions ['ignore', 'ignore_ament_install']
[0.310s] Level 1:colcon.colcon_core.package_identification:_identify(logs/hip/hip_run_20260406_142600) by extension 'ignore'
[0.310s] Level 1:colcon.colcon_core.package_identification:_identify(logs/hip/hip_run_20260406_142600) by extension 'ignore_ament_install'
[0.310s] Level 1:colcon.colcon_core.package_identification:_identify(logs/hip/hip_run_20260406_142600) by extensions ['colcon_pkg']
[0.310s] Level 1:colcon.colcon_core.package_identification:_identify(logs/hip/hip_run_20260406_142600) by extension 'colcon_pkg'
[0.310s] Level 1:colcon.colcon_core.package_identification:_identify(logs/hip/hip_run_20260406_142600) by extensions ['colcon_meta']
[0.310s] Level 1:colcon.colcon_core.package_identification:_identify(logs/hip/hip_run_20260406_142600) by extension 'colcon_meta'
[0.310s] Level 1:colcon.colcon_core.package_identification:_identify(logs/hip/hip_run_20260406_142600) by extensions ['ros']
[0.310s] Level 1:colcon.colcon_core.package_identification:_identify(logs/hip/hip_run_20260406_142600) by extension 'ros'
[0.310s] Level 1:colcon.colcon_core.package_identification:_identify(logs/hip/hip_run_20260406_142600) by extensions ['cmake', 'python']
[0.310s] Level 1:colcon.colcon_core.package_identification:_identify(logs/hip/hip_run_20260406_142600) by extension 'cmake'
[0.310s] Level 1:colcon.colcon_core.package_identification:_identify(logs/hip/hip_run_20260406_142600) by extension 'python'
[0.310s] Level 1:colcon.colcon_core.package_identification:_identify(logs/hip/hip_run_20260406_142600) by extensions ['python_setup_py']
[0.310s] Level 1:colcon.colcon_core.package_identification:_identify(logs/hip/hip_run_20260406_142600) by extension 'python_setup_py'
[0.310s] Level 1:colcon.colcon_core.package_identification:_identify(src) by extensions ['ignore', 'ignore_ament_install']
[0.310s] Level 1:colcon.colcon_core.package_identification:_identify(src) by extension 'ignore'
[0.310s] Level 1:colcon.colcon_core.package_identification:_identify(src) by extension 'ignore_ament_install'
[0.310s] Level 1:colcon.colcon_core.package_identification:_identify(src) by extensions ['colcon_pkg']
[0.310s] Level 1:colcon.colcon_core.package_identification:_identify(src) by extension 'colcon_pkg'
[0.310s] Level 1:colcon.colcon_core.package_identification:_identify(src) by extensions ['colcon_meta']
[0.310s] Level 1:colcon.colcon_core.package_identification:_identify(src) by extension 'colcon_meta'
[0.310s] Level 1:colcon.colcon_core.package_identification:_identify(src) by extensions ['ros']
[0.310s] Level 1:colcon.colcon_core.package_identification:_identify(src) by extension 'ros'
[0.311s] Level 1:colcon.colcon_core.package_identification:_identify(src) by extensions ['cmake', 'python']
[0.311s] Level 1:colcon.colcon_core.package_identification:_identify(src) by extension 'cmake'
[0.311s] Level 1:colcon.colcon_core.package_identification:_identify(src) by extension 'python'
[0.311s] Level 1:colcon.colcon_core.package_identification:_identify(src) by extensions ['python_setup_py']
[0.311s] Level 1:colcon.colcon_core.package_identification:_identify(src) by extension 'python_setup_py'
[0.311s] Level 1:colcon.colcon_core.package_identification:_identify(src/cubemars_v1) by extensions ['ignore', 'ignore_ament_install']
[0.311s] Level 1:colcon.colcon_core.package_identification:_identify(src/cubemars_v1) by extension 'ignore'
[0.311s] Level 1:colcon.colcon_core.package_identification:_identify(src/cubemars_v1) by extension 'ignore_ament_install'
[0.311s] Level 1:colcon.colcon_core.package_identification:_identify(src/cubemars_v1) by extensions ['colcon_pkg']
[0.311s] Level 1:colcon.colcon_core.package_identification:_identify(src/cubemars_v1) by extension 'colcon_pkg'
[0.311s] Level 1:colcon.colcon_core.package_identification:_identify(src/cubemars_v1) by extensions ['colcon_meta']
[0.311s] Level 1:colcon.colcon_core.package_identification:_identify(src/cubemars_v1) by extension 'colcon_meta'
[0.311s] Level 1:colcon.colcon_core.package_identification:_identify(src/cubemars_v1) by extensions ['ros']
[0.311s] Level 1:colcon.colcon_core.package_identification:_identify(src/cubemars_v1) by extension 'ros'
[0.313s] DEBUG:colcon.colcon_core.package_identification:Package 'src/cubemars_v1' with type 'ros.ament_python' and name 'cubemars_v1'
[0.313s] Level 1:colcon.colcon_core.package_identification:_identify(src/cubemars_v1_cpp) by extensions ['ignore', 'ignore_ament_install']
[0.313s] Level 1:colcon.colcon_core.package_identification:_identify(src/cubemars_v1_cpp) by extension 'ignore'
[0.313s] Level 1:colcon.colcon_core.package_identification:_identify(src/cubemars_v1_cpp) by extension 'ignore_ament_install'
[0.313s] Level 1:colcon.colcon_core.package_identification:_identify(src/cubemars_v1_cpp) by extensions ['colcon_pkg']
[0.313s] Level 1:colcon.colcon_core.package_identification:_identify(src/cubemars_v1_cpp) by extension 'colcon_pkg'
[0.313s] Level 1:colcon.colcon_core.package_identification:_identify(src/cubemars_v1_cpp) by extensions ['colcon_meta']
[0.313s] Level 1:colcon.colcon_core.package_identification:_identify(src/cubemars_v1_cpp) by extension 'colcon_meta'
[0.313s] Level 1:colcon.colcon_core.package_identification:_identify(src/cubemars_v1_cpp) by extensions ['ros']
[0.313s] Level 1:colcon.colcon_core.package_identification:_identify(src/cubemars_v1_cpp) by extension 'ros'
[0.314s] DEBUG:colcon.colcon_core.package_identification:Package 'src/cubemars_v1_cpp' with type 'ros.ament_cmake' and name 'cubemars_v1_cpp'
[0.314s] Level 1:colcon.colcon_core.package_identification:_identify(src/nmotion_transport) by extensions ['ignore', 'ignore_ament_install']
[0.314s] Level 1:colcon.colcon_core.package_identification:_identify(src/nmotion_transport) by extension 'ignore'
[0.314s] Level 1:colcon.colcon_core.package_identification:_identify(src/nmotion_transport) by extension 'ignore_ament_install'
[0.314s] Level 1:colcon.colcon_core.package_identification:_identify(src/nmotion_transport) by extensions ['colcon_pkg']
[0.314s] Level 1:colcon.colcon_core.package_identification:_identify(src/nmotion_transport) by extension 'colcon_pkg'
[0.314s] Level 1:colcon.colcon_core.package_identification:_identify(src/nmotion_transport) by extensions ['colcon_meta']
[0.314s] Level 1:colcon.colcon_core.package_identification:_identify(src/nmotion_transport) by extension 'colcon_meta'
[0.314s] Level 1:colcon.colcon_core.package_identification:_identify(src/nmotion_transport) by extensions ['ros']
[0.314s] Level 1:colcon.colcon_core.package_identification:_identify(src/nmotion_transport) by extension 'ros'
[0.314s] DEBUG:colcon.colcon_core.package_identification:Package 'src/nmotion_transport' with type 'ros.ament_python' and name 'nmotion_transport'
[0.314s] Level 1:colcon.colcon_core.package_identification:_identify(src/nmotion_transport_cpp) by extensions ['ignore', 'ignore_ament_install']
[0.314s] Level 1:colcon.colcon_core.package_identification:_identify(src/nmotion_transport_cpp) by extension 'ignore'
[0.314s] Level 1:colcon.colcon_core.package_identification:_identify(src/nmotion_transport_cpp) by extension 'ignore_ament_install'
[0.314s] Level 1:colcon.colcon_core.package_identification:_identify(src/nmotion_transport_cpp) by extensions ['colcon_pkg']
[0.315s] Level 1:colcon.colcon_core.package_identification:_identify(src/nmotion_transport_cpp) by extension 'colcon_pkg'
[0.315s] Level 1:colcon.colcon_core.package_identification:_identify(src/nmotion_transport_cpp) by extensions ['colcon_meta']
[0.315s] Level 1:colcon.colcon_core.package_identification:_identify(src/nmotion_transport_cpp) by extension 'colcon_meta'
[0.315s] Level 1:colcon.colcon_core.package_identification:_identify(src/nmotion_transport_cpp) by extensions ['ros']
[0.315s] Level 1:colcon.colcon_core.package_identification:_identify(src/nmotion_transport_cpp) by extension 'ros'
[0.315s] DEBUG:colcon.colcon_core.package_identification:Package 'src/nmotion_transport_cpp' with type 'ros.ament_cmake' and name 'nmotion_transport_cpp'
[0.315s] Level 1:colcon.colcon_core.package_discovery:discover_packages(recursive) using defaults
[0.315s] Level 1:colcon.colcon_core.package_discovery:discover_packages(ignore) discover
[0.315s] Level 1:colcon.colcon_core.package_discovery:discover_packages(ignore) using defaults
[0.315s] Level 1:colcon.colcon_core.package_discovery:discover_packages(path) discover
[0.315s] Level 1:colcon.colcon_core.package_discovery:discover_packages(path) using defaults
[0.341s] INFO:colcon.colcon_core.package_selection:Skipping not selected package 'cubemars_v1' in 'src/cubemars_v1'
[0.341s] INFO:colcon.colcon_core.package_selection:Skipping not selected package 'nmotion_transport' in 'src/nmotion_transport'
[0.341s] Level 1:colcon.colcon_core.package_discovery:discover_packages(prefix_path) check parameters
[0.341s] Level 1:colcon.colcon_core.package_discovery:discover_packages(prefix_path) discover
[0.345s] DEBUG:colcon.colcon_installed_package_information.package_discovery:Found 2 installed packages in /home/rhitam/exoskeleton-v1/install
[0.346s] DEBUG:colcon.colcon_installed_package_information.package_discovery:Found 50 installed packages in /home/rhitam/ros2_ws/install
[0.348s] DEBUG:colcon.colcon_installed_package_information.package_discovery:Found 487 installed packages in /opt/ros/humble
[0.350s] Level 1:colcon.colcon_core.package_discovery:discover_packages(prefix_path) using defaults
[0.477s] Level 5:colcon.colcon_core.verb:set package 'nmotion_transport_cpp' build argument 'cmake_args' from command line to 'None'
[0.477s] Level 5:colcon.colcon_core.verb:set package 'nmotion_transport_cpp' build argument 'cmake_target' from command line to 'None'
[0.477s] Level 5:colcon.colcon_core.verb:set package 'nmotion_transport_cpp' build argument 'cmake_target_skip_unavailable' from command line to 'False'
[0.477s] Level 5:colcon.colcon_core.verb:set package 'nmotion_transport_cpp' build argument 'cmake_clean_cache' from command line to 'False'
[0.477s] Level 5:colcon.colcon_core.verb:set package 'nmotion_transport_cpp' build argument 'cmake_clean_first' from command line to 'False'
[0.477s] Level 5:colcon.colcon_core.verb:set package 'nmotion_transport_cpp' build argument 'cmake_force_configure' from command line to 'False'
[0.477s] Level 5:colcon.colcon_core.verb:set package 'nmotion_transport_cpp' build argument 'ament_cmake_args' from command line to 'None'
[0.477s] Level 5:colcon.colcon_core.verb:set package 'nmotion_transport_cpp' build argument 'catkin_cmake_args' from command line to 'None'
[0.477s] Level 5:colcon.colcon_core.verb:set package 'nmotion_transport_cpp' build argument 'catkin_skip_building_tests' from command line to 'False'
[0.477s] DEBUG:colcon.colcon_core.verb:Building package 'nmotion_transport_cpp' with the following arguments: {'ament_cmake_args': None, 'build_base': '/home/rhitam/exoskeleton-v1/build/nmotion_transport_cpp', 'catkin_cmake_args': None, 'catkin_skip_building_tests': False, 'cmake_args': None, 'cmake_clean_cache': False, 'cmake_clean_first': False, 'cmake_force_configure': False, 'cmake_target': None, 'cmake_target_skip_unavailable': False, 'install_base': '/home/rhitam/exoskeleton-v1/install/nmotion_transport_cpp', 'merge_install': False, 'path': '/home/rhitam/exoskeleton-v1/src/nmotion_transport_cpp', 'symlink_install': False, 'test_result_base': None}
[0.477s] Level 5:colcon.colcon_core.verb:set package 'cubemars_v1_cpp' build argument 'cmake_args' from command line to 'None'
[0.477s] Level 5:colcon.colcon_core.verb:set package 'cubemars_v1_cpp' build argument 'cmake_target' from command line to 'None'
[0.477s] Level 5:colcon.colcon_core.verb:set package 'cubemars_v1_cpp' build argument 'cmake_target_skip_unavailable' from command line to 'False'
[0.477s] Level 5:colcon.colcon_core.verb:set package 'cubemars_v1_cpp' build argument 'cmake_clean_cache' from command line to 'False'
[0.477s] Level 5:colcon.colcon_core.verb:set package 'cubemars_v1_cpp' build argument 'cmake_clean_first' from command line to 'False'
[0.477s] Level 5:colcon.colcon_core.verb:set package 'cubemars_v1_cpp' build argument 'cmake_force_configure' from command line to 'False'
[0.477s] Level 5:colcon.colcon_core.verb:set package 'cubemars_v1_cpp' build argument 'ament_cmake_args' from command line to 'None'
[0.477s] Level 5:colcon.colcon_core.verb:set package 'cubemars_v1_cpp' build argument 'catkin_cmake_args' from command line to 'None'
[0.477s] Level 5:colcon.colcon_core.verb:set package 'cubemars_v1_cpp' build argument 'catkin_skip_building_tests' from command line to 'False'
[0.477s] DEBUG:colcon.colcon_core.verb:Building package 'cubemars_v1_cpp' with the following arguments: {'ament_cmake_args': None, 'build_base': '/home/rhitam/exoskeleton-v1/build/cubemars_v1_cpp', 'catkin_cmake_args': None, 'catkin_skip_building_tests': False, 'cmake_args': None, 'cmake_clean_cache': False, 'cmake_clean_first': False, 'cmake_force_configure': False, 'cmake_target': None, 'cmake_target_skip_unavailable': False, 'install_base': '/home/rhitam/exoskeleton-v1/install/cubemars_v1_cpp', 'merge_install': False, 'path': '/home/rhitam/exoskeleton-v1/src/cubemars_v1_cpp', 'symlink_install': False, 'test_result_base': None}
[0.477s] INFO:colcon.colcon_core.executor:Executing jobs using 'parallel' executor
[0.478s] DEBUG:colcon.colcon_parallel_executor.executor.parallel:run_until_complete
[0.478s] INFO:colcon.colcon_ros.task.ament_cmake.build:Building ROS package in '/home/rhitam/exoskeleton-v1/src/nmotion_transport_cpp' with build type 'ament_cmake'
[0.478s] INFO:colcon.colcon_cmake.task.cmake.build:Building CMake package in '/home/rhitam/exoskeleton-v1/src/nmotion_transport_cpp'
[0.483s] INFO:colcon.colcon_core.plugin_system:Skipping extension 'colcon_core.shell.bat': Not used on non-Windows systems
[0.483s] INFO:colcon.colcon_core.shell:Skip shell extension 'powershell' for command environment: Not usable outside of PowerShell
[0.483s] DEBUG:colcon.colcon_core.shell:Skip shell extension 'dsv' for command environment
[0.494s] DEBUG:colcon.colcon_core.event_handler.log_command:Invoking command in '/home/rhitam/exoskeleton-v1/build/nmotion_transport_cpp': CMAKE_PREFIX_PATH=/home/rhitam/ros2_ws/install/zed_ros2:/home/rhitam/ros2_ws/install/zed_robot_integration:/home/rhitam/ros2_ws/install/zed_ipc:/home/rhitam/ros2_ws/install/zed_multi_camera:/home/rhitam/ros2_ws/install/zed_display_rviz2:/home/rhitam/ros2_ws/install/zed_depth_to_laserscan:/home/rhitam/ros2_ws/install/zed_wrapper:/home/rhitam/ros2_ws/install/zed_tutorial_video:/home/rhitam/ros2_ws/install/zed_tutorial_pos_tracking:/home/rhitam/ros2_ws/install/zed_tutorial_depth:/home/rhitam/ros2_ws/install/zed_topic_benchmark:/home/rhitam/ros2_ws/install/zed_topic_benchmark_component:/home/rhitam/ros2_ws/install/zed_topic_benchmark_interfaces:/home/rhitam/ros2_ws/install/zed_rgb_convert:/home/rhitam/ros2_ws/install/zed_aruco_localization:/home/rhitam/ros2_ws/install/zed_components:/home/rhitam/ros2_ws/install/xacro:/home/rhitam/ros2_ws/install/tortoisebot_slam:/home/rhitam/ros2_ws/install/tortoisebot_navigation:/home/rhitam/ros2_ws/install/tortoisebot_gazebo:/home/rhitam/ros2_ws/install/tortoisebot_description:/home/rhitam/ros2_ws/install/tortoisebot_bringup:/home/rhitam/ros2_ws/install/diagnostics:/home/rhitam/ros2_ws/install/self_test:/home/rhitam/ros2_ws/install/rviz_plugin_zed_od:/home/rhitam/ros2_ws/install/rplidar_ros:/home/rhitam/ros2_ws/install/rosbridge_test_msgs:/home/rhitam/ros2_ws/install/rosbridge_suite:/home/rhitam/ros2_ws/install/rosbridge_server:/home/rhitam/ros2_ws/install/rosbridge_msgs:/home/rhitam/ros2_ws/install/rosapi:/home/rhitam/ros2_ws/install/rosbridge_library:/home/rhitam/ros2_ws/install/rosapi_msgs:/home/rhitam/ros2_ws/install/robot_localization:/home/rhitam/ros2_ws/install/nmea_msgs:/home/rhitam/ros2_ws/install/my_robot_navigation:/home/rhitam/exoskeleton-v1/install/nmotion_transport:/home/rhitam/exoskeleton-v1/install/cubemars_v1:/home/rhitam/ros2_ws/install/wit_ros2_imu:/home/rhitam/ros2_ws/install/my_robot:/home/rhitam/ros2_ws/install/my_package:/home/rhitam/ros2_ws/install/jsl:/home/rhitam/ros2_ws/install/encoder:/opt/ros/humble:/home/rhitam/ros2_ws/install/my_robot_description:/home/rhitam/ros2_ws/install/geographic_info:/home/rhitam/ros2_ws/install/geodesy:/home/rhitam/ros2_ws/install/geographic_msgs:/home/rhitam/ros2_ws/install/diagnostic_common_diagnostics:/home/rhitam/ros2_ws/install/diagnostic_updater:/home/rhitam/ros2_ws/install/diagnostic_remote_logging:/home/rhitam/ros2_ws/install/diagnostic_aggregator:/home/rhitam/ros2_ws/install/angles /usr/bin/cmake /home/rhitam/exoskeleton-v1/src/nmotion_transport_cpp -DCMAKE_INSTALL_PREFIX=/home/rhitam/exoskeleton-v1/install/nmotion_transport_cpp
[1.361s] DEBUG:colcon.colcon_core.event_handler.log_command:Invoked command in '/home/rhitam/exoskeleton-v1/build/nmotion_transport_cpp' returned '0': CMAKE_PREFIX_PATH=/home/rhitam/ros2_ws/install/zed_ros2:/home/rhitam/ros2_ws/install/zed_robot_integration:/home/rhitam/ros2_ws/install/zed_ipc:/home/rhitam/ros2_ws/install/zed_multi_camera:/home/rhitam/ros2_ws/install/zed_display_rviz2:/home/rhitam/ros2_ws/install/zed_depth_to_laserscan:/home/rhitam/ros2_ws/install/zed_wrapper:/home/rhitam/ros2_ws/install/zed_tutorial_video:/home/rhitam/ros2_ws/install/zed_tutorial_pos_tracking:/home/rhitam/ros2_ws/install/zed_tutorial_depth:/home/rhitam/ros2_ws/install/zed_topic_benchmark:/home/rhitam/ros2_ws/install/zed_topic_benchmark_component:/home/rhitam/ros2_ws/install/zed_topic_benchmark_interfaces:/home/rhitam/ros2_ws/install/zed_rgb_convert:/home/rhitam/ros2_ws/install/zed_aruco_localization:/home/rhitam/ros2_ws/install/zed_components:/home/rhitam/ros2_ws/install/xacro:/home/rhitam/ros2_ws/install/tortoisebot_slam:/home/rhitam/ros2_ws/install/tortoisebot_navigation:/home/rhitam/ros2_ws/install/tortoisebot_gazebo:/home/rhitam/ros2_ws/install/tortoisebot_description:/home/rhitam/ros2_ws/install/tortoisebot_bringup:/home/rhitam/ros2_ws/install/diagnostics:/home/rhitam/ros2_ws/install/self_test:/home/rhitam/ros2_ws/install/rviz_plugin_zed_od:/home/rhitam/ros2_ws/install/rplidar_ros:/home/rhitam/ros2_ws/install/rosbridge_test_msgs:/home/rhitam/ros2_ws/install/rosbridge_suite:/home/rhitam/ros2_ws/install/rosbridge_server:/home/rhitam/ros2_ws/install/rosbridge_msgs:/home/rhitam/ros2_ws/install/rosapi:/home/rhitam/ros2_ws/install/rosbridge_library:/home/rhitam/ros2_ws/install/rosapi_msgs:/home/rhitam/ros2_ws/install/robot_localization:/home/rhitam/ros2_ws/install/nmea_msgs:/home/rhitam/ros2_ws/install/my_robot_navigation:/home/rhitam/exoskeleton-v1/install/nmotion_transport:/home/rhitam/exoskeleton-v1/install/cubemars_v1:/home/rhitam/ros2_ws/install/wit_ros2_imu:/home/rhitam/ros2_ws/install/my_robot:/home/rhitam/ros2_ws/install/my_package:/home/rhitam/ros2_ws/install/jsl:/home/rhitam/ros2_ws/install/encoder:/opt/ros/humble:/home/rhitam/ros2_ws/install/my_robot_description:/home/rhitam/ros2_ws/install/geographic_info:/home/rhitam/ros2_ws/install/geodesy:/home/rhitam/ros2_ws/install/geographic_msgs:/home/rhitam/ros2_ws/install/diagnostic_common_diagnostics:/home/rhitam/ros2_ws/install/diagnostic_updater:/home/rhitam/ros2_ws/install/diagnostic_remote_logging:/home/rhitam/ros2_ws/install/diagnostic_aggregator:/home/rhitam/ros2_ws/install/angles /usr/bin/cmake /home/rhitam/exoskeleton-v1/src/nmotion_transport_cpp -DCMAKE_INSTALL_PREFIX=/home/rhitam/exoskeleton-v1/install/nmotion_transport_cpp
[1.362s] DEBUG:colcon.colcon_core.event_handler.log_command:Invoking command in '/home/rhitam/exoskeleton-v1/build/nmotion_transport_cpp': CMAKE_PREFIX_PATH=/home/rhitam/ros2_ws/install/zed_ros2:/home/rhitam/ros2_ws/install/zed_robot_integration:/home/rhitam/ros2_ws/install/zed_ipc:/home/rhitam/ros2_ws/install/zed_multi_camera:/home/rhitam/ros2_ws/install/zed_display_rviz2:/home/rhitam/ros2_ws/install/zed_depth_to_laserscan:/home/rhitam/ros2_ws/install/zed_wrapper:/home/rhitam/ros2_ws/install/zed_tutorial_video:/home/rhitam/ros2_ws/install/zed_tutorial_pos_tracking:/home/rhitam/ros2_ws/install/zed_tutorial_depth:/home/rhitam/ros2_ws/install/zed_topic_benchmark:/home/rhitam/ros2_ws/install/zed_topic_benchmark_component:/home/rhitam/ros2_ws/install/zed_topic_benchmark_interfaces:/home/rhitam/ros2_ws/install/zed_rgb_convert:/home/rhitam/ros2_ws/install/zed_aruco_localization:/home/rhitam/ros2_ws/install/zed_components:/home/rhitam/ros2_ws/install/xacro:/home/rhitam/ros2_ws/install/tortoisebot_slam:/home/rhitam/ros2_ws/install/tortoisebot_navigation:/home/rhitam/ros2_ws/install/tortoisebot_gazebo:/home/rhitam/ros2_ws/install/tortoisebot_description:/home/rhitam/ros2_ws/install/tortoisebot_bringup:/home/rhitam/ros2_ws/install/diagnostics:/home/rhitam/ros2_ws/install/self_test:/home/rhitam/ros2_ws/install/rviz_plugin_zed_od:/home/rhitam/ros2_ws/install/rplidar_ros:/home/rhitam/ros2_ws/install/rosbridge_test_msgs:/home/rhitam/ros2_ws/install/rosbridge_suite:/home/rhitam/ros2_ws/install/rosbridge_server:/home/rhitam/ros2_ws/install/rosbridge_msgs:/home/rhitam/ros2_ws/install/rosapi:/home/rhitam/ros2_ws/install/rosbridge_library:/home/rhitam/ros2_ws/install/rosapi_msgs:/home/rhitam/ros2_ws/install/robot_localization:/home/rhitam/ros2_ws/install/nmea_msgs:/home/rhitam/ros2_ws/install/my_robot_navigation:/home/rhitam/exoskeleton-v1/install/nmotion_transport:/home/rhitam/exoskeleton-v1/install/cubemars_v1:/home/rhitam/ros2_ws/install/wit_ros2_imu:/home/rhitam/ros2_ws/install/my_robot:/home/rhitam/ros2_ws/install/my_package:/home/rhitam/ros2_ws/install/jsl:/home/rhitam/ros2_ws/install/encoder:/opt/ros/humble:/home/rhitam/ros2_ws/install/my_robot_description:/home/rhitam/ros2_ws/install/geographic_info:/home/rhitam/ros2_ws/install/geodesy:/home/rhitam/ros2_ws/install/geographic_msgs:/home/rhitam/ros2_ws/install/diagnostic_common_diagnostics:/home/rhitam/ros2_ws/install/diagnostic_updater:/home/rhitam/ros2_ws/install/diagnostic_remote_logging:/home/rhitam/ros2_ws/install/diagnostic_aggregator:/home/rhitam/ros2_ws/install/angles /usr/bin/cmake --build /home/rhitam/exoskeleton-v1/build/nmotion_transport_cpp -- -j20 -l20
[1.665s] DEBUG:colcon.colcon_core.event_handler.log_command:Invoked command in '/home/rhitam/exoskeleton-v1/build/nmotion_transport_cpp' returned '0': CMAKE_PREFIX_PATH=/home/rhitam/ros2_ws/install/zed_ros2:/home/rhitam/ros2_ws/install/zed_robot_integration:/home/rhitam/ros2_ws/install/zed_ipc:/home/rhitam/ros2_ws/install/zed_multi_camera:/home/rhitam/ros2_ws/install/zed_display_rviz2:/home/rhitam/ros2_ws/install/zed_depth_to_laserscan:/home/rhitam/ros2_ws/install/zed_wrapper:/home/rhitam/ros2_ws/install/zed_tutorial_video:/home/rhitam/ros2_ws/install/zed_tutorial_pos_tracking:/home/rhitam/ros2_ws/install/zed_tutorial_depth:/home/rhitam/ros2_ws/install/zed_topic_benchmark:/home/rhitam/ros2_ws/install/zed_topic_benchmark_component:/home/rhitam/ros2_ws/install/zed_topic_benchmark_interfaces:/home/rhitam/ros2_ws/install/zed_rgb_convert:/home/rhitam/ros2_ws/install/zed_aruco_localization:/home/rhitam/ros2_ws/install/zed_components:/home/rhitam/ros2_ws/install/xacro:/home/rhitam/ros2_ws/install/tortoisebot_slam:/home/rhitam/ros2_ws/install/tortoisebot_navigation:/home/rhitam/ros2_ws/install/tortoisebot_gazebo:/home/rhitam/ros2_ws/install/tortoisebot_description:/home/rhitam/ros2_ws/install/tortoisebot_bringup:/home/rhitam/ros2_ws/install/diagnostics:/home/rhitam/ros2_ws/install/self_test:/home/rhitam/ros2_ws/install/rviz_plugin_zed_od:/home/rhitam/ros2_ws/install/rplidar_ros:/home/rhitam/ros2_ws/install/rosbridge_test_msgs:/home/rhitam/ros2_ws/install/rosbridge_suite:/home/rhitam/ros2_ws/install/rosbridge_server:/home/rhitam/ros2_ws/install/rosbridge_msgs:/home/rhitam/ros2_ws/install/rosapi:/home/rhitam/ros2_ws/install/rosbridge_library:/home/rhitam/ros2_ws/install/rosapi_msgs:/home/rhitam/ros2_ws/install/robot_localization:/home/rhitam/ros2_ws/install/nmea_msgs:/home/rhitam/ros2_ws/install/my_robot_navigation:/home/rhitam/exoskeleton-v1/install/nmotion_transport:/home/rhitam/exoskeleton-v1/install/cubemars_v1:/home/rhitam/ros2_ws/install/wit_ros2_imu:/home/rhitam/ros2_ws/install/my_robot:/home/rhitam/ros2_ws/install/my_package:/home/rhitam/ros2_ws/install/jsl:/home/rhitam/ros2_ws/install/encoder:/opt/ros/humble:/home/rhitam/ros2_ws/install/my_robot_description:/home/rhitam/ros2_ws/install/geographic_info:/home/rhitam/ros2_ws/install/geodesy:/home/rhitam/ros2_ws/install/geographic_msgs:/home/rhitam/ros2_ws/install/diagnostic_common_diagnostics:/home/rhitam/ros2_ws/install/diagnostic_updater:/home/rhitam/ros2_ws/install/diagnostic_remote_logging:/home/rhitam/ros2_ws/install/diagnostic_aggregator:/home/rhitam/ros2_ws/install/angles /usr/bin/cmake --build /home/rhitam/exoskeleton-v1/build/nmotion_transport_cpp -- -j20 -l20
[1.674s] DEBUG:colcon.colcon_core.event_handler.log_command:Invoking command in '/home/rhitam/exoskeleton-v1/build/nmotion_transport_cpp': CMAKE_PREFIX_PATH=/home/rhitam/ros2_ws/install/zed_ros2:/home/rhitam/ros2_ws/install/zed_robot_integration:/home/rhitam/ros2_ws/install/zed_ipc:/home/rhitam/ros2_ws/install/zed_multi_camera:/home/rhitam/ros2_ws/install/zed_display_rviz2:/home/rhitam/ros2_ws/install/zed_depth_to_laserscan:/home/rhitam/ros2_ws/install/zed_wrapper:/home/rhitam/ros2_ws/install/zed_tutorial_video:/home/rhitam/ros2_ws/install/zed_tutorial_pos_tracking:/home/rhitam/ros2_ws/install/zed_tutorial_depth:/home/rhitam/ros2_ws/install/zed_topic_benchmark:/home/rhitam/ros2_ws/install/zed_topic_benchmark_component:/home/rhitam/ros2_ws/install/zed_topic_benchmark_interfaces:/home/rhitam/ros2_ws/install/zed_rgb_convert:/home/rhitam/ros2_ws/install/zed_aruco_localization:/home/rhitam/ros2_ws/install/zed_components:/home/rhitam/ros2_ws/install/xacro:/home/rhitam/ros2_ws/install/tortoisebot_slam:/home/rhitam/ros2_ws/install/tortoisebot_navigation:/home/rhitam/ros2_ws/install/tortoisebot_gazebo:/home/rhitam/ros2_ws/install/tortoisebot_description:/home/rhitam/ros2_ws/install/tortoisebot_bringup:/home/rhitam/ros2_ws/install/diagnostics:/home/rhitam/ros2_ws/install/self_test:/home/rhitam/ros2_ws/install/rviz_plugin_zed_od:/home/rhitam/ros2_ws/install/rplidar_ros:/home/rhitam/ros2_ws/install/rosbridge_test_msgs:/home/rhitam/ros2_ws/install/rosbridge_suite:/home/rhitam/ros2_ws/install/rosbridge_server:/home/rhitam/ros2_ws/install/rosbridge_msgs:/home/rhitam/ros2_ws/install/rosapi:/home/rhitam/ros2_ws/install/rosbridge_library:/home/rhitam/ros2_ws/install/rosapi_msgs:/home/rhitam/ros2_ws/install/robot_localization:/home/rhitam/ros2_ws/install/nmea_msgs:/home/rhitam/ros2_ws/install/my_robot_navigation:/home/rhitam/exoskeleton-v1/install/nmotion_transport:/home/rhitam/exoskeleton-v1/install/cubemars_v1:/home/rhitam/ros2_ws/install/wit_ros2_imu:/home/rhitam/ros2_ws/install/my_robot:/home/rhitam/ros2_ws/install/my_package:/home/rhitam/ros2_ws/install/jsl:/home/rhitam/ros2_ws/install/encoder:/opt/ros/humble:/home/rhitam/ros2_ws/install/my_robot_description:/home/rhitam/ros2_ws/install/geographic_info:/home/rhitam/ros2_ws/install/geodesy:/home/rhitam/ros2_ws/install/geographic_msgs:/home/rhitam/ros2_ws/install/diagnostic_common_diagnostics:/home/rhitam/ros2_ws/install/diagnostic_updater:/home/rhitam/ros2_ws/install/diagnostic_remote_logging:/home/rhitam/ros2_ws/install/diagnostic_aggregator:/home/rhitam/ros2_ws/install/angles /usr/bin/cmake --install /home/rhitam/exoskeleton-v1/build/nmotion_transport_cpp
[1.685s] Level 1:colcon.colcon_core.environment:create_environment_scripts_only(nmotion_transport_cpp)
[1.685s] DEBUG:colcon.colcon_core.event_handler.log_command:Invoked command in '/home/rhitam/exoskeleton-v1/build/nmotion_transport_cpp' returned '0': CMAKE_PREFIX_PATH=/home/rhitam/ros2_ws/install/zed_ros2:/home/rhitam/ros2_ws/install/zed_robot_integration:/home/rhitam/ros2_ws/install/zed_ipc:/home/rhitam/ros2_ws/install/zed_multi_camera:/home/rhitam/ros2_ws/install/zed_display_rviz2:/home/rhitam/ros2_ws/install/zed_depth_to_laserscan:/home/rhitam/ros2_ws/install/zed_wrapper:/home/rhitam/ros2_ws/install/zed_tutorial_video:/home/rhitam/ros2_ws/install/zed_tutorial_pos_tracking:/home/rhitam/ros2_ws/install/zed_tutorial_depth:/home/rhitam/ros2_ws/install/zed_topic_benchmark:/home/rhitam/ros2_ws/install/zed_topic_benchmark_component:/home/rhitam/ros2_ws/install/zed_topic_benchmark_interfaces:/home/rhitam/ros2_ws/install/zed_rgb_convert:/home/rhitam/ros2_ws/install/zed_aruco_localization:/home/rhitam/ros2_ws/install/zed_components:/home/rhitam/ros2_ws/install/xacro:/home/rhitam/ros2_ws/install/tortoisebot_slam:/home/rhitam/ros2_ws/install/tortoisebot_navigation:/home/rhitam/ros2_ws/install/tortoisebot_gazebo:/home/rhitam/ros2_ws/install/tortoisebot_description:/home/rhitam/ros2_ws/install/tortoisebot_bringup:/home/rhitam/ros2_ws/install/diagnostics:/home/rhitam/ros2_ws/install/self_test:/home/rhitam/ros2_ws/install/rviz_plugin_zed_od:/home/rhitam/ros2_ws/install/rplidar_ros:/home/rhitam/ros2_ws/install/rosbridge_test_msgs:/home/rhitam/ros2_ws/install/rosbridge_suite:/home/rhitam/ros2_ws/install/rosbridge_server:/home/rhitam/ros2_ws/install/rosbridge_msgs:/home/rhitam/ros2_ws/install/rosapi:/home/rhitam/ros2_ws/install/rosbridge_library:/home/rhitam/ros2_ws/install/rosapi_msgs:/home/rhitam/ros2_ws/install/robot_localization:/home/rhitam/ros2_ws/install/nmea_msgs:/home/rhitam/ros2_ws/install/my_robot_navigation:/home/rhitam/exoskeleton-v1/install/nmotion_transport:/home/rhitam/exoskeleton-v1/install/cubemars_v1:/home/rhitam/ros2_ws/install/wit_ros2_imu:/home/rhitam/ros2_ws/install/my_robot:/home/rhitam/ros2_ws/install/my_package:/home/rhitam/ros2_ws/install/jsl:/home/rhitam/ros2_ws/install/encoder:/opt/ros/humble:/home/rhitam/ros2_ws/install/my_robot_description:/home/rhitam/ros2_ws/install/geographic_info:/home/rhitam/ros2_ws/install/geodesy:/home/rhitam/ros2_ws/install/geographic_msgs:/home/rhitam/ros2_ws/install/diagnostic_common_diagnostics:/home/rhitam/ros2_ws/install/diagnostic_updater:/home/rhitam/ros2_ws/install/diagnostic_remote_logging:/home/rhitam/ros2_ws/install/diagnostic_aggregator:/home/rhitam/ros2_ws/install/angles /usr/bin/cmake --install /home/rhitam/exoskeleton-v1/build/nmotion_transport_cpp
[1.692s] Level 1:colcon.colcon_core.environment:checking '/home/rhitam/exoskeleton-v1/install/nmotion_transport_cpp' for CMake module files
[1.692s] Level 1:colcon.colcon_core.environment:checking '/home/rhitam/exoskeleton-v1/install/nmotion_transport_cpp' for CMake config files
[1.692s] Level 1:colcon.colcon_core.shell:create_environment_hook('nmotion_transport_cpp', 'cmake_prefix_path')
[1.692s] INFO:colcon.colcon_core.shell:Creating environment hook '/home/rhitam/exoskeleton-v1/install/nmotion_transport_cpp/share/nmotion_transport_cpp/hook/cmake_prefix_path.ps1'
[1.693s] INFO:colcon.colcon_core.shell:Creating environment descriptor '/home/rhitam/exoskeleton-v1/install/nmotion_transport_cpp/share/nmotion_transport_cpp/hook/cmake_prefix_path.dsv'
[1.694s] INFO:colcon.colcon_core.shell:Creating environment hook '/home/rhitam/exoskeleton-v1/install/nmotion_transport_cpp/share/nmotion_transport_cpp/hook/cmake_prefix_path.sh'
[1.695s] Level 1:colcon.colcon_core.environment:checking '/home/rhitam/exoskeleton-v1/install/nmotion_transport_cpp/lib'
[1.695s] Level 1:colcon.colcon_core.shell:create_environment_hook('nmotion_transport_cpp', 'ld_library_path_lib')
[1.695s] INFO:colcon.colcon_core.shell:Creating environment hook '/home/rhitam/exoskeleton-v1/install/nmotion_transport_cpp/share/nmotion_transport_cpp/hook/ld_library_path_lib.ps1'
[1.695s] INFO:colcon.colcon_core.shell:Creating environment descriptor '/home/rhitam/exoskeleton-v1/install/nmotion_transport_cpp/share/nmotion_transport_cpp/hook/ld_library_path_lib.dsv'
[1.695s] INFO:colcon.colcon_core.shell:Creating environment hook '/home/rhitam/exoskeleton-v1/install/nmotion_transport_cpp/share/nmotion_transport_cpp/hook/ld_library_path_lib.sh'
[1.696s] Level 1:colcon.colcon_core.environment:checking '/home/rhitam/exoskeleton-v1/install/nmotion_transport_cpp/bin'
[1.696s] Level 1:colcon.colcon_core.environment:checking '/home/rhitam/exoskeleton-v1/install/nmotion_transport_cpp/lib/pkgconfig/nmotion_transport_cpp.pc'
[1.696s] Level 1:colcon.colcon_core.environment:checking '/home/rhitam/exoskeleton-v1/install/nmotion_transport_cpp/lib/python3.10/site-packages'
[1.696s] Level 1:colcon.colcon_core.environment:checking '/home/rhitam/exoskeleton-v1/install/nmotion_transport_cpp/bin'
[1.697s] INFO:colcon.colcon_core.shell:Creating package script '/home/rhitam/exoskeleton-v1/install/nmotion_transport_cpp/share/nmotion_transport_cpp/package.ps1'
[1.697s] INFO:colcon.colcon_core.shell:Creating package descriptor '/home/rhitam/exoskeleton-v1/install/nmotion_transport_cpp/share/nmotion_transport_cpp/package.dsv'
[1.698s] INFO:colcon.colcon_core.shell:Creating package script '/home/rhitam/exoskeleton-v1/install/nmotion_transport_cpp/share/nmotion_transport_cpp/package.sh'
[1.699s] INFO:colcon.colcon_core.shell:Creating package script '/home/rhitam/exoskeleton-v1/install/nmotion_transport_cpp/share/nmotion_transport_cpp/package.bash'
[1.700s] INFO:colcon.colcon_core.shell:Creating package script '/home/rhitam/exoskeleton-v1/install/nmotion_transport_cpp/share/nmotion_transport_cpp/package.zsh'
[1.701s] Level 1:colcon.colcon_core.environment:create_file_with_runtime_dependencies(/home/rhitam/exoskeleton-v1/install/nmotion_transport_cpp/share/colcon-core/packages/nmotion_transport_cpp)
[1.701s] Level 1:colcon.colcon_core.environment:create_environment_scripts_only(nmotion_transport_cpp)
[1.701s] Level 1:colcon.colcon_core.environment:checking '/home/rhitam/exoskeleton-v1/install/nmotion_transport_cpp' for CMake module files
[1.702s] Level 1:colcon.colcon_core.environment:checking '/home/rhitam/exoskeleton-v1/install/nmotion_transport_cpp' for CMake config files
[1.702s] Level 1:colcon.colcon_core.shell:create_environment_hook('nmotion_transport_cpp', 'cmake_prefix_path')
[1.702s] INFO:colcon.colcon_core.shell:Creating environment hook '/home/rhitam/exoskeleton-v1/install/nmotion_transport_cpp/share/nmotion_transport_cpp/hook/cmake_prefix_path.ps1'
[1.702s] INFO:colcon.colcon_core.shell:Creating environment descriptor '/home/rhitam/exoskeleton-v1/install/nmotion_transport_cpp/share/nmotion_transport_cpp/hook/cmake_prefix_path.dsv'
[1.703s] INFO:colcon.colcon_core.shell:Creating environment hook '/home/rhitam/exoskeleton-v1/install/nmotion_transport_cpp/share/nmotion_transport_cpp/hook/cmake_prefix_path.sh'
[1.703s] Level 1:colcon.colcon_core.environment:checking '/home/rhitam/exoskeleton-v1/install/nmotion_transport_cpp/lib'
[1.703s] Level 1:colcon.colcon_core.shell:create_environment_hook('nmotion_transport_cpp', 'ld_library_path_lib')
[1.703s] INFO:colcon.colcon_core.shell:Creating environment hook '/home/rhitam/exoskeleton-v1/install/nmotion_transport_cpp/share/nmotion_transport_cpp/hook/ld_library_path_lib.ps1'
[1.704s] INFO:colcon.colcon_core.shell:Creating environment descriptor '/home/rhitam/exoskeleton-v1/install/nmotion_transport_cpp/share/nmotion_transport_cpp/hook/ld_library_path_lib.dsv'
[1.704s] INFO:colcon.colcon_core.shell:Creating environment hook '/home/rhitam/exoskeleton-v1/install/nmotion_transport_cpp/share/nmotion_transport_cpp/hook/ld_library_path_lib.sh'
[1.704s] Level 1:colcon.colcon_core.environment:checking '/home/rhitam/exoskeleton-v1/install/nmotion_transport_cpp/bin'
[1.704s] Level 1:colcon.colcon_core.environment:checking '/home/rhitam/exoskeleton-v1/install/nmotion_transport_cpp/lib/pkgconfig/nmotion_transport_cpp.pc'
[1.704s] Level 1:colcon.colcon_core.environment:checking '/home/rhitam/exoskeleton-v1/install/nmotion_transport_cpp/lib/python3.10/site-packages'
[1.704s] Level 1:colcon.colcon_core.environment:checking '/home/rhitam/exoskeleton-v1/install/nmotion_transport_cpp/bin'
[1.705s] INFO:colcon.colcon_core.shell:Creating package script '/home/rhitam/exoskeleton-v1/install/nmotion_transport_cpp/share/nmotion_transport_cpp/package.ps1'
[1.705s] INFO:colcon.colcon_core.shell:Creating package descriptor '/home/rhitam/exoskeleton-v1/install/nmotion_transport_cpp/share/nmotion_transport_cpp/package.dsv'
[1.705s] INFO:colcon.colcon_core.shell:Creating package script '/home/rhitam/exoskeleton-v1/install/nmotion_transport_cpp/share/nmotion_transport_cpp/package.sh'
[1.705s] INFO:colcon.colcon_core.shell:Creating package script '/home/rhitam/exoskeleton-v1/install/nmotion_transport_cpp/share/nmotion_transport_cpp/package.bash'
[1.706s] INFO:colcon.colcon_core.shell:Creating package script '/home/rhitam/exoskeleton-v1/install/nmotion_transport_cpp/share/nmotion_transport_cpp/package.zsh'
[1.706s] Level 1:colcon.colcon_core.environment:create_file_with_runtime_dependencies(/home/rhitam/exoskeleton-v1/install/nmotion_transport_cpp/share/colcon-core/packages/nmotion_transport_cpp)
[1.706s] INFO:colcon.colcon_ros.task.ament_cmake.build:Building ROS package in '/home/rhitam/exoskeleton-v1/src/cubemars_v1_cpp' with build type 'ament_cmake'
[1.706s] INFO:colcon.colcon_cmake.task.cmake.build:Building CMake package in '/home/rhitam/exoskeleton-v1/src/cubemars_v1_cpp'
[1.706s] INFO:colcon.colcon_core.shell:Skip shell extension 'powershell' for command environment: Not usable outside of PowerShell
[1.706s] DEBUG:colcon.colcon_core.shell:Skip shell extension 'dsv' for command environment
[1.716s] DEBUG:colcon.colcon_core.event_handler.log_command:Invoking command in '/home/rhitam/exoskeleton-v1/build/cubemars_v1_cpp': AMENT_PREFIX_PATH=/home/rhitam/exoskeleton-v1/install/nmotion_transport_cpp:${AMENT_PREFIX_PATH} CMAKE_PREFIX_PATH=/home/rhitam/exoskeleton-v1/install/nmotion_transport_cpp:/home/rhitam/ros2_ws/install/zed_ros2:/home/rhitam/ros2_ws/install/zed_robot_integration:/home/rhitam/ros2_ws/install/zed_ipc:/home/rhitam/ros2_ws/install/zed_multi_camera:/home/rhitam/ros2_ws/install/zed_display_rviz2:/home/rhitam/ros2_ws/install/zed_depth_to_laserscan:/home/rhitam/ros2_ws/install/zed_wrapper:/home/rhitam/ros2_ws/install/zed_tutorial_video:/home/rhitam/ros2_ws/install/zed_tutorial_pos_tracking:/home/rhitam/ros2_ws/install/zed_tutorial_depth:/home/rhitam/ros2_ws/install/zed_topic_benchmark:/home/rhitam/ros2_ws/install/zed_topic_benchmark_component:/home/rhitam/ros2_ws/install/zed_topic_benchmark_interfaces:/home/rhitam/ros2_ws/install/zed_rgb_convert:/home/rhitam/ros2_ws/install/zed_aruco_localization:/home/rhitam/ros2_ws/install/zed_components:/home/rhitam/ros2_ws/install/xacro:/home/rhitam/ros2_ws/install/tortoisebot_slam:/home/rhitam/ros2_ws/install/tortoisebot_navigation:/home/rhitam/ros2_ws/install/tortoisebot_gazebo:/home/rhitam/ros2_ws/install/tortoisebot_description:/home/rhitam/ros2_ws/install/tortoisebot_bringup:/home/rhitam/ros2_ws/install/diagnostics:/home/rhitam/ros2_ws/install/self_test:/home/rhitam/ros2_ws/install/rviz_plugin_zed_od:/home/rhitam/ros2_ws/install/rplidar_ros:/home/rhitam/ros2_ws/install/rosbridge_test_msgs:/home/rhitam/ros2_ws/install/rosbridge_suite:/home/rhitam/ros2_ws/install/rosbridge_server:/home/rhitam/ros2_ws/install/rosbridge_msgs:/home/rhitam/ros2_ws/install/rosapi:/home/rhitam/ros2_ws/install/rosbridge_library:/home/rhitam/ros2_ws/install/rosapi_msgs:/home/rhitam/ros2_ws/install/robot_localization:/home/rhitam/ros2_ws/install/nmea_msgs:/home/rhitam/ros2_ws/install/my_robot_navigation:/home/rhitam/exoskeleton-v1/install/nmotion_transport:/home/rhitam/exoskeleton-v1/install/cubemars_v1:/home/rhitam/ros2_ws/install/wit_ros2_imu:/home/rhitam/ros2_ws/install/my_robot:/home/rhitam/ros2_ws/install/my_package:/home/rhitam/ros2_ws/install/jsl:/home/rhitam/ros2_ws/install/encoder:/opt/ros/humble:/home/rhitam/ros2_ws/install/my_robot_description:/home/rhitam/ros2_ws/install/geographic_info:/home/rhitam/ros2_ws/install/geodesy:/home/rhitam/ros2_ws/install/geographic_msgs:/home/rhitam/ros2_ws/install/diagnostic_common_diagnostics:/home/rhitam/ros2_ws/install/diagnostic_updater:/home/rhitam/ros2_ws/install/diagnostic_remote_logging:/home/rhitam/ros2_ws/install/diagnostic_aggregator:/home/rhitam/ros2_ws/install/angles LD_LIBRARY_PATH=/home/rhitam/exoskeleton-v1/install/nmotion_transport_cpp/lib:${LD_LIBRARY_PATH} /usr/bin/cmake /home/rhitam/exoskeleton-v1/src/cubemars_v1_cpp -DCMAKE_INSTALL_PREFIX=/home/rhitam/exoskeleton-v1/install/cubemars_v1_cpp
[2.884s] DEBUG:colcon.colcon_core.event_handler.log_command:Invoked command in '/home/rhitam/exoskeleton-v1/build/cubemars_v1_cpp' returned '0': AMENT_PREFIX_PATH=/home/rhitam/exoskeleton-v1/install/nmotion_transport_cpp:${AMENT_PREFIX_PATH} CMAKE_PREFIX_PATH=/home/rhitam/exoskeleton-v1/install/nmotion_transport_cpp:/home/rhitam/ros2_ws/install/zed_ros2:/home/rhitam/ros2_ws/install/zed_robot_integration:/home/rhitam/ros2_ws/install/zed_ipc:/home/rhitam/ros2_ws/install/zed_multi_camera:/home/rhitam/ros2_ws/install/zed_display_rviz2:/home/rhitam/ros2_ws/install/zed_depth_to_laserscan:/home/rhitam/ros2_ws/install/zed_wrapper:/home/rhitam/ros2_ws/install/zed_tutorial_video:/home/rhitam/ros2_ws/install/zed_tutorial_pos_tracking:/home/rhitam/ros2_ws/install/zed_tutorial_depth:/home/rhitam/ros2_ws/install/zed_topic_benchmark:/home/rhitam/ros2_ws/install/zed_topic_benchmark_component:/home/rhitam/ros2_ws/install/zed_topic_benchmark_interfaces:/home/rhitam/ros2_ws/install/zed_rgb_convert:/home/rhitam/ros2_ws/install/zed_aruco_localization:/home/rhitam/ros2_ws/install/zed_components:/home/rhitam/ros2_ws/install/xacro:/home/rhitam/ros2_ws/install/tortoisebot_slam:/home/rhitam/ros2_ws/install/tortoisebot_navigation:/home/rhitam/ros2_ws/install/tortoisebot_gazebo:/home/rhitam/ros2_ws/install/tortoisebot_description:/home/rhitam/ros2_ws/install/tortoisebot_bringup:/home/rhitam/ros2_ws/install/diagnostics:/home/rhitam/ros2_ws/install/self_test:/home/rhitam/ros2_ws/install/rviz_plugin_zed_od:/home/rhitam/ros2_ws/install/rplidar_ros:/home/rhitam/ros2_ws/install/rosbridge_test_msgs:/home/rhitam/ros2_ws/install/rosbridge_suite:/home/rhitam/ros2_ws/install/rosbridge_server:/home/rhitam/ros2_ws/install/rosbridge_msgs:/home/rhitam/ros2_ws/install/rosapi:/home/rhitam/ros2_ws/install/rosbridge_library:/home/rhitam/ros2_ws/install/rosapi_msgs:/home/rhitam/ros2_ws/install/robot_localization:/home/rhitam/ros2_ws/install/nmea_msgs:/home/rhitam/ros2_ws/install/my_robot_navigation:/home/rhitam/exoskeleton-v1/install/nmotion_transport:/home/rhitam/exoskeleton-v1/install/cubemars_v1:/home/rhitam/ros2_ws/install/wit_ros2_imu:/home/rhitam/ros2_ws/install/my_robot:/home/rhitam/ros2_ws/install/my_package:/home/rhitam/ros2_ws/install/jsl:/home/rhitam/ros2_ws/install/encoder:/opt/ros/humble:/home/rhitam/ros2_ws/install/my_robot_description:/home/rhitam/ros2_ws/install/geographic_info:/home/rhitam/ros2_ws/install/geodesy:/home/rhitam/ros2_ws/install/geographic_msgs:/home/rhitam/ros2_ws/install/diagnostic_common_diagnostics:/home/rhitam/ros2_ws/install/diagnostic_updater:/home/rhitam/ros2_ws/install/diagnostic_remote_logging:/home/rhitam/ros2_ws/install/diagnostic_aggregator:/home/rhitam/ros2_ws/install/angles LD_LIBRARY_PATH=/home/rhitam/exoskeleton-v1/install/nmotion_transport_cpp/lib:${LD_LIBRARY_PATH} /usr/bin/cmake /home/rhitam/exoskeleton-v1/src/cubemars_v1_cpp -DCMAKE_INSTALL_PREFIX=/home/rhitam/exoskeleton-v1/install/cubemars_v1_cpp
[2.884s] DEBUG:colcon.colcon_core.event_handler.log_command:Invoking command in '/home/rhitam/exoskeleton-v1/build/cubemars_v1_cpp': AMENT_PREFIX_PATH=/home/rhitam/exoskeleton-v1/install/nmotion_transport_cpp:${AMENT_PREFIX_PATH} CMAKE_PREFIX_PATH=/home/rhitam/exoskeleton-v1/install/nmotion_transport_cpp:/home/rhitam/ros2_ws/install/zed_ros2:/home/rhitam/ros2_ws/install/zed_robot_integration:/home/rhitam/ros2_ws/install/zed_ipc:/home/rhitam/ros2_ws/install/zed_multi_camera:/home/rhitam/ros2_ws/install/zed_display_rviz2:/home/rhitam/ros2_ws/install/zed_depth_to_laserscan:/home/rhitam/ros2_ws/install/zed_wrapper:/home/rhitam/ros2_ws/install/zed_tutorial_video:/home/rhitam/ros2_ws/install/zed_tutorial_pos_tracking:/home/rhitam/ros2_ws/install/zed_tutorial_depth:/home/rhitam/ros2_ws/install/zed_topic_benchmark:/home/rhitam/ros2_ws/install/zed_topic_benchmark_component:/home/rhitam/ros2_ws/install/zed_topic_benchmark_interfaces:/home/rhitam/ros2_ws/install/zed_rgb_convert:/home/rhitam/ros2_ws/install/zed_aruco_localization:/home/rhitam/ros2_ws/install/zed_components:/home/rhitam/ros2_ws/install/xacro:/home/rhitam/ros2_ws/install/tortoisebot_slam:/home/rhitam/ros2_ws/install/tortoisebot_navigation:/home/rhitam/ros2_ws/install/tortoisebot_gazebo:/home/rhitam/ros2_ws/install/tortoisebot_description:/home/rhitam/ros2_ws/install/tortoisebot_bringup:/home/rhitam/ros2_ws/install/diagnostics:/home/rhitam/ros2_ws/install/self_test:/home/rhitam/ros2_ws/install/rviz_plugin_zed_od:/home/rhitam/ros2_ws/install/rplidar_ros:/home/rhitam/ros2_ws/install/rosbridge_test_msgs:/home/rhitam/ros2_ws/install/rosbridge_suite:/home/rhitam/ros2_ws/install/rosbridge_server:/home/rhitam/ros2_ws/install/rosbridge_msgs:/home/rhitam/ros2_ws/install/rosapi:/home/rhitam/ros2_ws/install/rosbridge_library:/home/rhitam/ros2_ws/install/rosapi_msgs:/home/rhitam/ros2_ws/install/robot_localization:/home/rhitam/ros2_ws/install/nmea_msgs:/home/rhitam/ros2_ws/install/my_robot_navigation:/home/rhitam/exoskeleton-v1/install/nmotion_transport:/home/rhitam/exoskeleton-v1/install/cubemars_v1:/home/rhitam/ros2_ws/install/wit_ros2_imu:/home/rhitam/ros2_ws/install/my_robot:/home/rhitam/ros2_ws/install/my_package:/home/rhitam/ros2_ws/install/jsl:/home/rhitam/ros2_ws/install/encoder:/opt/ros/humble:/home/rhitam/ros2_ws/install/my_robot_description:/home/rhitam/ros2_ws/install/geographic_info:/home/rhitam/ros2_ws/install/geodesy:/home/rhitam/ros2_ws/install/geographic_msgs:/home/rhitam/ros2_ws/install/diagnostic_common_diagnostics:/home/rhitam/ros2_ws/install/diagnostic_updater:/home/rhitam/ros2_ws/install/diagnostic_remote_logging:/home/rhitam/ros2_ws/install/diagnostic_aggregator:/home/rhitam/ros2_ws/install/angles LD_LIBRARY_PATH=/home/rhitam/exoskeleton-v1/install/nmotion_transport_cpp/lib:${LD_LIBRARY_PATH} /usr/bin/cmake --build /home/rhitam/exoskeleton-v1/build/cubemars_v1_cpp -- -j20 -l20
[10.226s] DEBUG:colcon.colcon_core.event_handler.log_command:Invoked command in '/home/rhitam/exoskeleton-v1/build/cubemars_v1_cpp' returned '0': AMENT_PREFIX_PATH=/home/rhitam/exoskeleton-v1/install/nmotion_transport_cpp:${AMENT_PREFIX_PATH} CMAKE_PREFIX_PATH=/home/rhitam/exoskeleton-v1/install/nmotion_transport_cpp:/home/rhitam/ros2_ws/install/zed_ros2:/home/rhitam/ros2_ws/install/zed_robot_integration:/home/rhitam/ros2_ws/install/zed_ipc:/home/rhitam/ros2_ws/install/zed_multi_camera:/home/rhitam/ros2_ws/install/zed_display_rviz2:/home/rhitam/ros2_ws/install/zed_depth_to_laserscan:/home/rhitam/ros2_ws/install/zed_wrapper:/home/rhitam/ros2_ws/install/zed_tutorial_video:/home/rhitam/ros2_ws/install/zed_tutorial_pos_tracking:/home/rhitam/ros2_ws/install/zed_tutorial_depth:/home/rhitam/ros2_ws/install/zed_topic_benchmark:/home/rhitam/ros2_ws/install/zed_topic_benchmark_component:/home/rhitam/ros2_ws/install/zed_topic_benchmark_interfaces:/home/rhitam/ros2_ws/install/zed_rgb_convert:/home/rhitam/ros2_ws/install/zed_aruco_localization:/home/rhitam/ros2_ws/install/zed_components:/home/rhitam/ros2_ws/install/xacro:/home/rhitam/ros2_ws/install/tortoisebot_slam:/home/rhitam/ros2_ws/install/tortoisebot_navigation:/home/rhitam/ros2_ws/install/tortoisebot_gazebo:/home/rhitam/ros2_ws/install/tortoisebot_description:/home/rhitam/ros2_ws/install/tortoisebot_bringup:/home/rhitam/ros2_ws/install/diagnostics:/home/rhitam/ros2_ws/install/self_test:/home/rhitam/ros2_ws/install/rviz_plugin_zed_od:/home/rhitam/ros2_ws/install/rplidar_ros:/home/rhitam/ros2_ws/install/rosbridge_test_msgs:/home/rhitam/ros2_ws/install/rosbridge_suite:/home/rhitam/ros2_ws/install/rosbridge_server:/home/rhitam/ros2_ws/install/rosbridge_msgs:/home/rhitam/ros2_ws/install/rosapi:/home/rhitam/ros2_ws/install/rosbridge_library:/home/rhitam/ros2_ws/install/rosapi_msgs:/home/rhitam/ros2_ws/install/robot_localization:/home/rhitam/ros2_ws/install/nmea_msgs:/home/rhitam/ros2_ws/install/my_robot_navigation:/home/rhitam/exoskeleton-v1/install/nmotion_transport:/home/rhitam/exoskeleton-v1/install/cubemars_v1:/home/rhitam/ros2_ws/install/wit_ros2_imu:/home/rhitam/ros2_ws/install/my_robot:/home/rhitam/ros2_ws/install/my_package:/home/rhitam/ros2_ws/install/jsl:/home/rhitam/ros2_ws/install/encoder:/opt/ros/humble:/home/rhitam/ros2_ws/install/my_robot_description:/home/rhitam/ros2_ws/install/geographic_info:/home/rhitam/ros2_ws/install/geodesy:/home/rhitam/ros2_ws/install/geographic_msgs:/home/rhitam/ros2_ws/install/diagnostic_common_diagnostics:/home/rhitam/ros2_ws/install/diagnostic_updater:/home/rhitam/ros2_ws/install/diagnostic_remote_logging:/home/rhitam/ros2_ws/install/diagnostic_aggregator:/home/rhitam/ros2_ws/install/angles LD_LIBRARY_PATH=/home/rhitam/exoskeleton-v1/install/nmotion_transport_cpp/lib:${LD_LIBRARY_PATH} /usr/bin/cmake --build /home/rhitam/exoskeleton-v1/build/cubemars_v1_cpp -- -j20 -l20
[10.228s] DEBUG:colcon.colcon_core.event_handler.log_command:Invoking command in '/home/rhitam/exoskeleton-v1/build/cubemars_v1_cpp': AMENT_PREFIX_PATH=/home/rhitam/exoskeleton-v1/install/nmotion_transport_cpp:${AMENT_PREFIX_PATH} CMAKE_PREFIX_PATH=/home/rhitam/exoskeleton-v1/install/nmotion_transport_cpp:/home/rhitam/ros2_ws/install/zed_ros2:/home/rhitam/ros2_ws/install/zed_robot_integration:/home/rhitam/ros2_ws/install/zed_ipc:/home/rhitam/ros2_ws/install/zed_multi_camera:/home/rhitam/ros2_ws/install/zed_display_rviz2:/home/rhitam/ros2_ws/install/zed_depth_to_laserscan:/home/rhitam/ros2_ws/install/zed_wrapper:/home/rhitam/ros2_ws/install/zed_tutorial_video:/home/rhitam/ros2_ws/install/zed_tutorial_pos_tracking:/home/rhitam/ros2_ws/install/zed_tutorial_depth:/home/rhitam/ros2_ws/install/zed_topic_benchmark:/home/rhitam/ros2_ws/install/zed_topic_benchmark_component:/home/rhitam/ros2_ws/install/zed_topic_benchmark_interfaces:/home/rhitam/ros2_ws/install/zed_rgb_convert:/home/rhitam/ros2_ws/install/zed_aruco_localization:/home/rhitam/ros2_ws/install/zed_components:/home/rhitam/ros2_ws/install/xacro:/home/rhitam/ros2_ws/install/tortoisebot_slam:/home/rhitam/ros2_ws/install/tortoisebot_navigation:/home/rhitam/ros2_ws/install/tortoisebot_gazebo:/home/rhitam/ros2_ws/install/tortoisebot_description:/home/rhitam/ros2_ws/install/tortoisebot_bringup:/home/rhitam/ros2_ws/install/diagnostics:/home/rhitam/ros2_ws/install/self_test:/home/rhitam/ros2_ws/install/rviz_plugin_zed_od:/home/rhitam/ros2_ws/install/rplidar_ros:/home/rhitam/ros2_ws/install/rosbridge_test_msgs:/home/rhitam/ros2_ws/install/rosbridge_suite:/home/rhitam/ros2_ws/install/rosbridge_server:/home/rhitam/ros2_ws/install/rosbridge_msgs:/home/rhitam/ros2_ws/install/rosapi:/home/rhitam/ros2_ws/install/rosbridge_library:/home/rhitam/ros2_ws/install/rosapi_msgs:/home/rhitam/ros2_ws/install/robot_localization:/home/rhitam/ros2_ws/install/nmea_msgs:/home/rhitam/ros2_ws/install/my_robot_navigation:/home/rhitam/exoskeleton-v1/install/nmotion_transport:/home/rhitam/exoskeleton-v1/install/cubemars_v1:/home/rhitam/ros2_ws/install/wit_ros2_imu:/home/rhitam/ros2_ws/install/my_robot:/home/rhitam/ros2_ws/install/my_package:/home/rhitam/ros2_ws/install/jsl:/home/rhitam/ros2_ws/install/encoder:/opt/ros/humble:/home/rhitam/ros2_ws/install/my_robot_description:/home/rhitam/ros2_ws/install/geographic_info:/home/rhitam/ros2_ws/install/geodesy:/home/rhitam/ros2_ws/install/geographic_msgs:/home/rhitam/ros2_ws/install/diagnostic_common_diagnostics:/home/rhitam/ros2_ws/install/diagnostic_updater:/home/rhitam/ros2_ws/install/diagnostic_remote_logging:/home/rhitam/ros2_ws/install/diagnostic_aggregator:/home/rhitam/ros2_ws/install/angles LD_LIBRARY_PATH=/home/rhitam/exoskeleton-v1/install/nmotion_transport_cpp/lib:${LD_LIBRARY_PATH} /usr/bin/cmake --install /home/rhitam/exoskeleton-v1/build/cubemars_v1_cpp
[10.243s] Level 1:colcon.colcon_core.environment:create_environment_scripts_only(cubemars_v1_cpp)
[10.243s] Level 1:colcon.colcon_core.environment:checking '/home/rhitam/exoskeleton-v1/install/cubemars_v1_cpp' for CMake module files
[10.243s] DEBUG:colcon.colcon_core.event_handler.log_command:Invoked command in '/home/rhitam/exoskeleton-v1/build/cubemars_v1_cpp' returned '0': AMENT_PREFIX_PATH=/home/rhitam/exoskeleton-v1/install/nmotion_transport_cpp:${AMENT_PREFIX_PATH} CMAKE_PREFIX_PATH=/home/rhitam/exoskeleton-v1/install/nmotion_transport_cpp:/home/rhitam/ros2_ws/install/zed_ros2:/home/rhitam/ros2_ws/install/zed_robot_integration:/home/rhitam/ros2_ws/install/zed_ipc:/home/rhitam/ros2_ws/install/zed_multi_camera:/home/rhitam/ros2_ws/install/zed_display_rviz2:/home/rhitam/ros2_ws/install/zed_depth_to_laserscan:/home/rhitam/ros2_ws/install/zed_wrapper:/home/rhitam/ros2_ws/install/zed_tutorial_video:/home/rhitam/ros2_ws/install/zed_tutorial_pos_tracking:/home/rhitam/ros2_ws/install/zed_tutorial_depth:/home/rhitam/ros2_ws/install/zed_topic_benchmark:/home/rhitam/ros2_ws/install/zed_topic_benchmark_component:/home/rhitam/ros2_ws/install/zed_topic_benchmark_interfaces:/home/rhitam/ros2_ws/install/zed_rgb_convert:/home/rhitam/ros2_ws/install/zed_aruco_localization:/home/rhitam/ros2_ws/install/zed_components:/home/rhitam/ros2_ws/install/xacro:/home/rhitam/ros2_ws/install/tortoisebot_slam:/home/rhitam/ros2_ws/install/tortoisebot_navigation:/home/rhitam/ros2_ws/install/tortoisebot_gazebo:/home/rhitam/ros2_ws/install/tortoisebot_description:/home/rhitam/ros2_ws/install/tortoisebot_bringup:/home/rhitam/ros2_ws/install/diagnostics:/home/rhitam/ros2_ws/install/self_test:/home/rhitam/ros2_ws/install/rviz_plugin_zed_od:/home/rhitam/ros2_ws/install/rplidar_ros:/home/rhitam/ros2_ws/install/rosbridge_test_msgs:/home/rhitam/ros2_ws/install/rosbridge_suite:/home/rhitam/ros2_ws/install/rosbridge_server:/home/rhitam/ros2_ws/install/rosbridge_msgs:/home/rhitam/ros2_ws/install/rosapi:/home/rhitam/ros2_ws/install/rosbridge_library:/home/rhitam/ros2_ws/install/rosapi_msgs:/home/rhitam/ros2_ws/install/robot_localization:/home/rhitam/ros2_ws/install/nmea_msgs:/home/rhitam/ros2_ws/install/my_robot_navigation:/home/rhitam/exoskeleton-v1/install/nmotion_transport:/home/rhitam/exoskeleton-v1/install/cubemars_v1:/home/rhitam/ros2_ws/install/wit_ros2_imu:/home/rhitam/ros2_ws/install/my_robot:/home/rhitam/ros2_ws/install/my_package:/home/rhitam/ros2_ws/install/jsl:/home/rhitam/ros2_ws/install/encoder:/opt/ros/humble:/home/rhitam/ros2_ws/install/my_robot_description:/home/rhitam/ros2_ws/install/geographic_info:/home/rhitam/ros2_ws/install/geodesy:/home/rhitam/ros2_ws/install/geographic_msgs:/home/rhitam/ros2_ws/install/diagnostic_common_diagnostics:/home/rhitam/ros2_ws/install/diagnostic_updater:/home/rhitam/ros2_ws/install/diagnostic_remote_logging:/home/rhitam/ros2_ws/install/diagnostic_aggregator:/home/rhitam/ros2_ws/install/angles LD_LIBRARY_PATH=/home/rhitam/exoskeleton-v1/install/nmotion_transport_cpp/lib:${LD_LIBRARY_PATH} /usr/bin/cmake --install /home/rhitam/exoskeleton-v1/build/cubemars_v1_cpp
[10.244s] Level 1:colcon.colcon_core.environment:checking '/home/rhitam/exoskeleton-v1/install/cubemars_v1_cpp' for CMake config files
[10.244s] Level 1:colcon.colcon_core.shell:create_environment_hook('cubemars_v1_cpp', 'cmake_prefix_path')
[10.244s] INFO:colcon.colcon_core.shell:Creating environment hook '/home/rhitam/exoskeleton-v1/install/cubemars_v1_cpp/share/cubemars_v1_cpp/hook/cmake_prefix_path.ps1'
[10.244s] INFO:colcon.colcon_core.shell:Creating environment descriptor '/home/rhitam/exoskeleton-v1/install/cubemars_v1_cpp/share/cubemars_v1_cpp/hook/cmake_prefix_path.dsv'
[10.244s] INFO:colcon.colcon_core.shell:Creating environment hook '/home/rhitam/exoskeleton-v1/install/cubemars_v1_cpp/share/cubemars_v1_cpp/hook/cmake_prefix_path.sh'
[10.245s] Level 1:colcon.colcon_core.environment:checking '/home/rhitam/exoskeleton-v1/install/cubemars_v1_cpp/lib'
[10.245s] Level 1:colcon.colcon_core.environment:checking '/home/rhitam/exoskeleton-v1/install/cubemars_v1_cpp/bin'
[10.245s] Level 1:colcon.colcon_core.environment:checking '/home/rhitam/exoskeleton-v1/install/cubemars_v1_cpp/lib/pkgconfig/cubemars_v1_cpp.pc'
[10.245s] Level 1:colcon.colcon_core.environment:checking '/home/rhitam/exoskeleton-v1/install/cubemars_v1_cpp/lib/python3.10/site-packages'
[10.245s] Level 1:colcon.colcon_core.environment:checking '/home/rhitam/exoskeleton-v1/install/cubemars_v1_cpp/bin'
[10.245s] INFO:colcon.colcon_core.shell:Creating package script '/home/rhitam/exoskeleton-v1/install/cubemars_v1_cpp/share/cubemars_v1_cpp/package.ps1'
[10.245s] INFO:colcon.colcon_core.shell:Creating package descriptor '/home/rhitam/exoskeleton-v1/install/cubemars_v1_cpp/share/cubemars_v1_cpp/package.dsv'
[10.246s] INFO:colcon.colcon_core.shell:Creating package script '/home/rhitam/exoskeleton-v1/install/cubemars_v1_cpp/share/cubemars_v1_cpp/package.sh'
[10.246s] INFO:colcon.colcon_core.shell:Creating package script '/home/rhitam/exoskeleton-v1/install/cubemars_v1_cpp/share/cubemars_v1_cpp/package.bash'
[10.246s] INFO:colcon.colcon_core.shell:Creating package script '/home/rhitam/exoskeleton-v1/install/cubemars_v1_cpp/share/cubemars_v1_cpp/package.zsh'
[10.246s] Level 1:colcon.colcon_core.environment:create_file_with_runtime_dependencies(/home/rhitam/exoskeleton-v1/install/cubemars_v1_cpp/share/colcon-core/packages/cubemars_v1_cpp)
[10.247s] Level 1:colcon.colcon_core.environment:create_environment_scripts_only(cubemars_v1_cpp)
[10.247s] Level 1:colcon.colcon_core.environment:checking '/home/rhitam/exoskeleton-v1/install/cubemars_v1_cpp' for CMake module files
[10.247s] Level 1:colcon.colcon_core.environment:checking '/home/rhitam/exoskeleton-v1/install/cubemars_v1_cpp' for CMake config files
[10.247s] Level 1:colcon.colcon_core.shell:create_environment_hook('cubemars_v1_cpp', 'cmake_prefix_path')
[10.248s] INFO:colcon.colcon_core.shell:Creating environment hook '/home/rhitam/exoskeleton-v1/install/cubemars_v1_cpp/share/cubemars_v1_cpp/hook/cmake_prefix_path.ps1'
[10.248s] INFO:colcon.colcon_core.shell:Creating environment descriptor '/home/rhitam/exoskeleton-v1/install/cubemars_v1_cpp/share/cubemars_v1_cpp/hook/cmake_prefix_path.dsv'
[10.248s] INFO:colcon.colcon_core.shell:Creating environment hook '/home/rhitam/exoskeleton-v1/install/cubemars_v1_cpp/share/cubemars_v1_cpp/hook/cmake_prefix_path.sh'
[10.249s] Level 1:colcon.colcon_core.environment:checking '/home/rhitam/exoskeleton-v1/install/cubemars_v1_cpp/lib'
[10.249s] Level 1:colcon.colcon_core.environment:checking '/home/rhitam/exoskeleton-v1/install/cubemars_v1_cpp/bin'
[10.249s] Level 1:colcon.colcon_core.environment:checking '/home/rhitam/exoskeleton-v1/install/cubemars_v1_cpp/lib/pkgconfig/cubemars_v1_cpp.pc'
[10.249s] Level 1:colcon.colcon_core.environment:checking '/home/rhitam/exoskeleton-v1/install/cubemars_v1_cpp/lib/python3.10/site-packages'
[10.249s] Level 1:colcon.colcon_core.environment:checking '/home/rhitam/exoskeleton-v1/install/cubemars_v1_cpp/bin'
[10.249s] INFO:colcon.colcon_core.shell:Creating package script '/home/rhitam/exoskeleton-v1/install/cubemars_v1_cpp/share/cubemars_v1_cpp/package.ps1'
[10.250s] INFO:colcon.colcon_core.shell:Creating package descriptor '/home/rhitam/exoskeleton-v1/install/cubemars_v1_cpp/share/cubemars_v1_cpp/package.dsv'
[10.250s] INFO:colcon.colcon_core.shell:Creating package script '/home/rhitam/exoskeleton-v1/install/cubemars_v1_cpp/share/cubemars_v1_cpp/package.sh'
[10.250s] INFO:colcon.colcon_core.shell:Creating package script '/home/rhitam/exoskeleton-v1/install/cubemars_v1_cpp/share/cubemars_v1_cpp/package.bash'
[10.251s] INFO:colcon.colcon_core.shell:Creating package script '/home/rhitam/exoskeleton-v1/install/cubemars_v1_cpp/share/cubemars_v1_cpp/package.zsh'
[10.251s] Level 1:colcon.colcon_core.environment:create_file_with_runtime_dependencies(/home/rhitam/exoskeleton-v1/install/cubemars_v1_cpp/share/colcon-core/packages/cubemars_v1_cpp)
[10.251s] DEBUG:colcon.colcon_parallel_executor.executor.parallel:closing loop
[10.251s] DEBUG:colcon.colcon_parallel_executor.executor.parallel:loop closed
[10.251s] DEBUG:colcon.colcon_parallel_executor.executor.parallel:run_until_complete finished with '0'
[10.251s] DEBUG:colcon.colcon_core.event_reactor:joining thread
[10.257s] INFO:colcon.colcon_core.plugin_system:Skipping extension 'colcon_notification.desktop_notification.terminal_notifier': Not used on non-Darwin systems
[10.257s] INFO:colcon.colcon_core.plugin_system:Skipping extension 'colcon_notification.desktop_notification.win32': Not used on non-Windows systems
[10.257s] INFO:colcon.colcon_notification.desktop_notification:Sending desktop notification using 'notify2'
[10.257s] DEBUG:colcon.colcon_notification.desktop_notification.notify2:Failed to initialize notify2: org.freedesktop.DBus.Error.FileNotFound: Failed to connect to socket /run/user/1000/bus: No such file or directory
[10.257s] DEBUG:colcon.colcon_core.event_reactor:joined thread
[10.258s] INFO:colcon.colcon_core.shell:Creating prefix script '/home/rhitam/exoskeleton-v1/install/local_setup.ps1'
[10.258s] INFO:colcon.colcon_core.shell:Creating prefix util module '/home/rhitam/exoskeleton-v1/install/_local_setup_util_ps1.py'
[10.259s] INFO:colcon.colcon_core.shell:Creating prefix chain script '/home/rhitam/exoskeleton-v1/install/setup.ps1'
[10.261s] INFO:colcon.colcon_core.shell:Creating prefix script '/home/rhitam/exoskeleton-v1/install/local_setup.sh'
[10.261s] INFO:colcon.colcon_core.shell:Creating prefix util module '/home/rhitam/exoskeleton-v1/install/_local_setup_util_sh.py'
[10.262s] INFO:colcon.colcon_core.shell:Creating prefix chain script '/home/rhitam/exoskeleton-v1/install/setup.sh'
[10.264s] INFO:colcon.colcon_core.shell:Creating prefix script '/home/rhitam/exoskeleton-v1/install/local_setup.bash'
[10.264s] INFO:colcon.colcon_core.shell:Creating prefix chain script '/home/rhitam/exoskeleton-v1/install/setup.bash'
[10.266s] INFO:colcon.colcon_core.shell:Creating prefix script '/home/rhitam/exoskeleton-v1/install/local_setup.zsh'
[10.267s] INFO:colcon.colcon_core.shell:Creating prefix chain script '/home/rhitam/exoskeleton-v1/install/setup.zsh'
