[0.582s] Invoking command in '/home/rhitam/exoskeleton-v1/src/cubemars_v1': PYTHONPATH=/home/rhitam/exoskeleton-v1/build/cubemars_v1/prefix_override:/usr/lib/python3/dist-packages/colcon_core/task/python/colcon_distutils_commands:/home/rhitam/exoskeleton-v1/install/cubemars_v1/lib/python3.10/site-packages:${PYTHONPATH} /usr/bin/python3 -W ignore:setup.py install is deprecated -W ignore:easy_install command is deprecated setup.py egg_info --egg-base ../../build/cubemars_v1 build --build-base /home/rhitam/exoskeleton-v1/build/cubemars_v1/build install --record /home/rhitam/exoskeleton-v1/build/cubemars_v1/install.log --single-version-externally-managed install_data
[0.736s] running egg_info
[0.744s] writing ../../build/cubemars_v1/cubemars_v1.egg-info/PKG-INFO
[0.744s] writing dependency_links to ../../build/cubemars_v1/cubemars_v1.egg-info/dependency_links.txt
[0.745s] writing entry points to ../../build/cubemars_v1/cubemars_v1.egg-info/entry_points.txt
[0.745s] writing requirements to ../../build/cubemars_v1/cubemars_v1.egg-info/requires.txt
[0.745s] writing top-level names to ../../build/cubemars_v1/cubemars_v1.egg-info/top_level.txt
[0.764s] reading manifest file '../../build/cubemars_v1/cubemars_v1.egg-info/SOURCES.txt'
[0.765s] writing manifest file '../../build/cubemars_v1/cubemars_v1.egg-info/SOURCES.txt'
[0.765s] running build
[0.765s] running build_py
[0.765s] copying cubemars_v1/hip_continous_pub.py -> /home/rhitam/exoskeleton-v1/build/cubemars_v1/build/lib/cubemars_v1
[0.766s] copying cubemars_v1/encoder_hip_pub.py -> /home/rhitam/exoskeleton-v1/build/cubemars_v1/build/lib/cubemars_v1
[0.766s] copying cubemars_v1/torqueControl1.py -> /home/rhitam/exoskeleton-v1/build/cubemars_v1/build/lib/cubemars_v1
[0.766s] copying cubemars_v1/matlab_torque_ctrl.py -> /home/rhitam/exoskeleton-v1/build/cubemars_v1/build/lib/cubemars_v1
[0.766s] copying cubemars_v1/hip_knee_sim_logger_sub.py -> /home/rhitam/exoskeleton-v1/build/cubemars_v1/build/lib/cubemars_v1
[0.767s] copying cubemars_v1/hip_logger_sub.py -> /home/rhitam/exoskeleton-v1/build/cubemars_v1/build/lib/cubemars_v1
[0.767s] copying cubemars_v1/hip_constant_pub.py -> /home/rhitam/exoskeleton-v1/build/cubemars_v1/build/lib/cubemars_v1
[0.767s] copying cubemars_v1/joint_trajectory_exec.py -> /home/rhitam/exoskeleton-v1/build/cubemars_v1/build/lib/cubemars_v1
[0.768s] copying cubemars_v1/joint_trajectory_freq_analysis.py -> /home/rhitam/exoskeleton-v1/build/cubemars_v1/build/lib/cubemars_v1
[0.768s] running install
[0.770s] running install_lib
[0.780s] running install_data
[0.780s] copying package.xml -> /home/rhitam/exoskeleton-v1/install/cubemars_v1/share/cubemars_v1
[0.781s] copying launch/hip_system.launch.py -> /home/rhitam/exoskeleton-v1/install/cubemars_v1/share/cubemars_v1/launch
[0.781s] copying data/anikait_hip_knee_angles.xlsx -> /home/rhitam/exoskeleton-v1/install/cubemars_v1/share/cubemars_v1/data
[0.781s] copying data/Synthetic_Data.xlsx -> /home/rhitam/exoskeleton-v1/install/cubemars_v1/share/cubemars_v1/data
[0.782s] running install_egg_info
[0.793s] removing '/home/rhitam/exoskeleton-v1/install/cubemars_v1/lib/python3.10/site-packages/cubemars_v1-0.0.0-py3.10.egg-info' (and everything under it)
[0.793s] Copying ../../build/cubemars_v1/cubemars_v1.egg-info to /home/rhitam/exoskeleton-v1/install/cubemars_v1/lib/python3.10/site-packages/cubemars_v1-0.0.0-py3.10.egg-info
[0.793s] running install_scripts
[0.811s] Installing encoder_pub script to /home/rhitam/exoskeleton-v1/install/cubemars_v1/lib/cubemars_v1
[0.812s] Installing hip_const_pub script to /home/rhitam/exoskeleton-v1/install/cubemars_v1/lib/cubemars_v1
[0.812s] Installing hip_cont_pub script to /home/rhitam/exoskeleton-v1/install/cubemars_v1/lib/cubemars_v1
[0.812s] Installing hip_knee_sim_logger_sub script to /home/rhitam/exoskeleton-v1/install/cubemars_v1/lib/cubemars_v1
[0.812s] Installing hip_logger_sub script to /home/rhitam/exoskeleton-v1/install/cubemars_v1/lib/cubemars_v1
[0.812s] Installing joint_traj_exec script to /home/rhitam/exoskeleton-v1/install/cubemars_v1/lib/cubemars_v1
[0.813s] Installing joint_traj_freq_analysis script to /home/rhitam/exoskeleton-v1/install/cubemars_v1/lib/cubemars_v1
[0.813s] Installing matlab_test1 script to /home/rhitam/exoskeleton-v1/install/cubemars_v1/lib/cubemars_v1
[0.813s] Installing matlab_torque_ctrl script to /home/rhitam/exoskeleton-v1/install/cubemars_v1/lib/cubemars_v1
[0.813s] writing list of installed files to '/home/rhitam/exoskeleton-v1/build/cubemars_v1/install.log'
[0.830s] Invoked command in '/home/rhitam/exoskeleton-v1/src/cubemars_v1' returned '0': PYTHONPATH=/home/rhitam/exoskeleton-v1/build/cubemars_v1/prefix_override:/usr/lib/python3/dist-packages/colcon_core/task/python/colcon_distutils_commands:/home/rhitam/exoskeleton-v1/install/cubemars_v1/lib/python3.10/site-packages:${PYTHONPATH} /usr/bin/python3 -W ignore:setup.py install is deprecated -W ignore:easy_install command is deprecated setup.py egg_info --egg-base ../../build/cubemars_v1 build --build-base /home/rhitam/exoskeleton-v1/build/cubemars_v1/build install --record /home/rhitam/exoskeleton-v1/build/cubemars_v1/install.log --single-version-externally-managed install_data
