[0.013s] Invoking command in '/home/rhitam/exoskeleton-v1/build/cubemars_v1_cpp': AMENT_PREFIX_PATH=/home/rhitam/exoskeleton-v1/install/nmotion_transport_cpp:${AMENT_PREFIX_PATH} CMAKE_PREFIX_PATH=/home/rhitam/exoskeleton-v1/install/nmotion_transport_cpp:/home/rhitam/ros2_ws/install/zed_ros2:/home/rhitam/ros2_ws/install/zed_robot_integration:/home/rhitam/ros2_ws/install/zed_ipc:/home/rhitam/ros2_ws/install/zed_multi_camera:/home/rhitam/ros2_ws/install/zed_display_rviz2:/home/rhitam/ros2_ws/install/zed_depth_to_laserscan:/home/rhitam/ros2_ws/install/zed_wrapper:/home/rhitam/ros2_ws/install/zed_tutorial_video:/home/rhitam/ros2_ws/install/zed_tutorial_pos_tracking:/home/rhitam/ros2_ws/install/zed_tutorial_depth:/home/rhitam/ros2_ws/install/zed_topic_benchmark:/home/rhitam/ros2_ws/install/zed_topic_benchmark_component:/home/rhitam/ros2_ws/install/zed_topic_benchmark_interfaces:/home/rhitam/ros2_ws/install/zed_rgb_convert:/home/rhitam/ros2_ws/install/zed_aruco_localization:/home/rhitam/ros2_ws/install/zed_components:/home/rhitam/ros2_ws/install/xacro:/home/rhitam/ros2_ws/install/tortoisebot_slam:/home/rhitam/ros2_ws/install/tortoisebot_navigation:/home/rhitam/ros2_ws/install/tortoisebot_gazebo:/home/rhitam/ros2_ws/install/tortoisebot_description:/home/rhitam/ros2_ws/install/tortoisebot_bringup:/home/rhitam/ros2_ws/install/diagnostics:/home/rhitam/ros2_ws/install/self_test:/home/rhitam/ros2_ws/install/rviz_plugin_zed_od:/home/rhitam/ros2_ws/install/rplidar_ros:/home/rhitam/ros2_ws/install/rosbridge_test_msgs:/home/rhitam/ros2_ws/install/rosbridge_suite:/home/rhitam/ros2_ws/install/rosbridge_server:/home/rhitam/ros2_ws/install/rosbridge_msgs:/home/rhitam/ros2_ws/install/rosapi:/home/rhitam/ros2_ws/install/rosbridge_library:/home/rhitam/ros2_ws/install/rosapi_msgs:/home/rhitam/ros2_ws/install/robot_localization:/home/rhitam/ros2_ws/install/nmea_msgs:/home/rhitam/ros2_ws/install/my_robot_navigation:/home/rhitam/exoskeleton-v1/install/nmotion_transport:/home/rhitam/exoskeleton-v1/install/cubemars_v1:/home/rhitam/ros2_ws/install/wit_ros2_imu:/home/rhitam/ros2_ws/install/my_robot:/home/rhitam/ros2_ws/install/my_package:/home/rhitam/ros2_ws/install/jsl:/home/rhitam/ros2_ws/install/encoder:/opt/ros/humble:/home/rhitam/ros2_ws/install/my_robot_description:/home/rhitam/ros2_ws/install/geographic_info:/home/rhitam/ros2_ws/install/geodesy:/home/rhitam/ros2_ws/install/geographic_msgs:/home/rhitam/ros2_ws/install/diagnostic_common_diagnostics:/home/rhitam/ros2_ws/install/diagnostic_updater:/home/rhitam/ros2_ws/install/diagnostic_remote_logging:/home/rhitam/ros2_ws/install/diagnostic_aggregator:/home/rhitam/ros2_ws/install/angles LD_LIBRARY_PATH=/home/rhitam/exoskeleton-v1/install/nmotion_transport_cpp/lib:${LD_LIBRARY_PATH} /usr/bin/cmake --build /home/rhitam/exoskeleton-v1/build/cubemars_v1_cpp -- -j20 -l20
[0.034s] -- Found ament_cmake: 1.3.12 (/opt/ros/humble/share/ament_cmake/cmake)
[0.131s] -- Found rclcpp: 16.0.16 (/opt/ros/humble/share/rclcpp/cmake)
[0.148s] -- Found rosidl_generator_c: 3.1.7 (/opt/ros/humble/share/rosidl_generator_c/cmake)
[0.149s] -- Found rosidl_adapter: 3.1.7 (/opt/ros/humble/share/rosidl_adapter/cmake)
[0.154s] -- Found rosidl_generator_cpp: 3.1.7 (/opt/ros/humble/share/rosidl_generator_cpp/cmake)
[0.161s] -- Using all available rosidl_typesupport_c: rosidl_typesupport_fastrtps_c;rosidl_typesupport_introspection_c
[0.170s] -- Using all available rosidl_typesupport_cpp: rosidl_typesupport_fastrtps_cpp;rosidl_typesupport_introspection_cpp
[0.189s] -- Found rmw_implementation_cmake: 6.1.2 (/opt/ros/humble/share/rmw_implementation_cmake/cmake)
[0.191s] -- Found rmw_cyclonedds_cpp: 1.3.4 (/opt/ros/humble/share/rmw_cyclonedds_cpp/cmake)
[0.202s] -- Using RMW implementation 'rmw_cyclonedds_cpp' as default
[0.228s] -- Found nmotion_transport_cpp: 0.0.1 (/home/rhitam/exoskeleton-v1/install/nmotion_transport_cpp/share/nmotion_transport_cpp/cmake)
[0.283s] -- Configuring done
[0.294s] -- Generating done
[0.299s] -- Build files have been written to: /home/rhitam/exoskeleton-v1/build/cubemars_v1_cpp
[0.321s] Consolidate compiler generated dependencies of target hip_logger_sub
[0.321s] Consolidate compiler generated dependencies of target encoder_pub
[0.326s] [  7%] Building CXX object CMakeFiles/cubemars_can_utils.dir/src/can_utils.cpp.o
[0.332s] [ 21%] Built target encoder_pub
[0.334s] [ 35%] Built target hip_logger_sub
[0.578s] [ 42%] Linking CXX static library libcubemars_can_utils.a
[0.735s] [ 42%] Built target cubemars_can_utils
[0.755s] Consolidate compiler generated dependencies of target hip_cont_pub
[0.756s] Consolidate compiler generated dependencies of target joint_traj_exec
[0.759s] Consolidate compiler generated dependencies of target hip_const_pub
[0.759s] Consolidate compiler generated dependencies of target joint_traj_freq_analysis
[0.768s] [ 50%] Building CXX object CMakeFiles/joint_traj_exec.dir/src/joint_trajectory_exec.cpp.o
[0.768s] [ 57%] Building CXX object CMakeFiles/hip_cont_pub.dir/src/hip_continous_pub.cpp.o
[0.770s] [ 64%] Building CXX object CMakeFiles/hip_const_pub.dir/src/hip_constant_pub.cpp.o
[0.773s] [ 71%] Building CXX object CMakeFiles/joint_traj_freq_analysis.dir/src/joint_trajectory_freq_analysis.cpp.o
[2.910s] [ 78%] Linking CXX executable joint_traj_exec
[2.960s] [ 85%] Linking CXX executable joint_traj_freq_analysis
[3.004s] [ 85%] Built target joint_traj_exec
[3.057s] [ 85%] Built target joint_traj_freq_analysis
[3.684s] [ 92%] Linking CXX executable hip_const_pub
[3.805s] [100%] Linking CXX executable hip_cont_pub
[3.815s] [100%] Built target hip_const_pub
[3.929s] [100%] Built target hip_cont_pub
[3.939s] Invoked command in '/home/rhitam/exoskeleton-v1/build/cubemars_v1_cpp' returned '0': AMENT_PREFIX_PATH=/home/rhitam/exoskeleton-v1/install/nmotion_transport_cpp:${AMENT_PREFIX_PATH} CMAKE_PREFIX_PATH=/home/rhitam/exoskeleton-v1/install/nmotion_transport_cpp:/home/rhitam/ros2_ws/install/zed_ros2:/home/rhitam/ros2_ws/install/zed_robot_integration:/home/rhitam/ros2_ws/install/zed_ipc:/home/rhitam/ros2_ws/install/zed_multi_camera:/home/rhitam/ros2_ws/install/zed_display_rviz2:/home/rhitam/ros2_ws/install/zed_depth_to_laserscan:/home/rhitam/ros2_ws/install/zed_wrapper:/home/rhitam/ros2_ws/install/zed_tutorial_video:/home/rhitam/ros2_ws/install/zed_tutorial_pos_tracking:/home/rhitam/ros2_ws/install/zed_tutorial_depth:/home/rhitam/ros2_ws/install/zed_topic_benchmark:/home/rhitam/ros2_ws/install/zed_topic_benchmark_component:/home/rhitam/ros2_ws/install/zed_topic_benchmark_interfaces:/home/rhitam/ros2_ws/install/zed_rgb_convert:/home/rhitam/ros2_ws/install/zed_aruco_localization:/home/rhitam/ros2_ws/install/zed_components:/home/rhitam/ros2_ws/install/xacro:/home/rhitam/ros2_ws/install/tortoisebot_slam:/home/rhitam/ros2_ws/install/tortoisebot_navigation:/home/rhitam/ros2_ws/install/tortoisebot_gazebo:/home/rhitam/ros2_ws/install/tortoisebot_description:/home/rhitam/ros2_ws/install/tortoisebot_bringup:/home/rhitam/ros2_ws/install/diagnostics:/home/rhitam/ros2_ws/install/self_test:/home/rhitam/ros2_ws/install/rviz_plugin_zed_od:/home/rhitam/ros2_ws/install/rplidar_ros:/home/rhitam/ros2_ws/install/rosbridge_test_msgs:/home/rhitam/ros2_ws/install/rosbridge_suite:/home/rhitam/ros2_ws/install/rosbridge_server:/home/rhitam/ros2_ws/install/rosbridge_msgs:/home/rhitam/ros2_ws/install/rosapi:/home/rhitam/ros2_ws/install/rosbridge_library:/home/rhitam/ros2_ws/install/rosapi_msgs:/home/rhitam/ros2_ws/install/robot_localization:/home/rhitam/ros2_ws/install/nmea_msgs:/home/rhitam/ros2_ws/install/my_robot_navigation:/home/rhitam/exoskeleton-v1/install/nmotion_transport:/home/rhitam/exoskeleton-v1/install/cubemars_v1:/home/rhitam/ros2_ws/install/wit_ros2_imu:/home/rhitam/ros2_ws/install/my_robot:/home/rhitam/ros2_ws/install/my_package:/home/rhitam/ros2_ws/install/jsl:/home/rhitam/ros2_ws/install/encoder:/opt/ros/humble:/home/rhitam/ros2_ws/install/my_robot_description:/home/rhitam/ros2_ws/install/geographic_info:/home/rhitam/ros2_ws/install/geodesy:/home/rhitam/ros2_ws/install/geographic_msgs:/home/rhitam/ros2_ws/install/diagnostic_common_diagnostics:/home/rhitam/ros2_ws/install/diagnostic_updater:/home/rhitam/ros2_ws/install/diagnostic_remote_logging:/home/rhitam/ros2_ws/install/diagnostic_aggregator:/home/rhitam/ros2_ws/install/angles LD_LIBRARY_PATH=/home/rhitam/exoskeleton-v1/install/nmotion_transport_cpp/lib:${LD_LIBRARY_PATH} /usr/bin/cmake --build /home/rhitam/exoskeleton-v1/build/cubemars_v1_cpp -- -j20 -l20
[3.946s] Invoking command in '/home/rhitam/exoskeleton-v1/build/cubemars_v1_cpp': AMENT_PREFIX_PATH=/home/rhitam/exoskeleton-v1/install/nmotion_transport_cpp:${AMENT_PREFIX_PATH} CMAKE_PREFIX_PATH=/home/rhitam/exoskeleton-v1/install/nmotion_transport_cpp:/home/rhitam/ros2_ws/install/zed_ros2:/home/rhitam/ros2_ws/install/zed_robot_integration:/home/rhitam/ros2_ws/install/zed_ipc:/home/rhitam/ros2_ws/install/zed_multi_camera:/home/rhitam/ros2_ws/install/zed_display_rviz2:/home/rhitam/ros2_ws/install/zed_depth_to_laserscan:/home/rhitam/ros2_ws/install/zed_wrapper:/home/rhitam/ros2_ws/install/zed_tutorial_video:/home/rhitam/ros2_ws/install/zed_tutorial_pos_tracking:/home/rhitam/ros2_ws/install/zed_tutorial_depth:/home/rhitam/ros2_ws/install/zed_topic_benchmark:/home/rhitam/ros2_ws/install/zed_topic_benchmark_component:/home/rhitam/ros2_ws/install/zed_topic_benchmark_interfaces:/home/rhitam/ros2_ws/install/zed_rgb_convert:/home/rhitam/ros2_ws/install/zed_aruco_localization:/home/rhitam/ros2_ws/install/zed_components:/home/rhitam/ros2_ws/install/xacro:/home/rhitam/ros2_ws/install/tortoisebot_slam:/home/rhitam/ros2_ws/install/tortoisebot_navigation:/home/rhitam/ros2_ws/install/tortoisebot_gazebo:/home/rhitam/ros2_ws/install/tortoisebot_description:/home/rhitam/ros2_ws/install/tortoisebot_bringup:/home/rhitam/ros2_ws/install/diagnostics:/home/rhitam/ros2_ws/install/self_test:/home/rhitam/ros2_ws/install/rviz_plugin_zed_od:/home/rhitam/ros2_ws/install/rplidar_ros:/home/rhitam/ros2_ws/install/rosbridge_test_msgs:/home/rhitam/ros2_ws/install/rosbridge_suite:/home/rhitam/ros2_ws/install/rosbridge_server:/home/rhitam/ros2_ws/install/rosbridge_msgs:/home/rhitam/ros2_ws/install/rosapi:/home/rhitam/ros2_ws/install/rosbridge_library:/home/rhitam/ros2_ws/install/rosapi_msgs:/home/rhitam/ros2_ws/install/robot_localization:/home/rhitam/ros2_ws/install/nmea_msgs:/home/rhitam/ros2_ws/install/my_robot_navigation:/home/rhitam/exoskeleton-v1/install/nmotion_transport:/home/rhitam/exoskeleton-v1/install/cubemars_v1:/home/rhitam/ros2_ws/install/wit_ros2_imu:/home/rhitam/ros2_ws/install/my_robot:/home/rhitam/ros2_ws/install/my_package:/home/rhitam/ros2_ws/install/jsl:/home/rhitam/ros2_ws/install/encoder:/opt/ros/humble:/home/rhitam/ros2_ws/install/my_robot_description:/home/rhitam/ros2_ws/install/geographic_info:/home/rhitam/ros2_ws/install/geodesy:/home/rhitam/ros2_ws/install/geographic_msgs:/home/rhitam/ros2_ws/install/diagnostic_common_diagnostics:/home/rhitam/ros2_ws/install/diagnostic_updater:/home/rhitam/ros2_ws/install/diagnostic_remote_logging:/home/rhitam/ros2_ws/install/diagnostic_aggregator:/home/rhitam/ros2_ws/install/angles LD_LIBRARY_PATH=/home/rhitam/exoskeleton-v1/install/nmotion_transport_cpp/lib:${LD_LIBRARY_PATH} /usr/bin/cmake --install /home/rhitam/exoskeleton-v1/build/cubemars_v1_cpp
[3.953s] -- Install configuration: ""
[3.953s] -- Installing: /home/rhitam/exoskeleton-v1/install/cubemars_v1_cpp/lib/cubemars_v1_cpp/libcubemars_can_utils.a
[3.953s] -- Installing: /home/rhitam/exoskeleton-v1/install/cubemars_v1_cpp/lib/cubemars_v1_cpp/hip_const_pub
[3.954s] -- Set runtime path of "/home/rhitam/exoskeleton-v1/install/cubemars_v1_cpp/lib/cubemars_v1_cpp/hip_const_pub" to ""
[3.954s] -- Installing: /home/rhitam/exoskeleton-v1/install/cubemars_v1_cpp/lib/cubemars_v1_cpp/hip_cont_pub
[3.955s] -- Set runtime path of "/home/rhitam/exoskeleton-v1/install/cubemars_v1_cpp/lib/cubemars_v1_cpp/hip_cont_pub" to ""
[3.955s] -- Up-to-date: /home/rhitam/exoskeleton-v1/install/cubemars_v1_cpp/lib/cubemars_v1_cpp/hip_logger_sub
[3.955s] -- Up-to-date: /home/rhitam/exoskeleton-v1/install/cubemars_v1_cpp/lib/cubemars_v1_cpp/encoder_pub
[3.955s] -- Installing: /home/rhitam/exoskeleton-v1/install/cubemars_v1_cpp/lib/cubemars_v1_cpp/joint_traj_exec
[3.955s] -- Set runtime path of "/home/rhitam/exoskeleton-v1/install/cubemars_v1_cpp/lib/cubemars_v1_cpp/joint_traj_exec" to ""
[3.955s] -- Installing: /home/rhitam/exoskeleton-v1/install/cubemars_v1_cpp/lib/cubemars_v1_cpp/joint_traj_freq_analysis
[3.956s] -- Set runtime path of "/home/rhitam/exoskeleton-v1/install/cubemars_v1_cpp/lib/cubemars_v1_cpp/joint_traj_freq_analysis" to ""
[3.956s] -- Up-to-date: /home/rhitam/exoskeleton-v1/install/cubemars_v1_cpp/share/cubemars_v1_cpp/launch
[3.956s] -- Up-to-date: /home/rhitam/exoskeleton-v1/install/cubemars_v1_cpp/share/cubemars_v1_cpp/launch/hip_system.launch.py
[3.956s] -- Up-to-date: /home/rhitam/exoskeleton-v1/install/cubemars_v1_cpp/share/ament_index/resource_index/package_run_dependencies/cubemars_v1_cpp
[3.956s] -- Up-to-date: /home/rhitam/exoskeleton-v1/install/cubemars_v1_cpp/share/ament_index/resource_index/parent_prefix_path/cubemars_v1_cpp
[3.956s] -- Up-to-date: /home/rhitam/exoskeleton-v1/install/cubemars_v1_cpp/share/cubemars_v1_cpp/environment/ament_prefix_path.sh
[3.956s] -- Installing: /home/rhitam/exoskeleton-v1/install/cubemars_v1_cpp/share/cubemars_v1_cpp/environment/ament_prefix_path.dsv
[3.956s] -- Up-to-date: /home/rhitam/exoskeleton-v1/install/cubemars_v1_cpp/share/cubemars_v1_cpp/environment/path.sh
[3.956s] -- Installing: /home/rhitam/exoskeleton-v1/install/cubemars_v1_cpp/share/cubemars_v1_cpp/environment/path.dsv
[3.956s] -- Up-to-date: /home/rhitam/exoskeleton-v1/install/cubemars_v1_cpp/share/cubemars_v1_cpp/local_setup.bash
[3.956s] -- Up-to-date: /home/rhitam/exoskeleton-v1/install/cubemars_v1_cpp/share/cubemars_v1_cpp/local_setup.sh
[3.956s] -- Up-to-date: /home/rhitam/exoskeleton-v1/install/cubemars_v1_cpp/share/cubemars_v1_cpp/local_setup.zsh
[3.956s] -- Installing: /home/rhitam/exoskeleton-v1/install/cubemars_v1_cpp/share/cubemars_v1_cpp/local_setup.dsv
[3.956s] -- Installing: /home/rhitam/exoskeleton-v1/install/cubemars_v1_cpp/share/cubemars_v1_cpp/package.dsv
[3.956s] -- Up-to-date: /home/rhitam/exoskeleton-v1/install/cubemars_v1_cpp/share/ament_index/resource_index/packages/cubemars_v1_cpp
[3.956s] -- Up-to-date: /home/rhitam/exoskeleton-v1/install/cubemars_v1_cpp/share/cubemars_v1_cpp/cmake/cubemars_v1_cppConfig.cmake
[3.956s] -- Up-to-date: /home/rhitam/exoskeleton-v1/install/cubemars_v1_cpp/share/cubemars_v1_cpp/cmake/cubemars_v1_cppConfig-version.cmake
[3.956s] -- Up-to-date: /home/rhitam/exoskeleton-v1/install/cubemars_v1_cpp/share/cubemars_v1_cpp/package.xml
[3.957s] Invoked command in '/home/rhitam/exoskeleton-v1/build/cubemars_v1_cpp' returned '0': AMENT_PREFIX_PATH=/home/rhitam/exoskeleton-v1/install/nmotion_transport_cpp:${AMENT_PREFIX_PATH} CMAKE_PREFIX_PATH=/home/rhitam/exoskeleton-v1/install/nmotion_transport_cpp:/home/rhitam/ros2_ws/install/zed_ros2:/home/rhitam/ros2_ws/install/zed_robot_integration:/home/rhitam/ros2_ws/install/zed_ipc:/home/rhitam/ros2_ws/install/zed_multi_camera:/home/rhitam/ros2_ws/install/zed_display_rviz2:/home/rhitam/ros2_ws/install/zed_depth_to_laserscan:/home/rhitam/ros2_ws/install/zed_wrapper:/home/rhitam/ros2_ws/install/zed_tutorial_video:/home/rhitam/ros2_ws/install/zed_tutorial_pos_tracking:/home/rhitam/ros2_ws/install/zed_tutorial_depth:/home/rhitam/ros2_ws/install/zed_topic_benchmark:/home/rhitam/ros2_ws/install/zed_topic_benchmark_component:/home/rhitam/ros2_ws/install/zed_topic_benchmark_interfaces:/home/rhitam/ros2_ws/install/zed_rgb_convert:/home/rhitam/ros2_ws/install/zed_aruco_localization:/home/rhitam/ros2_ws/install/zed_components:/home/rhitam/ros2_ws/install/xacro:/home/rhitam/ros2_ws/install/tortoisebot_slam:/home/rhitam/ros2_ws/install/tortoisebot_navigation:/home/rhitam/ros2_ws/install/tortoisebot_gazebo:/home/rhitam/ros2_ws/install/tortoisebot_description:/home/rhitam/ros2_ws/install/tortoisebot_bringup:/home/rhitam/ros2_ws/install/diagnostics:/home/rhitam/ros2_ws/install/self_test:/home/rhitam/ros2_ws/install/rviz_plugin_zed_od:/home/rhitam/ros2_ws/install/rplidar_ros:/home/rhitam/ros2_ws/install/rosbridge_test_msgs:/home/rhitam/ros2_ws/install/rosbridge_suite:/home/rhitam/ros2_ws/install/rosbridge_server:/home/rhitam/ros2_ws/install/rosbridge_msgs:/home/rhitam/ros2_ws/install/rosapi:/home/rhitam/ros2_ws/install/rosbridge_library:/home/rhitam/ros2_ws/install/rosapi_msgs:/home/rhitam/ros2_ws/install/robot_localization:/home/rhitam/ros2_ws/install/nmea_msgs:/home/rhitam/ros2_ws/install/my_robot_navigation:/home/rhitam/exoskeleton-v1/install/nmotion_transport:/home/rhitam/exoskeleton-v1/install/cubemars_v1:/home/rhitam/ros2_ws/install/wit_ros2_imu:/home/rhitam/ros2_ws/install/my_robot:/home/rhitam/ros2_ws/install/my_package:/home/rhitam/ros2_ws/install/jsl:/home/rhitam/ros2_ws/install/encoder:/opt/ros/humble:/home/rhitam/ros2_ws/install/my_robot_description:/home/rhitam/ros2_ws/install/geographic_info:/home/rhitam/ros2_ws/install/geodesy:/home/rhitam/ros2_ws/install/geographic_msgs:/home/rhitam/ros2_ws/install/diagnostic_common_diagnostics:/home/rhitam/ros2_ws/install/diagnostic_updater:/home/rhitam/ros2_ws/install/diagnostic_remote_logging:/home/rhitam/ros2_ws/install/diagnostic_aggregator:/home/rhitam/ros2_ws/install/angles LD_LIBRARY_PATH=/home/rhitam/exoskeleton-v1/install/nmotion_transport_cpp/lib:${LD_LIBRARY_PATH} /usr/bin/cmake --install /home/rhitam/exoskeleton-v1/build/cubemars_v1_cpp
