/home/rhitam/exoskeleton-v1/install/cubemars_v1/lib/python3.10/site-packages/cubemars_v1/hip_continous_pub.py
/home/rhitam/exoskeleton-v1/install/cubemars_v1/lib/python3.10/site-packages/cubemars_v1/encoder_hip_pub.py
/home/rhitam/exoskeleton-v1/install/cubemars_v1/lib/python3.10/site-packages/cubemars_v1/hip_logger_sub.py
/home/rhitam/exoskeleton-v1/install/cubemars_v1/lib/python3.10/site-packages/cubemars_v1/hip_constant_pub.py
/home/rhitam/exoskeleton-v1/install/cubemars_v1/lib/python3.10/site-packages/cubemars_v1/__init__.py
/home/rhitam/exoskeleton-v1/install/cubemars_v1/lib/python3.10/site-packages/cubemars_v1/joint_trajectory_exec.py
/home/rhitam/exoskeleton-v1/install/cubemars_v1/lib/python3.10/site-packages/cubemars_v1/__pycache__/hip_continous_pub.cpython-310.pyc
/home/rhitam/exoskeleton-v1/install/cubemars_v1/lib/python3.10/site-packages/cubemars_v1/__pycache__/encoder_hip_pub.cpython-310.pyc
/home/rhitam/exoskeleton-v1/install/cubemars_v1/lib/python3.10/site-packages/cubemars_v1/__pycache__/hip_logger_sub.cpython-310.pyc
/home/rhitam/exoskeleton-v1/install/cubemars_v1/lib/python3.10/site-packages/cubemars_v1/__pycache__/hip_constant_pub.cpython-310.pyc
/home/rhitam/exoskeleton-v1/install/cubemars_v1/lib/python3.10/site-packages/cubemars_v1/__pycache__/__init__.cpython-310.pyc
/home/rhitam/exoskeleton-v1/install/cubemars_v1/lib/python3.10/site-packages/cubemars_v1/__pycache__/joint_trajectory_exec.cpython-310.pyc
/home/rhitam/exoskeleton-v1/install/cubemars_v1/share/ament_index/resource_index/packages/cubemars_v1
/home/rhitam/exoskeleton-v1/install/cubemars_v1/share/cubemars_v1/package.xml
/home/rhitam/exoskeleton-v1/install/cubemars_v1/share/cubemars_v1/launch/hip_system.launch.py
/home/rhitam/exoskeleton-v1/install/cubemars_v1/share/cubemars_v1/data/anikait_hip_knee_angles.xlsx
/home/rhitam/exoskeleton-v1/install/cubemars_v1/lib/python3.10/site-packages/cubemars_v1-0.0.0-py3.10.egg-info/requires.txt
/home/rhitam/exoskeleton-v1/install/cubemars_v1/lib/python3.10/site-packages/cubemars_v1-0.0.0-py3.10.egg-info/zip-safe
/home/rhitam/exoskeleton-v1/install/cubemars_v1/lib/python3.10/site-packages/cubemars_v1-0.0.0-py3.10.egg-info/SOURCES.txt
/home/rhitam/exoskeleton-v1/install/cubemars_v1/lib/python3.10/site-packages/cubemars_v1-0.0.0-py3.10.egg-info/top_level.txt
/home/rhitam/exoskeleton-v1/install/cubemars_v1/lib/python3.10/site-packages/cubemars_v1-0.0.0-py3.10.egg-info/entry_points.txt
/home/rhitam/exoskeleton-v1/install/cubemars_v1/lib/python3.10/site-packages/cubemars_v1-0.0.0-py3.10.egg-info/dependency_links.txt
/home/rhitam/exoskeleton-v1/install/cubemars_v1/lib/python3.10/site-packages/cubemars_v1-0.0.0-py3.10.egg-info/PKG-INFO
/home/rhitam/exoskeleton-v1/install/cubemars_v1/lib/cubemars_v1/encoder_pub
/home/rhitam/exoskeleton-v1/install/cubemars_v1/lib/cubemars_v1/hip_const_pub
/home/rhitam/exoskeleton-v1/install/cubemars_v1/lib/cubemars_v1/hip_cont_pub
/home/rhitam/exoskeleton-v1/install/cubemars_v1/lib/cubemars_v1/hip_logger_sub
/home/rhitam/exoskeleton-v1/install/cubemars_v1/lib/cubemars_v1/joint_traj_exec
